#
# There is insufficient memory for the Java Runtime Environment to continue.
# Native memory allocation (mmap) failed to map 264241152 bytes for G1 virtual space
# Possible reasons:
#   The system is out of physical RAM or swap space
#   The process is running with CompressedOops enabled, and the Java Heap may be blocking the growth of the native heap
# Possible solutions:
#   Reduce memory load on the system
#   Increase physical memory or swap space
#   Check if swap backing store is full
#   Decrease Java heap size (-Xmx/-Xms)
#   Decrease number of Java threads
#   Decrease Java thread stack sizes (-Xss)
#   Set larger code cache with -XX:ReservedCodeCacheSize=
#   JVM is running with Unscaled Compressed Oops mode in which the Java heap is
#     placed in the first 4GB address space. The Java Heap base address is the
#     maximum limit for the native heap growth. Please use -XX:HeapBaseMinAddress
#     to set the Java Heap base and to place the Java Heap above 4GB virtual address.
# This output file may be truncated or incomplete.
#
#  Out of Memory Error (os_windows.cpp:3532), pid=27528, tid=16176
#
# JRE version: OpenJDK Runtime Environment Temurin-17.0.2+8 (17.0.2+8) (build 17.0.2+8)
# Java VM: OpenJDK 64-Bit Server VM Temurin-17.0.2+8 (17.0.2+8, mixed mode, tiered, compressed oops, compressed class ptrs, g1 gc, windows-amd64)
# No core dump will be written. Minidumps are not enabled by default on client versions of Windows
#

---------------  S U M M A R Y ------------

Command Line: -Dfile.encoding=Cp1252 --module-path=C:\Users\Azzaya\Pictures\Screenshots\HotelLuton\libs\mysql-connector-java-8.0.28.jar;C:\Users\Azzaya\Pictures\Screenshots\HotelLuton\libs\jdatepicker-1.3.4.jar;C:\Users\Azzaya\Pictures\Screenshots\HotelLuton\libs\jcalendar-1.4.jar -XX:+ShowCodeDetailsInExceptionMessages Receptionist.receptionist_Dash

Host: AMD Ryzen 5 4600H with Radeon Graphics         , 12 cores, 7G,  Windows 10 , 64 bit Build 19041 (10.0.19041.1706)
Time: Wed May 25 23:32:24 2022 Syria Daylight Time elapsed time: 49.191273 seconds (0d 0h 0m 49s)

---------------  T H R E A D  ---------------

Current thread (0x000001ef3174eca0):  VMThread "VM Thread" [stack: 0x0000000e01c00000,0x0000000e01d00000] [id=16176]

Stack: [0x0000000e01c00000,0x0000000e01d00000]
Native frames: (J=compiled Java code, j=interpreted, Vv=VM code, C=native code)
V  [jvm.dll+0x67564a]
V  [jvm.dll+0x82fc04]
V  [jvm.dll+0x8313ae]
V  [jvm.dll+0x831a13]
V  [jvm.dll+0x245235]
V  [jvm.dll+0x672539]
V  [jvm.dll+0x666e82]
V  [jvm.dll+0x30401b]
V  [jvm.dll+0x30b566]
V  [jvm.dll+0x35b1fe]
V  [jvm.dll+0x35b42f]
V  [jvm.dll+0x2daf58]
V  [jvm.dll+0x2d920c]
V  [jvm.dll+0x2d87dc]
V  [jvm.dll+0x31c61b]
V  [jvm.dll+0x835ebb]
V  [jvm.dll+0x836bf4]
V  [jvm.dll+0x83710c]
V  [jvm.dll+0x8374e4]
V  [jvm.dll+0x8375b0]
V  [jvm.dll+0x7dff2a]
V  [jvm.dll+0x6744d5]
C  [ucrtbase.dll+0x21bb2]
C  [KERNEL32.DLL+0x17034]
C  [ntdll.dll+0x52651]

VM_Operation (0x0000000e02dfe170): G1CollectForAllocation, mode: safepoint, requested by thread 0x000001ef32c7bb30


---------------  P R O C E S S  ---------------

Threads class SMR info:
_java_thread_list=0x000001ef3ae6f520, length=20, elements={
0x000001ef317bd230, 0x000001ef317bd860, 0x000001ef317e5030, 0x000001ef317e55f0,
0x000001ef317e5bb0, 0x000001ef317e6170, 0x000001ef317fff60, 0x000001ef31808860,
0x000001ef3240c870, 0x000001ef324fc570, 0x000001ef3272dc20, 0x000001ef32935010,
0x000001ef329354e0, 0x000001ef32935dc0, 0x000001ef3a8bb020, 0x000001ef32c7c9a0,
0x000001ef32c7eb50, 0x000001ef32c7d810, 0x000001ef32c7dce0, 0x000001ef32c7bb30
}

Java Threads: ( => current thread )
  0x000001ef317bd230 JavaThread "Reference Handler" daemon [_thread_blocked, id=24704, stack(0x0000000e01d00000,0x0000000e01e00000)]
  0x000001ef317bd860 JavaThread "Finalizer" daemon [_thread_blocked, id=27008, stack(0x0000000e01e00000,0x0000000e01f00000)]
  0x000001ef317e5030 JavaThread "Signal Dispatcher" daemon [_thread_blocked, id=13992, stack(0x0000000e01f00000,0x0000000e02000000)]
  0x000001ef317e55f0 JavaThread "Attach Listener" daemon [_thread_blocked, id=7740, stack(0x0000000e02000000,0x0000000e02100000)]
  0x000001ef317e5bb0 JavaThread "Service Thread" daemon [_thread_blocked, id=30488, stack(0x0000000e02100000,0x0000000e02200000)]
  0x000001ef317e6170 JavaThread "Monitor Deflation Thread" daemon [_thread_blocked, id=30728, stack(0x0000000e02200000,0x0000000e02300000)]
  0x000001ef317fff60 JavaThread "C2 CompilerThread0" daemon [_thread_blocked, id=7420, stack(0x0000000e02300000,0x0000000e02400000)]
  0x000001ef31808860 JavaThread "C1 CompilerThread0" daemon [_thread_blocked, id=31640, stack(0x0000000e02400000,0x0000000e02500000)]
  0x000001ef3240c870 JavaThread "Sweeper thread" daemon [_thread_blocked, id=19860, stack(0x0000000e02500000,0x0000000e02600000)]
  0x000001ef324fc570 JavaThread "Common-Cleaner" daemon [_thread_blocked, id=12928, stack(0x0000000e02600000,0x0000000e02700000)]
  0x000001ef3272dc20 JavaThread "Notification Thread" daemon [_thread_blocked, id=8180, stack(0x0000000e02700000,0x0000000e02800000)]
  0x000001ef32935010 JavaThread "Java2D Disposer" daemon [_thread_blocked, id=22580, stack(0x0000000e02900000,0x0000000e02a00000)]
  0x000001ef329354e0 JavaThread "AWT-Shutdown" [_thread_blocked, id=17852, stack(0x0000000e02a00000,0x0000000e02b00000)]
  0x000001ef32935dc0 JavaThread "AWT-Windows" daemon [_thread_in_native, id=27108, stack(0x0000000e02b00000,0x0000000e02c00000)]
  0x000001ef3a8bb020 JavaThread "TimerQueue" daemon [_thread_blocked, id=21248, stack(0x0000000e03700000,0x0000000e03800000)]
  0x000001ef32c7c9a0 JavaThread "AWT-EventQueue-0" [_thread_blocked, id=5580, stack(0x0000000e03800000,0x0000000e03900000)]
  0x000001ef32c7eb50 JavaThread "mysql-cj-abandoned-connection-cleanup" daemon [_thread_blocked, id=27004, stack(0x0000000e04100000,0x0000000e04200000)]
  0x000001ef32c7d810 JavaThread "D3D Screen Updater" daemon [_thread_blocked, id=27248, stack(0x0000000e04500000,0x0000000e04600000)]
  0x000001ef32c7dce0 JavaThread "DestroyJavaVM" [_thread_blocked, id=17220, stack(0x0000000e01600000,0x0000000e01700000)]
  0x000001ef32c7bb30 JavaThread "Image Fetcher 0" daemon [_thread_blocked, id=3544, stack(0x0000000e02d00000,0x0000000e02e00000)]

Other Threads:
=>0x000001ef3174eca0 VMThread "VM Thread" [stack: 0x0000000e01c00000,0x0000000e01d00000] [id=16176]
  0x000001ef3272e0f0 WatcherThread [stack: 0x0000000e02800000,0x0000000e02900000] [id=32528]
  0x000001ef17978200 GCTaskThread "GC Thread#0" [stack: 0x0000000e01700000,0x0000000e01800000] [id=32508]
  0x000001ef3a982b70 GCTaskThread "GC Thread#1" [stack: 0x0000000e03900000,0x0000000e03a00000] [id=31380]
  0x000001ef3a982e20 GCTaskThread "GC Thread#2" [stack: 0x0000000e03a00000,0x0000000e03b00000] [id=13052]
  0x000001ef3aa21a80 GCTaskThread "GC Thread#3" [stack: 0x0000000e03b00000,0x0000000e03c00000] [id=33336]
  0x000001ef3aa21d30 GCTaskThread "GC Thread#4" [stack: 0x0000000e03c00000,0x0000000e03d00000] [id=17956]
  0x000001ef3aa21fe0 GCTaskThread "GC Thread#5" [stack: 0x0000000e03d00000,0x0000000e03e00000] [id=23264]
  0x000001ef3aa65090 GCTaskThread "GC Thread#6" [stack: 0x0000000e03e00000,0x0000000e03f00000] [id=26280]
  0x000001ef3aa67e80 GCTaskThread "GC Thread#7" [stack: 0x0000000e03f00000,0x0000000e04000000] [id=28668]
  0x000001ef3aa67920 GCTaskThread "GC Thread#8" [stack: 0x0000000e04000000,0x0000000e04100000] [id=23136]
  0x000001ef3aa66900 GCTaskThread "GC Thread#9" [stack: 0x0000000e04200000,0x0000000e04300000] [id=32104]
  0x000001ef17989560 ConcurrentGCThread "G1 Main Marker" [stack: 0x0000000e01800000,0x0000000e01900000] [id=23608]
  0x000001ef1798a710 ConcurrentGCThread "G1 Conc#0" [stack: 0x0000000e01900000,0x0000000e01a00000] [id=26644]
  0x000001ef3aa66bb0 ConcurrentGCThread "G1 Conc#1" [stack: 0x0000000e04300000,0x0000000e04400000] [id=32232]
  0x000001ef3aa663a0 ConcurrentGCThread "G1 Conc#2" [stack: 0x0000000e04400000,0x0000000e04500000] [id=572]
  0x000001ef17a10880 ConcurrentGCThread "G1 Refine#0" [stack: 0x0000000e01a00000,0x0000000e01b00000] [id=2852]
  0x000001ef17a10eb0 ConcurrentGCThread "G1 Service" [stack: 0x0000000e01b00000,0x0000000e01c00000] [id=13264]

Threads with active compile tasks:

VM state: at safepoint (normal execution)

VM Mutex/Monitor currently owned by a thread:  ([mutex/lock_event])
[0x000001ef17935c40] Threads_lock - owner thread: 0x000001ef3174eca0
[0x000001ef17936ae0] Heap_lock - owner thread: 0x000001ef32c7bb30

Heap address: 0x000000008a000000, size: 1888 MB, Compressed Oops mode: 32-bit

CDS archive(s) not mapped
Compressed class space mapped at: 0x0000000100000000-0x0000000140000000, reserved size: 1073741824
Narrow klass base: 0x0000000000000000, Narrow klass shift: 3, Narrow klass range: 0x140000000

GC Precious Log:
 CPUs: 12 total, 12 available
 Memory: 7549M
 Large Page Support: Disabled
 NUMA Support: Disabled
 Compressed Oops: Enabled (32-bit)
 Heap Region Size: 1M
 Heap Min Capacity: 8M
 Heap Initial Capacity: 118M
 Heap Max Capacity: 1888M
 Pre-touch: Disabled
 Parallel Workers: 10
 Concurrent Workers: 3
 Concurrent Refinement Workers: 10
 Periodic GC: Disabled

Heap:
 garbage-first heap   total 312320K, used 185999K [0x000000008a000000, 0x0000000100000000)
  region size 1024K, 1 young (1024K), 1 survivors (1024K)
 Metaspace       used 25411K, committed 25600K, reserved 1073152K
  class space    used 2589K, committed 2688K, reserved 1048576K

Heap Regions: E=young(eden), S=young(survivor), O=old, HS=humongous(starts), HC=humongous(continues), CS=collection set, F=free, OA=open archive, CA=closed archive, TAMS=top-at-mark-start (previous, next)
|   0|0x000000008a000000, 0x000000008a100000, 0x000000008a100000|100%|HS|  |TAMS 0x000000008a100000, 0x000000008a000000| Complete 
|   1|0x000000008a100000, 0x000000008a200000, 0x000000008a200000|100%|HC|  |TAMS 0x000000008a200000, 0x000000008a100000| Complete 
|   2|0x000000008a200000, 0x000000008a300000, 0x000000008a300000|100%|HC|  |TAMS 0x000000008a300000, 0x000000008a200000| Complete 
|   3|0x000000008a300000, 0x000000008a400000, 0x000000008a400000|100%|HC|  |TAMS 0x000000008a400000, 0x000000008a300000| Complete 
|   4|0x000000008a400000, 0x000000008a500000, 0x000000008a500000|100%|HC|  |TAMS 0x000000008a500000, 0x000000008a400000| Complete 
|   5|0x000000008a500000, 0x000000008a600000, 0x000000008a600000|100%|HC|  |TAMS 0x000000008a600000, 0x000000008a500000| Complete 
|   6|0x000000008a600000, 0x000000008a700000, 0x000000008a700000|100%|HC|  |TAMS 0x000000008a700000, 0x000000008a600000| Complete 
|   7|0x000000008a700000, 0x000000008a800000, 0x000000008a800000|100%|HC|  |TAMS 0x000000008a800000, 0x000000008a700000| Complete 
|   8|0x000000008a800000, 0x000000008a900000, 0x000000008a900000|100%|HC|  |TAMS 0x000000008a900000, 0x000000008a800000| Complete 
|   9|0x000000008a900000, 0x000000008aa00000, 0x000000008aa00000|100%|HC|  |TAMS 0x000000008aa00000, 0x000000008a900000| Complete 
|  10|0x000000008aa00000, 0x000000008ab00000, 0x000000008ab00000|100%| O|  |TAMS 0x000000008ab00000, 0x000000008aa00000| Untracked 
|  11|0x000000008ab00000, 0x000000008ac00000, 0x000000008ac00000|100%|HS|  |TAMS 0x000000008ac00000, 0x000000008ab00000| Complete 
|  12|0x000000008ac00000, 0x000000008ad00000, 0x000000008ad00000|100%|HC|  |TAMS 0x000000008ad00000, 0x000000008ac00000| Complete 
|  13|0x000000008ad00000, 0x000000008ae00000, 0x000000008ae00000|100%|HS|  |TAMS 0x000000008ae00000, 0x000000008ad00000| Complete 
|  14|0x000000008ae00000, 0x000000008af00000, 0x000000008af00000|100%| O|  |TAMS 0x000000008af00000, 0x000000008ae00000| Untracked 
|  15|0x000000008af00000, 0x000000008b000000, 0x000000008b000000|100%| O|  |TAMS 0x000000008b000000, 0x000000008af00000| Untracked 
|  16|0x000000008b000000, 0x000000008b000000, 0x000000008b100000|  0%| F|  |TAMS 0x000000008b000000, 0x000000008b000000| Untracked 
|  17|0x000000008b100000, 0x000000008b200000, 0x000000008b200000|100%|HS|  |TAMS 0x000000008b200000, 0x000000008b100000| Complete 
|  18|0x000000008b200000, 0x000000008b300000, 0x000000008b300000|100%|HC|  |TAMS 0x000000008b300000, 0x000000008b200000| Complete 
|  19|0x000000008b300000, 0x000000008b400000, 0x000000008b400000|100%|HC|  |TAMS 0x000000008b400000, 0x000000008b300000| Complete 
|  20|0x000000008b400000, 0x000000008b500000, 0x000000008b500000|100%|HC|  |TAMS 0x000000008b500000, 0x000000008b400000| Complete 
|  21|0x000000008b500000, 0x000000008b600000, 0x000000008b600000|100%|HC|  |TAMS 0x000000008b600000, 0x000000008b500000| Complete 
|  22|0x000000008b600000, 0x000000008b700000, 0x000000008b700000|100%|HS|  |TAMS 0x000000008b700000, 0x000000008b600000| Complete 
|  23|0x000000008b700000, 0x000000008b800000, 0x000000008b800000|100%|HC|  |TAMS 0x000000008b800000, 0x000000008b700000| Complete 
|  24|0x000000008b800000, 0x000000008b900000, 0x000000008b900000|100%|HC|  |TAMS 0x000000008b900000, 0x000000008b800000| Complete 
|  25|0x000000008b900000, 0x000000008ba00000, 0x000000008ba00000|100%|HC|  |TAMS 0x000000008ba00000, 0x000000008b900000| Complete 
|  26|0x000000008ba00000, 0x000000008bb00000, 0x000000008bb00000|100%|HC|  |TAMS 0x000000008bb00000, 0x000000008ba00000| Complete 
|  27|0x000000008bb00000, 0x000000008bc00000, 0x000000008bc00000|100%|HC|  |TAMS 0x000000008bc00000, 0x000000008bb00000| Complete 
|  28|0x000000008bc00000, 0x000000008bd00000, 0x000000008bd00000|100%|HS|  |TAMS 0x000000008bd00000, 0x000000008bc00000| Complete 
|  29|0x000000008bd00000, 0x000000008be00000, 0x000000008be00000|100%|HC|  |TAMS 0x000000008be00000, 0x000000008bd00000| Complete 
|  30|0x000000008be00000, 0x000000008bf00000, 0x000000008bf00000|100%|HC|  |TAMS 0x000000008bf00000, 0x000000008be00000| Complete 
|  31|0x000000008bf00000, 0x000000008c000000, 0x000000008c000000|100%|HC|  |TAMS 0x000000008c000000, 0x000000008bf00000| Complete 
|  32|0x000000008c000000, 0x000000008c100000, 0x000000008c100000|100%|HC|  |TAMS 0x000000008c100000, 0x000000008c000000| Complete 
|  33|0x000000008c100000, 0x000000008c200000, 0x000000008c200000|100%| O|  |TAMS 0x000000008c200000, 0x000000008c100000| Untracked 
|  34|0x000000008c200000, 0x000000008c300000, 0x000000008c300000|100%| O|  |TAMS 0x000000008c300000, 0x000000008c200000| Untracked 
|  35|0x000000008c300000, 0x000000008c400000, 0x000000008c400000|100%| O|  |TAMS 0x000000008c400000, 0x000000008c300000| Untracked 
|  36|0x000000008c400000, 0x000000008c500000, 0x000000008c500000|100%| O|  |TAMS 0x000000008c500000, 0x000000008c400000| Untracked 
|  37|0x000000008c500000, 0x000000008c5e9600, 0x000000008c600000| 91%| O|  |TAMS 0x000000008c5e9600, 0x000000008c500000| Untracked 
|  38|0x000000008c600000, 0x000000008c700000, 0x000000008c700000|100%|HS|  |TAMS 0x000000008c700000, 0x000000008c600000| Complete 
|  39|0x000000008c700000, 0x000000008c800000, 0x000000008c800000|100%|HC|  |TAMS 0x000000008c800000, 0x000000008c700000| Complete 
|  40|0x000000008c800000, 0x000000008c900000, 0x000000008c900000|100%|HC|  |TAMS 0x000000008c900000, 0x000000008c800000| Complete 
|  41|0x000000008c900000, 0x000000008ca00000, 0x000000008ca00000|100%|HC|  |TAMS 0x000000008ca00000, 0x000000008c900000| Complete 
|  42|0x000000008ca00000, 0x000000008cb00000, 0x000000008cb00000|100%|HC|  |TAMS 0x000000008cb00000, 0x000000008ca00000| Complete 
|  43|0x000000008cb00000, 0x000000008cc00000, 0x000000008cc00000|100%|HC|  |TAMS 0x000000008cc00000, 0x000000008cb00000| Complete 
|  44|0x000000008cc00000, 0x000000008cc00000, 0x000000008cd00000|  0%| F|  |TAMS 0x000000008cc00000, 0x000000008cc00000| Untracked 
|  45|0x000000008cd00000, 0x000000008cd00000, 0x000000008ce00000|  0%| F|  |TAMS 0x000000008cd00000, 0x000000008cd00000| Untracked 
|  46|0x000000008ce00000, 0x000000008ce00000, 0x000000008cf00000|  0%| F|  |TAMS 0x000000008ce00000, 0x000000008ce00000| Untracked 
|  47|0x000000008cf00000, 0x000000008cf00000, 0x000000008d000000|  0%| F|  |TAMS 0x000000008cf00000, 0x000000008cf00000| Untracked 
|  48|0x000000008d000000, 0x000000008d000000, 0x000000008d100000|  0%| F|  |TAMS 0x000000008d000000, 0x000000008d000000| Untracked 
|  49|0x000000008d100000, 0x000000008d100000, 0x000000008d200000|  0%| F|  |TAMS 0x000000008d100000, 0x000000008d100000| Untracked 
|  50|0x000000008d200000, 0x000000008d200000, 0x000000008d300000|  0%| F|  |TAMS 0x000000008d200000, 0x000000008d200000| Untracked 
|  51|0x000000008d300000, 0x000000008d300000, 0x000000008d400000|  0%| F|  |TAMS 0x000000008d300000, 0x000000008d300000| Untracked 
|  52|0x000000008d400000, 0x000000008d400000, 0x000000008d500000|  0%| F|  |TAMS 0x000000008d400000, 0x000000008d400000| Untracked 
|  53|0x000000008d500000, 0x000000008d500000, 0x000000008d600000|  0%| F|  |TAMS 0x000000008d500000, 0x000000008d500000| Untracked 
|  54|0x000000008d600000, 0x000000008d600000, 0x000000008d700000|  0%| F|  |TAMS 0x000000008d600000, 0x000000008d600000| Untracked 
|  55|0x000000008d700000, 0x000000008d700000, 0x000000008d800000|  0%| F|  |TAMS 0x000000008d700000, 0x000000008d700000| Untracked 
|  56|0x000000008d800000, 0x000000008d800000, 0x000000008d900000|  0%| F|  |TAMS 0x000000008d800000, 0x000000008d800000| Untracked 
|  57|0x000000008d900000, 0x000000008d900000, 0x000000008da00000|  0%| F|  |TAMS 0x000000008d900000, 0x000000008d900000| Untracked 
|  58|0x000000008da00000, 0x000000008da00000, 0x000000008db00000|  0%| F|  |TAMS 0x000000008da00000, 0x000000008da00000| Untracked 
|  59|0x000000008db00000, 0x000000008db00000, 0x000000008dc00000|  0%| F|  |TAMS 0x000000008db00000, 0x000000008db00000| Untracked 
|  60|0x000000008dc00000, 0x000000008dc00000, 0x000000008dd00000|  0%| F|  |TAMS 0x000000008dc00000, 0x000000008dc00000| Untracked 
|  61|0x000000008dd00000, 0x000000008dd00000, 0x000000008de00000|  0%| F|  |TAMS 0x000000008dd00000, 0x000000008dd00000| Untracked 
|  62|0x000000008de00000, 0x000000008de00000, 0x000000008df00000|  0%| F|  |TAMS 0x000000008de00000, 0x000000008de00000| Untracked 
|  63|0x000000008df00000, 0x000000008df00000, 0x000000008e000000|  0%| F|  |TAMS 0x000000008df00000, 0x000000008df00000| Untracked 
|  64|0x000000008e000000, 0x000000008e000000, 0x000000008e100000|  0%| F|  |TAMS 0x000000008e000000, 0x000000008e000000| Untracked 
|  65|0x000000008e100000, 0x000000008e100000, 0x000000008e200000|  0%| F|  |TAMS 0x000000008e100000, 0x000000008e100000| Untracked 
|  66|0x000000008e200000, 0x000000008e200000, 0x000000008e300000|  0%| F|  |TAMS 0x000000008e200000, 0x000000008e200000| Untracked 
|  67|0x000000008e300000, 0x000000008e300000, 0x000000008e400000|  0%| F|  |TAMS 0x000000008e300000, 0x000000008e300000| Untracked 
|  68|0x000000008e400000, 0x000000008e400000, 0x000000008e500000|  0%| F|  |TAMS 0x000000008e400000, 0x000000008e400000| Untracked 
|  69|0x000000008e500000, 0x000000008e600000, 0x000000008e600000|100%|HS|  |TAMS 0x000000008e500000, 0x000000008e500000| Complete 
|  70|0x000000008e600000, 0x000000008e700000, 0x000000008e700000|100%|HC|  |TAMS 0x000000008e600000, 0x000000008e600000| Complete 
|  71|0x000000008e700000, 0x000000008e800000, 0x000000008e800000|100%|HC|  |TAMS 0x000000008e700000, 0x000000008e700000| Complete 
|  72|0x000000008e800000, 0x000000008e900000, 0x000000008e900000|100%|HC|  |TAMS 0x000000008e800000, 0x000000008e800000| Complete 
|  73|0x000000008e900000, 0x000000008ea00000, 0x000000008ea00000|100%|HC|  |TAMS 0x000000008e900000, 0x000000008e900000| Complete 
|  74|0x000000008ea00000, 0x000000008eb00000, 0x000000008eb00000|100%|HC|  |TAMS 0x000000008ea00000, 0x000000008ea00000| Complete 
|  75|0x000000008eb00000, 0x000000008ec00000, 0x000000008ec00000|100%|HC|  |TAMS 0x000000008eb00000, 0x000000008eb00000| Complete 
|  76|0x000000008ec00000, 0x000000008ed00000, 0x000000008ed00000|100%|HC|  |TAMS 0x000000008ec00000, 0x000000008ec00000| Complete 
|  77|0x000000008ed00000, 0x000000008ee00000, 0x000000008ee00000|100%|HC|  |TAMS 0x000000008ed00000, 0x000000008ed00000| Complete 
|  78|0x000000008ee00000, 0x000000008ef00000, 0x000000008ef00000|100%|HC|  |TAMS 0x000000008ee00000, 0x000000008ee00000| Complete 
|  79|0x000000008ef00000, 0x000000008f000000, 0x000000008f000000|100%|HC|  |TAMS 0x000000008ef00000, 0x000000008ef00000| Complete 
|  80|0x000000008f000000, 0x000000008f100000, 0x000000008f100000|100%|HC|  |TAMS 0x000000008f000000, 0x000000008f000000| Complete 
|  81|0x000000008f100000, 0x000000008f200000, 0x000000008f200000|100%|HC|  |TAMS 0x000000008f100000, 0x000000008f100000| Complete 
|  82|0x000000008f200000, 0x000000008f300000, 0x000000008f300000|100%|HC|  |TAMS 0x000000008f200000, 0x000000008f200000| Complete 
|  83|0x000000008f300000, 0x000000008f400000, 0x000000008f400000|100%|HC|  |TAMS 0x000000008f300000, 0x000000008f300000| Complete 
|  84|0x000000008f400000, 0x000000008f500000, 0x000000008f500000|100%|HC|  |TAMS 0x000000008f400000, 0x000000008f400000| Complete 
|  85|0x000000008f500000, 0x000000008f600000, 0x000000008f600000|100%|HC|  |TAMS 0x000000008f500000, 0x000000008f500000| Complete 
|  86|0x000000008f600000, 0x000000008f700000, 0x000000008f700000|100%|HC|  |TAMS 0x000000008f600000, 0x000000008f600000| Complete 
|  87|0x000000008f700000, 0x000000008f800000, 0x000000008f800000|100%|HC|  |TAMS 0x000000008f700000, 0x000000008f700000| Complete 
|  88|0x000000008f800000, 0x000000008f900000, 0x000000008f900000|100%|HC|  |TAMS 0x000000008f800000, 0x000000008f800000| Complete 
|  89|0x000000008f900000, 0x000000008fa00000, 0x000000008fa00000|100%|HC|  |TAMS 0x000000008f900000, 0x000000008f900000| Complete 
|  90|0x000000008fa00000, 0x000000008fb00000, 0x000000008fb00000|100%|HC|  |TAMS 0x000000008fa00000, 0x000000008fa00000| Complete 
|  91|0x000000008fb00000, 0x000000008fc00000, 0x000000008fc00000|100%|HC|  |TAMS 0x000000008fb00000, 0x000000008fb00000| Complete 
|  92|0x000000008fc00000, 0x000000008fd00000, 0x000000008fd00000|100%|HC|  |TAMS 0x000000008fc00000, 0x000000008fc00000| Complete 
|  93|0x000000008fd00000, 0x000000008fe00000, 0x000000008fe00000|100%|HC|  |TAMS 0x000000008fd00000, 0x000000008fd00000| Complete 
|  94|0x000000008fe00000, 0x000000008ff00000, 0x000000008ff00000|100%|HC|  |TAMS 0x000000008fe00000, 0x000000008fe00000| Complete 
|  95|0x000000008ff00000, 0x0000000090000000, 0x0000000090000000|100%|HC|  |TAMS 0x000000008ff00000, 0x000000008ff00000| Complete 
|  96|0x0000000090000000, 0x0000000090100000, 0x0000000090100000|100%|HC|  |TAMS 0x0000000090000000, 0x0000000090000000| Complete 
|  97|0x0000000090100000, 0x0000000090200000, 0x0000000090200000|100%|HC|  |TAMS 0x0000000090100000, 0x0000000090100000| Complete 
|  98|0x0000000090200000, 0x0000000090300000, 0x0000000090300000|100%|HC|  |TAMS 0x0000000090200000, 0x0000000090200000| Complete 
|  99|0x0000000090300000, 0x0000000090400000, 0x0000000090400000|100%|HC|  |TAMS 0x0000000090300000, 0x0000000090300000| Complete 
| 100|0x0000000090400000, 0x0000000090500000, 0x0000000090500000|100%|HC|  |TAMS 0x0000000090400000, 0x0000000090400000| Complete 
| 101|0x0000000090500000, 0x0000000090600000, 0x0000000090600000|100%|HC|  |TAMS 0x0000000090500000, 0x0000000090500000| Complete 
| 102|0x0000000090600000, 0x0000000090700000, 0x0000000090700000|100%|HC|  |TAMS 0x0000000090600000, 0x0000000090600000| Complete 
| 103|0x0000000090700000, 0x0000000090800000, 0x0000000090800000|100%|HC|  |TAMS 0x0000000090700000, 0x0000000090700000| Complete 
| 104|0x0000000090800000, 0x0000000090900000, 0x0000000090900000|100%|HC|  |TAMS 0x0000000090800000, 0x0000000090800000| Complete 
| 105|0x0000000090900000, 0x0000000090a00000, 0x0000000090a00000|100%|HC|  |TAMS 0x0000000090900000, 0x0000000090900000| Complete 
| 106|0x0000000090a00000, 0x0000000090b00000, 0x0000000090b00000|100%|HC|  |TAMS 0x0000000090a00000, 0x0000000090a00000| Complete 
| 107|0x0000000090b00000, 0x0000000090c00000, 0x0000000090c00000|100%|HC|  |TAMS 0x0000000090b00000, 0x0000000090b00000| Complete 
| 108|0x0000000090c00000, 0x0000000090d00000, 0x0000000090d00000|100%|HC|  |TAMS 0x0000000090c00000, 0x0000000090c00000| Complete 
| 109|0x0000000090d00000, 0x0000000090e00000, 0x0000000090e00000|100%|HC|  |TAMS 0x0000000090d00000, 0x0000000090d00000| Complete 
| 110|0x0000000090e00000, 0x0000000090f00000, 0x0000000090f00000|100%|HC|  |TAMS 0x0000000090e00000, 0x0000000090e00000| Complete 
| 111|0x0000000090f00000, 0x0000000091000000, 0x0000000091000000|100%|HC|  |TAMS 0x0000000090f00000, 0x0000000090f00000| Complete 
| 112|0x0000000091000000, 0x0000000091100000, 0x0000000091100000|100%|HC|  |TAMS 0x0000000091000000, 0x0000000091000000| Complete 
| 113|0x0000000091100000, 0x0000000091200000, 0x0000000091200000|100%|HC|  |TAMS 0x0000000091100000, 0x0000000091100000| Complete 
| 114|0x0000000091200000, 0x0000000091300000, 0x0000000091300000|100%|HC|  |TAMS 0x0000000091200000, 0x0000000091200000| Complete 
| 115|0x0000000091300000, 0x0000000091400000, 0x0000000091400000|100%|HC|  |TAMS 0x0000000091300000, 0x0000000091300000| Complete 
| 116|0x0000000091400000, 0x0000000091500000, 0x0000000091500000|100%|HC|  |TAMS 0x0000000091400000, 0x0000000091400000| Complete 
| 117|0x0000000091500000, 0x0000000091600000, 0x0000000091600000|100%|HC|  |TAMS 0x0000000091500000, 0x0000000091500000| Complete 
| 118|0x0000000091600000, 0x0000000091700000, 0x0000000091700000|100%|HC|  |TAMS 0x0000000091600000, 0x0000000091600000| Complete 
| 119|0x0000000091700000, 0x0000000091800000, 0x0000000091800000|100%|HC|  |TAMS 0x0000000091700000, 0x0000000091700000| Complete 
| 120|0x0000000091800000, 0x0000000091900000, 0x0000000091900000|100%|HC|  |TAMS 0x0000000091800000, 0x0000000091800000| Complete 
| 121|0x0000000091900000, 0x0000000091a00000, 0x0000000091a00000|100%|HC|  |TAMS 0x0000000091900000, 0x0000000091900000| Complete 
| 122|0x0000000091a00000, 0x0000000091b00000, 0x0000000091b00000|100%|HC|  |TAMS 0x0000000091a00000, 0x0000000091a00000| Complete 
| 123|0x0000000091b00000, 0x0000000091c00000, 0x0000000091c00000|100%|HC|  |TAMS 0x0000000091b00000, 0x0000000091b00000| Complete 
| 124|0x0000000091c00000, 0x0000000091d00000, 0x0000000091d00000|100%|HC|  |TAMS 0x0000000091c00000, 0x0000000091c00000| Complete 
| 125|0x0000000091d00000, 0x0000000091e00000, 0x0000000091e00000|100%|HC|  |TAMS 0x0000000091d00000, 0x0000000091d00000| Complete 
| 126|0x0000000091e00000, 0x0000000091f00000, 0x0000000091f00000|100%|HC|  |TAMS 0x0000000091e00000, 0x0000000091e00000| Complete 
| 127|0x0000000091f00000, 0x0000000092000000, 0x0000000092000000|100%|HC|  |TAMS 0x0000000091f00000, 0x0000000091f00000| Complete 
| 128|0x0000000092000000, 0x0000000092100000, 0x0000000092100000|100%|HC|  |TAMS 0x0000000092000000, 0x0000000092000000| Complete 
| 129|0x0000000092100000, 0x0000000092200000, 0x0000000092200000|100%|HC|  |TAMS 0x0000000092100000, 0x0000000092100000| Complete 
| 130|0x0000000092200000, 0x0000000092300000, 0x0000000092300000|100%|HC|  |TAMS 0x0000000092200000, 0x0000000092200000| Complete 
| 131|0x0000000092300000, 0x0000000092400000, 0x0000000092400000|100%|HC|  |TAMS 0x0000000092300000, 0x0000000092300000| Complete 
| 132|0x0000000092400000, 0x0000000092500000, 0x0000000092500000|100%|HC|  |TAMS 0x0000000092400000, 0x0000000092400000| Complete 
| 133|0x0000000092500000, 0x0000000092600000, 0x0000000092600000|100%|HC|  |TAMS 0x0000000092500000, 0x0000000092500000| Complete 
| 134|0x0000000092600000, 0x0000000092700000, 0x0000000092700000|100%|HC|  |TAMS 0x0000000092600000, 0x0000000092600000| Complete 
| 135|0x0000000092700000, 0x0000000092800000, 0x0000000092800000|100%|HC|  |TAMS 0x0000000092700000, 0x0000000092700000| Complete 
| 136|0x0000000092800000, 0x0000000092900000, 0x0000000092900000|100%|HC|  |TAMS 0x0000000092800000, 0x0000000092800000| Complete 
| 137|0x0000000092900000, 0x0000000092a00000, 0x0000000092a00000|100%|HC|  |TAMS 0x0000000092900000, 0x0000000092900000| Complete 
| 138|0x0000000092a00000, 0x0000000092b00000, 0x0000000092b00000|100%|HC|  |TAMS 0x0000000092a00000, 0x0000000092a00000| Complete 
| 139|0x0000000092b00000, 0x0000000092c00000, 0x0000000092c00000|100%|HC|  |TAMS 0x0000000092b00000, 0x0000000092b00000| Complete 
| 140|0x0000000092c00000, 0x0000000092d00000, 0x0000000092d00000|100%|HC|  |TAMS 0x0000000092c00000, 0x0000000092c00000| Complete 
| 141|0x0000000092d00000, 0x0000000092e00000, 0x0000000092e00000|100%|HC|  |TAMS 0x0000000092d00000, 0x0000000092d00000| Complete 
| 142|0x0000000092e00000, 0x0000000092f00000, 0x0000000092f00000|100%|HC|  |TAMS 0x0000000092e00000, 0x0000000092e00000| Complete 
| 143|0x0000000092f00000, 0x0000000093000000, 0x0000000093000000|100%|HC|  |TAMS 0x0000000092f00000, 0x0000000092f00000| Complete 
| 144|0x0000000093000000, 0x0000000093100000, 0x0000000093100000|100%|HC|  |TAMS 0x0000000093000000, 0x0000000093000000| Complete 
| 145|0x0000000093100000, 0x0000000093200000, 0x0000000093200000|100%|HC|  |TAMS 0x0000000093100000, 0x0000000093100000| Complete 
| 146|0x0000000093200000, 0x0000000093300000, 0x0000000093300000|100%|HC|  |TAMS 0x0000000093200000, 0x0000000093200000| Complete 
| 147|0x0000000093300000, 0x0000000093400000, 0x0000000093400000|100%|HC|  |TAMS 0x0000000093300000, 0x0000000093300000| Complete 
| 148|0x0000000093400000, 0x0000000093500000, 0x0000000093500000|100%|HC|  |TAMS 0x0000000093400000, 0x0000000093400000| Complete 
| 149|0x0000000093500000, 0x0000000093600000, 0x0000000093600000|100%|HC|  |TAMS 0x0000000093500000, 0x0000000093500000| Complete 
| 150|0x0000000093600000, 0x0000000093700000, 0x0000000093700000|100%|HC|  |TAMS 0x0000000093600000, 0x0000000093600000| Complete 
| 151|0x0000000093700000, 0x0000000093800000, 0x0000000093800000|100%|HC|  |TAMS 0x0000000093700000, 0x0000000093700000| Complete 
| 152|0x0000000093800000, 0x0000000093900000, 0x0000000093900000|100%|HC|  |TAMS 0x0000000093800000, 0x0000000093800000| Complete 
| 153|0x0000000093900000, 0x0000000093a00000, 0x0000000093a00000|100%|HC|  |TAMS 0x0000000093900000, 0x0000000093900000| Complete 
| 154|0x0000000093a00000, 0x0000000093b00000, 0x0000000093b00000|100%|HC|  |TAMS 0x0000000093a00000, 0x0000000093a00000| Complete 
| 155|0x0000000093b00000, 0x0000000093c00000, 0x0000000093c00000|100%|HC|  |TAMS 0x0000000093b00000, 0x0000000093b00000| Complete 
| 156|0x0000000093c00000, 0x0000000093d00000, 0x0000000093d00000|100%|HC|  |TAMS 0x0000000093c00000, 0x0000000093c00000| Complete 
| 157|0x0000000093d00000, 0x0000000093e00000, 0x0000000093e00000|100%|HC|  |TAMS 0x0000000093d00000, 0x0000000093d00000| Complete 
| 158|0x0000000093e00000, 0x0000000093f00000, 0x0000000093f00000|100%|HC|  |TAMS 0x0000000093e00000, 0x0000000093e00000| Complete 
| 159|0x0000000093f00000, 0x0000000094000000, 0x0000000094000000|100%|HC|  |TAMS 0x0000000093f00000, 0x0000000093f00000| Complete 
| 160|0x0000000094000000, 0x0000000094100000, 0x0000000094100000|100%|HC|  |TAMS 0x0000000094000000, 0x0000000094000000| Complete 
| 161|0x0000000094100000, 0x0000000094200000, 0x0000000094200000|100%|HC|  |TAMS 0x0000000094100000, 0x0000000094100000| Complete 
| 162|0x0000000094200000, 0x0000000094300000, 0x0000000094300000|100%|HC|  |TAMS 0x0000000094200000, 0x0000000094200000| Complete 
| 163|0x0000000094300000, 0x0000000094400000, 0x0000000094400000|100%|HC|  |TAMS 0x0000000094300000, 0x0000000094300000| Complete 
| 164|0x0000000094400000, 0x0000000094500000, 0x0000000094500000|100%|HC|  |TAMS 0x0000000094400000, 0x0000000094400000| Complete 
| 165|0x0000000094500000, 0x0000000094600000, 0x0000000094600000|100%|HC|  |TAMS 0x0000000094500000, 0x0000000094500000| Complete 
| 166|0x0000000094600000, 0x0000000094700000, 0x0000000094700000|100%|HC|  |TAMS 0x0000000094600000, 0x0000000094600000| Complete 
| 167|0x0000000094700000, 0x0000000094800000, 0x0000000094800000|100%|HC|  |TAMS 0x0000000094700000, 0x0000000094700000| Complete 
| 168|0x0000000094800000, 0x0000000094900000, 0x0000000094900000|100%|HC|  |TAMS 0x0000000094800000, 0x0000000094800000| Complete 
| 169|0x0000000094900000, 0x0000000094a00000, 0x0000000094a00000|100%|HC|  |TAMS 0x0000000094900000, 0x0000000094900000| Complete 
| 170|0x0000000094a00000, 0x0000000094b00000, 0x0000000094b00000|100%|HC|  |TAMS 0x0000000094a00000, 0x0000000094a00000| Complete 
| 171|0x0000000094b00000, 0x0000000094c00000, 0x0000000094c00000|100%|HC|  |TAMS 0x0000000094b00000, 0x0000000094b00000| Complete 
| 172|0x0000000094c00000, 0x0000000094d00000, 0x0000000094d00000|100%|HC|  |TAMS 0x0000000094c00000, 0x0000000094c00000| Complete 
| 173|0x0000000094d00000, 0x0000000094e00000, 0x0000000094e00000|100%|HC|  |TAMS 0x0000000094d00000, 0x0000000094d00000| Complete 
| 174|0x0000000094e00000, 0x0000000094f00000, 0x0000000094f00000|100%|HC|  |TAMS 0x0000000094e00000, 0x0000000094e00000| Complete 
| 175|0x0000000094f00000, 0x0000000095000000, 0x0000000095000000|100%|HC|  |TAMS 0x0000000094f00000, 0x0000000094f00000| Complete 
| 176|0x0000000095000000, 0x0000000095100000, 0x0000000095100000|100%|HC|  |TAMS 0x0000000095000000, 0x0000000095000000| Complete 
| 177|0x0000000095100000, 0x0000000095200000, 0x0000000095200000|100%|HC|  |TAMS 0x0000000095100000, 0x0000000095100000| Complete 
| 178|0x0000000095200000, 0x0000000095300000, 0x0000000095300000|100%|HC|  |TAMS 0x0000000095200000, 0x0000000095200000| Complete 
| 179|0x0000000095300000, 0x0000000095400000, 0x0000000095400000|100%|HC|  |TAMS 0x0000000095300000, 0x0000000095300000| Complete 
| 180|0x0000000095400000, 0x0000000095500000, 0x0000000095500000|100%|HC|  |TAMS 0x0000000095400000, 0x0000000095400000| Complete 
| 181|0x0000000095500000, 0x0000000095600000, 0x0000000095600000|100%|HC|  |TAMS 0x0000000095500000, 0x0000000095500000| Complete 
| 182|0x0000000095600000, 0x0000000095700000, 0x0000000095700000|100%|HC|  |TAMS 0x0000000095600000, 0x0000000095600000| Complete 
| 183|0x0000000095700000, 0x0000000095800000, 0x0000000095800000|100%|HC|  |TAMS 0x0000000095700000, 0x0000000095700000| Complete 
| 184|0x0000000095800000, 0x0000000095900000, 0x0000000095900000|100%|HC|  |TAMS 0x0000000095800000, 0x0000000095800000| Complete 
| 185|0x0000000095900000, 0x0000000095a00000, 0x0000000095a00000|100%|HC|  |TAMS 0x0000000095900000, 0x0000000095900000| Complete 
| 186|0x0000000095a00000, 0x0000000095b00000, 0x0000000095b00000|100%|HC|  |TAMS 0x0000000095a00000, 0x0000000095a00000| Complete 
| 187|0x0000000095b00000, 0x0000000095c00000, 0x0000000095c00000|100%|HC|  |TAMS 0x0000000095b00000, 0x0000000095b00000| Complete 
| 188|0x0000000095c00000, 0x0000000095d00000, 0x0000000095d00000|100%|HC|  |TAMS 0x0000000095c00000, 0x0000000095c00000| Complete 
| 189|0x0000000095d00000, 0x0000000095e00000, 0x0000000095e00000|100%|HC|  |TAMS 0x0000000095d00000, 0x0000000095d00000| Complete 
| 190|0x0000000095e00000, 0x0000000095f00000, 0x0000000095f00000|100%|HC|  |TAMS 0x0000000095e00000, 0x0000000095e00000| Complete 
| 191|0x0000000095f00000, 0x0000000096000000, 0x0000000096000000|100%|HC|  |TAMS 0x0000000095f00000, 0x0000000095f00000| Complete 
| 192|0x0000000096000000, 0x0000000096100000, 0x0000000096100000|100%|HC|  |TAMS 0x0000000096000000, 0x0000000096000000| Complete 
| 193|0x0000000096100000, 0x0000000096200000, 0x0000000096200000|100%|HC|  |TAMS 0x0000000096100000, 0x0000000096100000| Complete 
| 194|0x0000000096200000, 0x0000000096300000, 0x0000000096300000|100%|HC|  |TAMS 0x0000000096200000, 0x0000000096200000| Complete 
| 195|0x0000000096300000, 0x0000000096400000, 0x0000000096400000|100%|HC|  |TAMS 0x0000000096300000, 0x0000000096300000| Complete 
| 196|0x0000000096400000, 0x0000000096500000, 0x0000000096500000|100%|HC|  |TAMS 0x0000000096400000, 0x0000000096400000| Complete 
| 197|0x0000000096500000, 0x0000000096600000, 0x0000000096600000|100%|HC|  |TAMS 0x0000000096500000, 0x0000000096500000| Complete 
| 198|0x0000000096600000, 0x0000000096700000, 0x0000000096700000|100%|HC|  |TAMS 0x0000000096600000, 0x0000000096600000| Complete 
| 199|0x0000000096700000, 0x0000000096800000, 0x0000000096800000|100%|HC|  |TAMS 0x0000000096700000, 0x0000000096700000| Complete 
| 200|0x0000000096800000, 0x0000000096900000, 0x0000000096900000|100%|HC|  |TAMS 0x0000000096800000, 0x0000000096800000| Complete 
| 201|0x0000000096900000, 0x0000000096a00000, 0x0000000096a00000|100%|HC|  |TAMS 0x0000000096900000, 0x0000000096900000| Complete 
| 202|0x0000000096a00000, 0x0000000096b00000, 0x0000000096b00000|100%|HC|  |TAMS 0x0000000096a00000, 0x0000000096a00000| Complete 
| 203|0x0000000096b00000, 0x0000000096c00000, 0x0000000096c00000|100%|HC|  |TAMS 0x0000000096b00000, 0x0000000096b00000| Complete 
| 204|0x0000000096c00000, 0x0000000096d00000, 0x0000000096d00000|100%|HC|  |TAMS 0x0000000096c00000, 0x0000000096c00000| Complete 
| 205|0x0000000096d00000, 0x0000000096e00000, 0x0000000096e00000|100%|HC|  |TAMS 0x0000000096d00000, 0x0000000096d00000| Complete 
| 206|0x0000000096e00000, 0x0000000096f00000, 0x0000000096f00000|100%|HC|  |TAMS 0x0000000096e00000, 0x0000000096e00000| Complete 
| 207|0x0000000096f00000, 0x0000000096f00000, 0x0000000097000000|  0%| F|  |TAMS 0x0000000096f00000, 0x0000000096f00000| Untracked 
| 208|0x0000000097000000, 0x0000000097000000, 0x0000000097100000|  0%| F|  |TAMS 0x0000000097000000, 0x0000000097000000| Untracked 
| 209|0x0000000097100000, 0x0000000097100000, 0x0000000097200000|  0%| F|  |TAMS 0x0000000097100000, 0x0000000097100000| Untracked 
| 210|0x0000000097200000, 0x0000000097200000, 0x0000000097300000|  0%| F|  |TAMS 0x0000000097200000, 0x0000000097200000| Untracked 
| 211|0x0000000097300000, 0x0000000097300000, 0x0000000097400000|  0%| F|  |TAMS 0x0000000097300000, 0x0000000097300000| Untracked 
| 212|0x0000000097400000, 0x0000000097400000, 0x0000000097500000|  0%| F|  |TAMS 0x0000000097400000, 0x0000000097400000| Untracked 
| 213|0x0000000097500000, 0x0000000097500000, 0x0000000097600000|  0%| F|  |TAMS 0x0000000097500000, 0x0000000097500000| Untracked 
| 214|0x0000000097600000, 0x0000000097600000, 0x0000000097700000|  0%| F|  |TAMS 0x0000000097600000, 0x0000000097600000| Untracked 
| 215|0x0000000097700000, 0x0000000097700000, 0x0000000097800000|  0%| F|  |TAMS 0x0000000097700000, 0x0000000097700000| Untracked 
| 216|0x0000000097800000, 0x0000000097800000, 0x0000000097900000|  0%| F|  |TAMS 0x0000000097800000, 0x0000000097800000| Untracked 
| 217|0x0000000097900000, 0x0000000097900000, 0x0000000097a00000|  0%| F|  |TAMS 0x0000000097900000, 0x0000000097900000| Untracked 
| 218|0x0000000097a00000, 0x0000000097a00000, 0x0000000097b00000|  0%| F|  |TAMS 0x0000000097a00000, 0x0000000097a00000| Untracked 
| 219|0x0000000097b00000, 0x0000000097b00000, 0x0000000097c00000|  0%| F|  |TAMS 0x0000000097b00000, 0x0000000097b00000| Untracked 
| 220|0x0000000097c00000, 0x0000000097c00000, 0x0000000097d00000|  0%| F|  |TAMS 0x0000000097c00000, 0x0000000097c00000| Untracked 
| 221|0x0000000097d00000, 0x0000000097d00000, 0x0000000097e00000|  0%| F|  |TAMS 0x0000000097d00000, 0x0000000097d00000| Untracked 
| 222|0x0000000097e00000, 0x0000000097e00000, 0x0000000097f00000|  0%| F|  |TAMS 0x0000000097e00000, 0x0000000097e00000| Untracked 
| 223|0x0000000097f00000, 0x0000000097f00000, 0x0000000098000000|  0%| F|  |TAMS 0x0000000097f00000, 0x0000000097f00000| Untracked 
| 224|0x0000000098000000, 0x0000000098000000, 0x0000000098100000|  0%| F|  |TAMS 0x0000000098000000, 0x0000000098000000| Untracked 
| 225|0x0000000098100000, 0x0000000098100000, 0x0000000098200000|  0%| F|  |TAMS 0x0000000098100000, 0x0000000098100000| Untracked 
| 226|0x0000000098200000, 0x0000000098200000, 0x0000000098300000|  0%| F|  |TAMS 0x0000000098200000, 0x0000000098200000| Untracked 
| 227|0x0000000098300000, 0x0000000098300000, 0x0000000098400000|  0%| F|  |TAMS 0x0000000098300000, 0x0000000098300000| Untracked 
| 228|0x0000000098400000, 0x0000000098400000, 0x0000000098500000|  0%| F|  |TAMS 0x0000000098400000, 0x0000000098400000| Untracked 
| 229|0x0000000098500000, 0x0000000098500000, 0x0000000098600000|  0%| F|  |TAMS 0x0000000098500000, 0x0000000098500000| Untracked 
| 230|0x0000000098600000, 0x0000000098600000, 0x0000000098700000|  0%| F|  |TAMS 0x0000000098600000, 0x0000000098600000| Untracked 
| 231|0x0000000098700000, 0x0000000098700000, 0x0000000098800000|  0%| F|  |TAMS 0x0000000098700000, 0x0000000098700000| Untracked 
| 232|0x0000000098800000, 0x0000000098800000, 0x0000000098900000|  0%| F|  |TAMS 0x0000000098800000, 0x0000000098800000| Untracked 
| 233|0x0000000098900000, 0x0000000098900000, 0x0000000098a00000|  0%| F|  |TAMS 0x0000000098900000, 0x0000000098900000| Untracked 
| 234|0x0000000098a00000, 0x0000000098a00000, 0x0000000098b00000|  0%| F|  |TAMS 0x0000000098a00000, 0x0000000098a00000| Untracked 
| 235|0x0000000098b00000, 0x0000000098b00000, 0x0000000098c00000|  0%| F|  |TAMS 0x0000000098b00000, 0x0000000098b00000| Untracked 
| 236|0x0000000098c00000, 0x0000000098c00000, 0x0000000098d00000|  0%| F|  |TAMS 0x0000000098c00000, 0x0000000098c00000| Untracked 
| 237|0x0000000098d00000, 0x0000000098d00000, 0x0000000098e00000|  0%| F|  |TAMS 0x0000000098d00000, 0x0000000098d00000| Untracked 
| 238|0x0000000098e00000, 0x0000000098e00000, 0x0000000098f00000|  0%| F|  |TAMS 0x0000000098e00000, 0x0000000098e00000| Untracked 
| 239|0x0000000098f00000, 0x0000000098f00000, 0x0000000099000000|  0%| F|  |TAMS 0x0000000098f00000, 0x0000000098f00000| Untracked 
| 240|0x0000000099000000, 0x0000000099000000, 0x0000000099100000|  0%| F|  |TAMS 0x0000000099000000, 0x0000000099000000| Untracked 
| 241|0x0000000099100000, 0x0000000099100000, 0x0000000099200000|  0%| F|  |TAMS 0x0000000099100000, 0x0000000099100000| Untracked 
| 242|0x0000000099200000, 0x0000000099200000, 0x0000000099300000|  0%| F|  |TAMS 0x0000000099200000, 0x0000000099200000| Untracked 
| 243|0x0000000099300000, 0x0000000099300000, 0x0000000099400000|  0%| F|  |TAMS 0x0000000099300000, 0x0000000099300000| Untracked 
| 244|0x0000000099400000, 0x0000000099400000, 0x0000000099500000|  0%| F|  |TAMS 0x0000000099400000, 0x0000000099400000| Untracked 
| 245|0x0000000099500000, 0x0000000099500000, 0x0000000099600000|  0%| F|  |TAMS 0x0000000099500000, 0x0000000099500000| Untracked 
| 246|0x0000000099600000, 0x0000000099600000, 0x0000000099700000|  0%| F|  |TAMS 0x0000000099600000, 0x0000000099600000| Untracked 
| 247|0x0000000099700000, 0x0000000099700000, 0x0000000099800000|  0%| F|  |TAMS 0x0000000099700000, 0x0000000099700000| Untracked 
| 248|0x0000000099800000, 0x0000000099800000, 0x0000000099900000|  0%| F|  |TAMS 0x0000000099800000, 0x0000000099800000| Untracked 
| 249|0x0000000099900000, 0x0000000099900000, 0x0000000099a00000|  0%| F|  |TAMS 0x0000000099900000, 0x0000000099900000| Untracked 
| 250|0x0000000099a00000, 0x0000000099a00000, 0x0000000099b00000|  0%| F|  |TAMS 0x0000000099a00000, 0x0000000099a00000| Untracked 
| 251|0x0000000099b00000, 0x0000000099b00000, 0x0000000099c00000|  0%| F|  |TAMS 0x0000000099b00000, 0x0000000099b00000| Untracked 
| 252|0x0000000099c00000, 0x0000000099c00000, 0x0000000099d00000|  0%| F|  |TAMS 0x0000000099c00000, 0x0000000099c00000| Untracked 
| 253|0x0000000099d00000, 0x0000000099d00000, 0x0000000099e00000|  0%| F|  |TAMS 0x0000000099d00000, 0x0000000099d00000| Untracked 
| 254|0x0000000099e00000, 0x0000000099e00000, 0x0000000099f00000|  0%| F|  |TAMS 0x0000000099e00000, 0x0000000099e00000| Untracked 
| 255|0x0000000099f00000, 0x0000000099f00000, 0x000000009a000000|  0%| F|  |TAMS 0x0000000099f00000, 0x0000000099f00000| Untracked 
| 256|0x000000009a000000, 0x000000009a000000, 0x000000009a100000|  0%| F|  |TAMS 0x000000009a000000, 0x000000009a000000| Untracked 
| 257|0x000000009a100000, 0x000000009a100000, 0x000000009a200000|  0%| F|  |TAMS 0x000000009a100000, 0x000000009a100000| Untracked 
| 258|0x000000009a200000, 0x000000009a200000, 0x000000009a300000|  0%| F|  |TAMS 0x000000009a200000, 0x000000009a200000| Untracked 
| 259|0x000000009a300000, 0x000000009a300000, 0x000000009a400000|  0%| F|  |TAMS 0x000000009a300000, 0x000000009a300000| Untracked 
| 260|0x000000009a400000, 0x000000009a400000, 0x000000009a500000|  0%| F|  |TAMS 0x000000009a400000, 0x000000009a400000| Untracked 
| 261|0x000000009a500000, 0x000000009a500000, 0x000000009a600000|  0%| F|  |TAMS 0x000000009a500000, 0x000000009a500000| Untracked 
| 262|0x000000009a600000, 0x000000009a600000, 0x000000009a700000|  0%| F|  |TAMS 0x000000009a600000, 0x000000009a600000| Untracked 
| 263|0x000000009a700000, 0x000000009a700000, 0x000000009a800000|  0%| F|  |TAMS 0x000000009a700000, 0x000000009a700000| Untracked 
| 264|0x000000009a800000, 0x000000009a800000, 0x000000009a900000|  0%| F|  |TAMS 0x000000009a800000, 0x000000009a800000| Untracked 
| 265|0x000000009a900000, 0x000000009a900000, 0x000000009aa00000|  0%| F|  |TAMS 0x000000009a900000, 0x000000009a900000| Untracked 
| 266|0x000000009aa00000, 0x000000009aa00000, 0x000000009ab00000|  0%| F|  |TAMS 0x000000009aa00000, 0x000000009aa00000| Untracked 
| 267|0x000000009ab00000, 0x000000009ab00000, 0x000000009ac00000|  0%| F|  |TAMS 0x000000009ab00000, 0x000000009ab00000| Untracked 
| 268|0x000000009ac00000, 0x000000009ac00000, 0x000000009ad00000|  0%| F|  |TAMS 0x000000009ac00000, 0x000000009ac00000| Untracked 
| 269|0x000000009ad00000, 0x000000009ad00000, 0x000000009ae00000|  0%| F|  |TAMS 0x000000009ad00000, 0x000000009ad00000| Untracked 
| 270|0x000000009ae00000, 0x000000009ae00000, 0x000000009af00000|  0%| F|  |TAMS 0x000000009ae00000, 0x000000009ae00000| Untracked 
| 271|0x000000009af00000, 0x000000009af00000, 0x000000009b000000|  0%| F|  |TAMS 0x000000009af00000, 0x000000009af00000| Untracked 
| 272|0x000000009b000000, 0x000000009b000000, 0x000000009b100000|  0%| F|  |TAMS 0x000000009b000000, 0x000000009b000000| Untracked 
| 273|0x000000009b100000, 0x000000009b100000, 0x000000009b200000|  0%| F|  |TAMS 0x000000009b100000, 0x000000009b100000| Untracked 
| 274|0x000000009b200000, 0x000000009b200000, 0x000000009b300000|  0%| F|  |TAMS 0x000000009b200000, 0x000000009b200000| Untracked 
| 275|0x000000009b300000, 0x000000009b300000, 0x000000009b400000|  0%| F|  |TAMS 0x000000009b300000, 0x000000009b300000| Untracked 
| 276|0x000000009b400000, 0x000000009b400000, 0x000000009b500000|  0%| F|  |TAMS 0x000000009b400000, 0x000000009b400000| Untracked 
| 277|0x000000009b500000, 0x000000009b500000, 0x000000009b600000|  0%| F|  |TAMS 0x000000009b500000, 0x000000009b500000| Untracked 
| 278|0x000000009b600000, 0x000000009b600000, 0x000000009b700000|  0%| F|  |TAMS 0x000000009b600000, 0x000000009b600000| Untracked 
| 279|0x000000009b700000, 0x000000009b700000, 0x000000009b800000|  0%| F|  |TAMS 0x000000009b700000, 0x000000009b700000| Untracked 
| 280|0x000000009b800000, 0x000000009b800000, 0x000000009b900000|  0%| F|  |TAMS 0x000000009b800000, 0x000000009b800000| Untracked 
| 281|0x000000009b900000, 0x000000009b900000, 0x000000009ba00000|  0%| F|  |TAMS 0x000000009b900000, 0x000000009b900000| Untracked 
| 282|0x000000009ba00000, 0x000000009ba00000, 0x000000009bb00000|  0%| F|  |TAMS 0x000000009ba00000, 0x000000009ba00000| Untracked 
| 283|0x000000009bb00000, 0x000000009bb00000, 0x000000009bc00000|  0%| F|  |TAMS 0x000000009bb00000, 0x000000009bb00000| Untracked 
| 284|0x000000009bc00000, 0x000000009bc00000, 0x000000009bd00000|  0%| F|  |TAMS 0x000000009bc00000, 0x000000009bc00000| Untracked 
| 285|0x000000009bd00000, 0x000000009bd00000, 0x000000009be00000|  0%| F|  |TAMS 0x000000009bd00000, 0x000000009bd00000| Untracked 
| 286|0x000000009be00000, 0x000000009be00000, 0x000000009bf00000|  0%| F|  |TAMS 0x000000009be00000, 0x000000009be00000| Untracked 
| 287|0x000000009bf00000, 0x000000009bf00000, 0x000000009c000000|  0%| F|  |TAMS 0x000000009bf00000, 0x000000009bf00000| Untracked 
| 288|0x000000009c000000, 0x000000009c000000, 0x000000009c100000|  0%| F|  |TAMS 0x000000009c000000, 0x000000009c000000| Untracked 
| 289|0x000000009c100000, 0x000000009c100000, 0x000000009c200000|  0%| F|  |TAMS 0x000000009c100000, 0x000000009c100000| Untracked 
| 290|0x000000009c200000, 0x000000009c200000, 0x000000009c300000|  0%| F|  |TAMS 0x000000009c200000, 0x000000009c200000| Untracked 
| 291|0x000000009c300000, 0x000000009c3ba980, 0x000000009c400000| 72%| S|CS|TAMS 0x000000009c300000, 0x000000009c300000| Complete 
| 292|0x000000009c400000, 0x000000009c400000, 0x000000009c500000|  0%| F|  |TAMS 0x000000009c400000, 0x000000009c400000| Untracked 
| 293|0x000000009c500000, 0x000000009c500000, 0x000000009c600000|  0%| F|  |TAMS 0x000000009c500000, 0x000000009c500000| Untracked 
| 294|0x000000009c600000, 0x000000009c600000, 0x000000009c700000|  0%| F|  |TAMS 0x000000009c600000, 0x000000009c600000| Untracked 
| 295|0x000000009c700000, 0x000000009c700000, 0x000000009c800000|  0%| F|  |TAMS 0x000000009c700000, 0x000000009c700000| Untracked 
| 296|0x000000009c800000, 0x000000009c800000, 0x000000009c900000|  0%| F|  |TAMS 0x000000009c800000, 0x000000009c800000| Untracked 
| 297|0x000000009c900000, 0x000000009c900000, 0x000000009ca00000|  0%| F|  |TAMS 0x000000009c900000, 0x000000009c900000| Untracked 
| 298|0x000000009ca00000, 0x000000009ca00000, 0x000000009cb00000|  0%| F|  |TAMS 0x000000009ca00000, 0x000000009ca00000| Untracked 
| 299|0x000000009cb00000, 0x000000009cb00000, 0x000000009cc00000|  0%| F|  |TAMS 0x000000009cb00000, 0x000000009cb00000| Untracked 
| 300|0x000000009cc00000, 0x000000009cc00000, 0x000000009cd00000|  0%| F|  |TAMS 0x000000009cc00000, 0x000000009cc00000| Untracked 
| 301|0x000000009cd00000, 0x000000009cd00000, 0x000000009ce00000|  0%| F|  |TAMS 0x000000009cd00000, 0x000000009cd00000| Untracked 
| 302|0x000000009ce00000, 0x000000009ce00000, 0x000000009cf00000|  0%| F|  |TAMS 0x000000009ce00000, 0x000000009ce00000| Untracked 
| 303|0x000000009cf00000, 0x000000009cf00000, 0x000000009d000000|  0%| F|  |TAMS 0x000000009cf00000, 0x000000009cf00000| Untracked 
| 304|0x000000009d000000, 0x000000009d000000, 0x000000009d100000|  0%| F|  |TAMS 0x000000009d000000, 0x000000009d000000| Untracked 

Card table byte_map: [0x000001ef2a900000,0x000001ef2acb0000] _byte_map_base: 0x000001ef2a4b0000

Marking Bits (Prev, Next): (CMBitMap*) 0x000001ef17979860, (CMBitMap*) 0x000001ef17979820
 Prev Bits: [0x000001ef2cde0000, 0x000001ef2eb60000)
 Next Bits: [0x000001ef2b060000, 0x000001ef2cde0000)

Polling page: 0x000001ef15940000

Metaspace:

Usage:
  Non-class:     22.29 MB used.
      Class:      2.53 MB used.
       Both:     24.82 MB used.

Virtual space:
  Non-class space:       24.00 MB reserved,      22.38 MB ( 93%) committed,  3 nodes.
      Class space:        1.00 GB reserved,       2.62 MB ( <1%) committed,  1 nodes.
             Both:        1.02 GB reserved,      25.00 MB (  2%) committed. 

Chunk freelists:
   Non-Class:  978.00 KB
       Class:  1.25 MB
        Both:  2.21 MB

MaxMetaspaceSize: unlimited
CompressedClassSpaceSize: 1.00 GB
Initial GC threshold: 21.00 MB
Current GC threshold: 41.69 MB
CDS: off
MetaspaceReclaimPolicy: balanced
 - commit_granule_bytes: 65536.
 - commit_granule_words: 8192.
 - virtual_space_node_default_size: 1048576.
 - enlarge_chunks_in_place: 1.
 - new_chunks_are_fully_committed: 0.
 - uncommit_free_chunks: 1.
 - use_allocation_guard: 0.
 - handle_deallocations: 1.


Internal statistics:

num_allocs_failed_limit: 3.
num_arena_births: 150.
num_arena_deaths: 0.
num_vsnodes_births: 4.
num_vsnodes_deaths: 0.
num_space_committed: 400.
num_space_uncommitted: 0.
num_chunks_returned_to_freelist: 3.
num_chunks_taken_from_freelist: 369.
num_chunk_merges: 3.
num_chunk_splits: 217.
num_chunks_enlarged: 115.
num_purges: 0.
num_inconsistent_stats: 0.

CodeHeap 'non-profiled nmethods': size=120000Kb used=970Kb max_used=970Kb free=119029Kb
 bounds [0x000001ef22ad0000, 0x000001ef22d40000, 0x000001ef2a000000]
CodeHeap 'profiled nmethods': size=120000Kb used=6054Kb max_used=6054Kb free=113945Kb
 bounds [0x000001ef1b5a0000, 0x000001ef1bb90000, 0x000001ef22ad0000]
CodeHeap 'non-nmethods': size=5760Kb used=1365Kb max_used=1403Kb free=4394Kb
 bounds [0x000001ef1b000000, 0x000001ef1b270000, 0x000001ef1b5a0000]
 total_blobs=3860 nmethods=3144 adapters=627
 compilation: enabled
              stopped_count=0, restarted_count=0
 full_count=0

Compilation events (20 events):
Event: 48.760 Thread 0x000001ef31808860 3140       3       com.mysql.cj.protocol.a.NativePacketPayload::readBytes (155 bytes)
Event: 48.761 Thread 0x000001ef31808860 nmethod 3140 0x000001ef1bb87390 code [0x000001ef1bb875a0, 0x000001ef1bb87b58]
Event: 48.761 Thread 0x000001ef31808860 3141       3       com.mysql.cj.protocol.a.NativePacketPayload::readBytes (68 bytes)
Event: 48.761 Thread 0x000001ef31808860 nmethod 3141 0x000001ef1bb87d10 code [0x000001ef1bb87ec0, 0x000001ef1bb88228]
Event: 48.762 Thread 0x000001ef31808860 3142       3       com.mysql.cj.jdbc.result.ResultSetImpl::checkClosed (26 bytes)
Event: 48.762 Thread 0x000001ef31808860 nmethod 3142 0x000001ef1bb88390 code [0x000001ef1bb88540, 0x000001ef1bb887f8]
Event: 48.763 Thread 0x000001ef31808860 3143       1       com.mysql.cj.result.DefaultColumnDefinition::hasBuiltIndexMapping (5 bytes)
Event: 48.763 Thread 0x000001ef31808860 nmethod 3143 0x000001ef22bc1e10 code [0x000001ef22bc1fa0, 0x000001ef22bc2078]
Event: 48.763 Thread 0x000001ef31808860 3144       1       com.mysql.cj.result.Field::getCollationIndex (5 bytes)
Event: 48.764 Thread 0x000001ef31808860 nmethod 3144 0x000001ef22bc2110 code [0x000001ef22bc22a0, 0x000001ef22bc2378]
Event: 48.764 Thread 0x000001ef31808860 3145       1       com.mysql.cj.result.Field::getEncoding (5 bytes)
Event: 48.764 Thread 0x000001ef31808860 nmethod 3145 0x000001ef22bc2410 code [0x000001ef22bc25a0, 0x000001ef22bc2678]
Event: 48.764 Thread 0x000001ef31808860 3146       3       com.mysql.cj.protocol.a.result.ByteArrayRow::getValue (30 bytes)
Event: 48.764 Thread 0x000001ef31808860 nmethod 3146 0x000001ef1bb88910 code [0x000001ef1bb88ac0, 0x000001ef1bb88d08]
Event: 48.764 Thread 0x000001ef31808860 3147       3       com.mysql.cj.protocol.result.AbstractResultsetRow::getValueFromBytes (46 bytes)
Event: 48.765 Thread 0x000001ef31808860 nmethod 3147 0x000001ef1bb88e10 code [0x000001ef1bb88fe0, 0x000001ef1bb89398]
Event: 48.765 Thread 0x000001ef31808860 3148       3       com.mysql.cj.protocol.a.result.ByteArrayRow::getNull (23 bytes)
Event: 48.765 Thread 0x000001ef31808860 nmethod 3148 0x000001ef1bb89510 code [0x000001ef1bb896a0, 0x000001ef1bb89838]
Event: 48.772 Thread 0x000001ef31808860 3149       1       java.util.Calendar::getZone (5 bytes)
Event: 48.773 Thread 0x000001ef31808860 nmethod 3149 0x000001ef22bc2710 code [0x000001ef22bc28a0, 0x000001ef22bc2978]

GC Heap History (13 events):
Event: 1.998 GC heap before
{Heap before GC invocations=0 (full 0):
 garbage-first heap   total 120832K, used 33792K [0x000000008a000000, 0x0000000100000000)
  region size 1024K, 23 young (23552K), 0 survivors (0K)
 Metaspace       used 17158K, committed 17280K, reserved 1064960K
  class space    used 1722K, committed 1792K, reserved 1048576K
}
Event: 2.005 GC heap after
{Heap after GC invocations=1 (full 0):
 garbage-first heap   total 120832K, used 13759K [0x000000008a000000, 0x0000000100000000)
  region size 1024K, 3 young (3072K), 3 survivors (3072K)
 Metaspace       used 17158K, committed 17280K, reserved 1064960K
  class space    used 1722K, committed 1792K, reserved 1048576K
}
Event: 2.635 GC heap before
{Heap before GC invocations=1 (full 0):
 garbage-first heap   total 120832K, used 31167K [0x000000008a000000, 0x0000000100000000)
  region size 1024K, 18 young (18432K), 3 survivors (3072K)
 Metaspace       used 21332K, committed 21504K, reserved 1073152K
  class space    used 2151K, committed 2240K, reserved 1048576K
}
Event: 2.640 GC heap after
{Heap after GC invocations=2 (full 0):
 garbage-first heap   total 120832K, used 19512K [0x000000008a000000, 0x0000000100000000)
  region size 1024K, 3 young (3072K), 3 survivors (3072K)
 Metaspace       used 21332K, committed 21504K, reserved 1073152K
  class space    used 2151K, committed 2240K, reserved 1048576K
}
Event: 3.574 GC heap before
{Heap before GC invocations=3 (full 0):
 garbage-first heap   total 71680K, used 54328K [0x000000008a000000, 0x0000000100000000)
  region size 1024K, 27 young (27648K), 3 survivors (3072K)
 Metaspace       used 23049K, committed 23232K, reserved 1073152K
  class space    used 2346K, committed 2432K, reserved 1048576K
}
Event: 3.580 GC heap after
{Heap after GC invocations=4 (full 0):
 garbage-first heap   total 71680K, used 32938K [0x000000008a000000, 0x0000000100000000)
  region size 1024K, 5 young (5120K), 5 survivors (5120K)
 Metaspace       used 23049K, committed 23232K, reserved 1073152K
  class space    used 2346K, committed 2432K, reserved 1048576K
}
Event: 3.594 GC heap before
{Heap before GC invocations=4 (full 0):
 garbage-first heap   total 71680K, used 38058K [0x000000008a000000, 0x0000000100000000)
  region size 1024K, 6 young (6144K), 5 survivors (5120K)
 Metaspace       used 23129K, committed 23296K, reserved 1073152K
  class space    used 2360K, committed 2432K, reserved 1048576K
}
Event: 3.600 GC heap after
{Heap after GC invocations=5 (full 0):
 garbage-first heap   total 71680K, used 38173K [0x000000008a000000, 0x0000000100000000)
  region size 1024K, 1 young (1024K), 1 survivors (1024K)
 Metaspace       used 23129K, committed 23296K, reserved 1073152K
  class space    used 2360K, committed 2432K, reserved 1048576K
}
Event: 42.432 GC heap before
{Heap before GC invocations=5 (full 0):
 garbage-first heap   total 71680K, used 49437K [0x000000008a000000, 0x0000000100000000)
  region size 1024K, 13 young (13312K), 1 survivors (1024K)
 Metaspace       used 24736K, committed 24896K, reserved 1073152K
  class space    used 2483K, committed 2560K, reserved 1048576K
}
Event: 42.434 GC heap after
{Heap after GC invocations=6 (full 0):
 garbage-first heap   total 71680K, used 38317K [0x000000008a000000, 0x0000000100000000)
  region size 1024K, 1 young (1024K), 1 survivors (1024K)
 Metaspace       used 24736K, committed 24896K, reserved 1073152K
  class space    used 2483K, committed 2560K, reserved 1048576K
}
Event: 48.783 GC heap before
{Heap before GC invocations=7 (full 0):
 garbage-first heap   total 78848K, used 50605K [0x000000008a000000, 0x0000000100000000)
  region size 1024K, 9 young (9216K), 1 survivors (1024K)
 Metaspace       used 25411K, committed 25600K, reserved 1073152K
  class space    used 2589K, committed 2688K, reserved 1048576K
}
Event: 48.785 GC heap after
{Heap after GC invocations=8 (full 0):
 garbage-first heap   total 78848K, used 44719K [0x000000008a000000, 0x0000000100000000)
  region size 1024K, 1 young (1024K), 1 survivors (1024K)
 Metaspace       used 25411K, committed 25600K, reserved 1073152K
  class space    used 2589K, committed 2688K, reserved 1048576K
}
Event: 49.181 GC heap before
{Heap before GC invocations=9 (full 0):
 garbage-first heap   total 312320K, used 199343K [0x000000008a000000, 0x0000000100000000)
  region size 1024K, 15 young (15360K), 1 survivors (1024K)
 Metaspace       used 25411K, committed 25600K, reserved 1073152K
  class space    used 2589K, committed 2688K, reserved 1048576K
}

Deoptimization events (20 events):
Event: 42.693 Thread 0x000001ef32c7c9a0 Uncommon trap: trap_request=0xffffff45 fr.pc=0x000001ef22b9fb7c relative=0x00000000000001dc
Event: 42.693 Thread 0x000001ef32c7c9a0 Uncommon trap: reason=unstable_if action=reinterpret pc=0x000001ef22b9fb7c method=java.awt.geom.AffineTransform.transform([DI[DII)V @ 41 c2
Event: 42.693 Thread 0x000001ef32c7c9a0 DEOPT PACKING pc=0x000001ef22b9fb7c sp=0x0000000e038fea70
Event: 42.693 Thread 0x000001ef32c7c9a0 DEOPT UNPACKING pc=0x000001ef1b0523a3 sp=0x0000000e038fe990 mode 2
Event: 42.729 Thread 0x000001ef32c7c9a0 Uncommon trap: trap_request=0xffffff45 fr.pc=0x000001ef22b890dc relative=0x00000000000000dc
Event: 42.729 Thread 0x000001ef32c7c9a0 Uncommon trap: reason=unstable_if action=reinterpret pc=0x000001ef22b890dc method=sun.font.FileFontStrike.getCachedGlyphPtrInternal(I)J @ 4 c2
Event: 42.729 Thread 0x000001ef32c7c9a0 DEOPT PACKING pc=0x000001ef22b890dc sp=0x0000000e038fd220
Event: 42.729 Thread 0x000001ef32c7c9a0 DEOPT UNPACKING pc=0x000001ef1b0523a3 sp=0x0000000e038fd138 mode 2
Event: 48.719 Thread 0x000001ef32c7c9a0 Uncommon trap: trap_request=0xffffffde fr.pc=0x000001ef22b91294 relative=0x0000000000000674
Event: 48.719 Thread 0x000001ef32c7c9a0 Uncommon trap: reason=class_check action=maybe_recompile pc=0x000001ef22b91294 method=javax.swing.UIDefaults.getFromHashtable(Ljava/lang/Object;)Ljava/lang/Object; @ 92 c2
Event: 48.719 Thread 0x000001ef32c7c9a0 DEOPT PACKING pc=0x000001ef22b91294 sp=0x0000000e038fdf20
Event: 48.720 Thread 0x000001ef32c7c9a0 DEOPT UNPACKING pc=0x000001ef1b0523a3 sp=0x0000000e038fdea0 mode 2
Event: 48.732 Thread 0x000001ef32c7c9a0 Uncommon trap: trap_request=0xffffffde fr.pc=0x000001ef22b91294 relative=0x0000000000000674
Event: 48.732 Thread 0x000001ef32c7c9a0 Uncommon trap: reason=class_check action=maybe_recompile pc=0x000001ef22b91294 method=javax.swing.UIDefaults.getFromHashtable(Ljava/lang/Object;)Ljava/lang/Object; @ 92 c2
Event: 48.732 Thread 0x000001ef32c7c9a0 DEOPT PACKING pc=0x000001ef22b91294 sp=0x0000000e038fdf20
Event: 48.732 Thread 0x000001ef32c7c9a0 DEOPT UNPACKING pc=0x000001ef1b0523a3 sp=0x0000000e038fdea0 mode 2
Event: 48.743 Thread 0x000001ef32c7c9a0 Uncommon trap: trap_request=0xffffff45 fr.pc=0x000001ef22b8b638 relative=0x0000000000000198
Event: 48.743 Thread 0x000001ef32c7c9a0 Uncommon trap: reason=unstable_if action=reinterpret pc=0x000001ef22b8b638 method=java.util.regex.Matcher.reset()Ljava/util/regex/Matcher; @ 47 c2
Event: 48.743 Thread 0x000001ef32c7c9a0 DEOPT PACKING pc=0x000001ef22b8b638 sp=0x0000000e038fe290
Event: 48.743 Thread 0x000001ef32c7c9a0 DEOPT UNPACKING pc=0x000001ef1b0523a3 sp=0x0000000e038fe220 mode 2

Classes unloaded (0 events):
No events

Classes redefined (0 events):
No events

Internal exceptions (20 events):
Event: 0.666 Thread 0x000001ef1793b540 Exception <a 'java/lang/ClassNotFoundException'{0x000000009111b308}: sun/awt/resources/spi/awtProvider> (0x000000009111b308) 
thrown [e:\jenkins\tmp\workspace\build\src\src\hotspot\share\classfile\systemDictionary.cpp, line 256]
Event: 0.702 Thread 0x000001ef1793b540 Exception <a 'java/io/FileNotFoundException'{0x000000009116e4b0}> (0x000000009116e4b0) 
thrown [e:\jenkins\tmp\workspace\build\src\src\hotspot\share\prims\jni.cpp, line 516]
Event: 0.712 Thread 0x000001ef1793b540 Exception <a 'java/io/FileNotFoundException'{0x000000009119b6e0}> (0x000000009119b6e0) 
thrown [e:\jenkins\tmp\workspace\build\src\src\hotspot\share\prims\jni.cpp, line 516]
Event: 0.770 Thread 0x000001ef1793b540 Exception <a 'java/lang/NoSuchMethodError'{0x00000000911e57f0}: 'java.lang.Object java.lang.invoke.DirectMethodHandle$Holder.invokeStaticInit(java.lang.Object)'> (0x00000000911e57f0) 
thrown [e:\jenkins\tmp\workspace\build\src\src\hotspot\share\interpreter\linkResolver.cpp, line 766]
Event: 0.822 Thread 0x000001ef1793b540 Exception <a 'java/lang/NoSuchMethodError'{0x00000000910ace30}: 'java.lang.Object java.lang.invoke.DirectMethodHandle$Holder.newInvokeSpecial(java.lang.Object, java.lang.Object, java.lang.Object, java.lang.Object, java.lang.Object)'> (0x00000000910ace30) 
thrown [e:\jenkins\tmp\workspace\build\src\src\hotspot\share\interpreter\linkResolver.cpp, line 766]
Event: 0.825 Thread 0x000001ef1793b540 Exception <a 'java/lang/NoSuchMethodError'{0x00000000910b8d50}: 'java.lang.Object java.lang.invoke.DirectMethodHandle$Holder.invokeStatic(java.lang.Object, int, java.lang.Object, java.lang.Object, java.lang.Object, java.lang.Object)'> (0x00000000910b8d50) 
thrown [e:\jenkins\tmp\workspace\build\src\src\hotspot\share\interpreter\linkResolver.cpp, line 766]
Event: 0.833 Thread 0x000001ef1793b540 Exception <a 'java/lang/NoSuchMethodError'{0x00000000910de510}: 'java.lang.Object java.lang.invoke.DirectMethodHandle$Holder.invokeStatic(java.lang.Object, int, java.lang.Object)'> (0x00000000910de510) 
thrown [e:\jenkins\tmp\workspace\build\src\src\hotspot\share\interpreter\linkResolver.cpp, line 766]
Event: 0.888 Thread 0x000001ef1793b540 Exception <a 'java/lang/ClassNotFoundException'{0x0000000090f987f8}: com/sun/swing/internal/plaf/metal/resources/spi/metalProvider> (0x0000000090f987f8) 
thrown [e:\jenkins\tmp\workspace\build\src\src\hotspot\share\classfile\systemDictionary.cpp, line 256]
Event: 0.891 Thread 0x000001ef1793b540 Exception <a 'java/lang/ClassNotFoundException'{0x0000000090f9c458}: com/sun/swing/internal/plaf/basic/resources/spi/basicProvider> (0x0000000090f9c458) 
thrown [e:\jenkins\tmp\workspace\build\src\src\hotspot\share\classfile\systemDictionary.cpp, line 256]
Event: 0.897 Thread 0x000001ef1793b540 Implicit null exception at 0x000001ef22af99d8 to 0x000001ef22af9a6a
Event: 0.897 Thread 0x000001ef1793b540 Implicit null exception at 0x000001ef22ae4e8f to 0x000001ef22ae4f05
Event: 1.463 Thread 0x000001ef32f72a80 Exception <a 'java/lang/NoSuchMethodError'{0x0000000090da0880}: 'java.lang.Object java.lang.invoke.DirectMethodHandle$Holder.newInvokeSpecial(java.lang.Object, java.lang.Object, java.lang.Object, int, int, int, int, int)'> (0x0000000090da0880) 
thrown [e:\jenkins\tmp\workspace\build\src\src\hotspot\share\interpreter\linkResolver.cpp, line 766]
Event: 2.221 Thread 0x000001ef1793b540 Exception <a 'java/lang/NoSuchMethodError'{0x0000000090ef2200}: 'void java.lang.invoke.DirectMethodHandle$Holder.invokeStatic(java.lang.Object, java.lang.Object, java.lang.Object)'> (0x0000000090ef2200) 
thrown [e:\jenkins\tmp\workspace\build\src\src\hotspot\share\interpreter\linkResolver.cpp, line 766]
Event: 2.222 Thread 0x000001ef1793b540 Exception <a 'java/lang/NoSuchMethodError'{0x0000000090efc050}: 'java.lang.Object java.lang.invoke.DirectMethodHandle$Holder.invokeVirtual(java.lang.Object, java.lang.Object, java.lang.Object)'> (0x0000000090efc050) 
thrown [e:\jenkins\tmp\workspace\build\src\src\hotspot\share\interpreter\linkResolver.cpp, line 766]
Event: 2.417 Thread 0x000001ef1793b540 Exception <a 'java/lang/NoSuchMethodError'{0x0000000090a95290}: 'void java.lang.invoke.DirectMethodHandle$Holder.invokeStatic(java.lang.Object, java.lang.Object)'> (0x0000000090a95290) 
thrown [e:\jenkins\tmp\workspace\build\src\src\hotspot\share\interpreter\linkResolver.cpp, line 766]
Event: 2.809 Thread 0x000001ef32935dc0 Exception <a 'java/lang/NoSuchMethodError'{0x000000008d489c58}: 'void java.lang.invoke.DirectMethodHandle$Holder.invokeVirtual(java.lang.Object, java.lang.Object)'> (0x000000008d489c58) 
thrown [e:\jenkins\tmp\workspace\build\src\src\hotspot\share\interpreter\linkResolver.cpp, line 766]
Event: 2.837 Thread 0x000001ef1793b540 Exception <a 'java/lang/NoSuchMethodError'{0x000000008e176b30}: 'void java.lang.invoke.DirectMethodHandle$Holder.invokeStaticInit(java.lang.Object)'> (0x000000008e176b30) 
thrown [e:\jenkins\tmp\workspace\build\src\src\hotspot\share\interpreter\linkResolver.cpp, line 766]
Event: 3.589 Thread 0x000001ef32c7c9a0 Implicit null exception at 0x000001ef22b6217c to 0x000001ef22b621ec
Event: 3.590 Thread 0x000001ef32c7eb50 Exception <a 'java/lang/NoSuchMethodError'{0x00000000915710a0}: 'void java.lang.invoke.DirectMethodHandle$Holder.invokeStaticInit(java.lang.Object, java.lang.Object)'> (0x00000000915710a0) 
thrown [e:\jenkins\tmp\workspace\build\src\src\hotspot\share\interpreter\linkResolver.cpp, line 766]
Event: 42.428 Thread 0x000001ef32c7c9a0 Implicit null exception at 0x000001ef22bab458 to 0x000001ef22bab6ba

VM Operations (20 events):
Event: 42.545 Executing VM operation: HandshakeAllThreads done
Event: 42.582 Executing VM operation: HandshakeAllThreads
Event: 42.583 Executing VM operation: HandshakeAllThreads done
Event: 42.769 Executing VM operation: HandshakeAllThreads
Event: 42.770 Executing VM operation: HandshakeAllThreads done
Event: 43.775 Executing VM operation: Cleanup
Event: 43.776 Executing VM operation: Cleanup done
Event: 44.777 Executing VM operation: Cleanup
Event: 44.777 Executing VM operation: Cleanup done
Event: 46.802 Executing VM operation: Cleanup
Event: 46.802 Executing VM operation: Cleanup done
Event: 47.812 Executing VM operation: Cleanup
Event: 47.813 Executing VM operation: Cleanup done
Event: 48.782 Executing VM operation: G1TryInitiateConcMark
Event: 48.785 Executing VM operation: G1TryInitiateConcMark done
Event: 48.797 Executing VM operation: G1Concurrent
Event: 48.928 Executing VM operation: G1Concurrent done
Event: 48.932 Executing VM operation: G1Concurrent
Event: 48.933 Executing VM operation: G1Concurrent done
Event: 49.181 Executing VM operation: G1CollectForAllocation

Events (20 events):
Event: 42.771 loading class sun/java2d/d3d/D3DPaints$LinearGradient
Event: 42.771 loading class sun/java2d/d3d/D3DPaints$MultiGradient
Event: 42.771 loading class sun/java2d/d3d/D3DPaints$MultiGradient done
Event: 42.771 loading class sun/java2d/d3d/D3DPaints$LinearGradient done
Event: 42.771 loading class sun/java2d/d3d/D3DPaints$RadialGradient
Event: 42.771 loading class sun/java2d/d3d/D3DPaints$RadialGradient done
Event: 42.771 loading class sun/java2d/d3d/D3DPaints$Texture
Event: 42.771 loading class sun/java2d/d3d/D3DPaints$Texture done
Event: 42.830 loading class java/awt/LightweightDispatcher$2
Event: 42.831 loading class java/awt/LightweightDispatcher$2 done
Event: 44.551 loading class java/awt/KeyboardFocusManager$2
Event: 44.551 loading class java/awt/KeyboardFocusManager$2 done
Event: 44.551 loading class sun/awt/SunToolkit$1
Event: 44.552 loading class sun/awt/SunToolkit$1 done
Event: 47.518 Thread 0x000001ef32c7bb30 Thread exited: 0x000001ef32c7bb30
Event: 48.712 loading class java/awt/Component$3
Event: 48.712 loading class java/awt/Component$3 done
Event: 48.716 loading class java/awt/GridLayout
Event: 48.717 loading class java/awt/GridLayout done
Event: 48.771 Thread 0x000001ef32c7bb30 Thread added: 0x000001ef32c7bb30


Dynamic libraries:
0x00007ff728090000 - 0x00007ff72809e000 	C:\Users\Azzaya\.p2\pool\plugins\org.eclipse.justj.openjdk.hotspot.jre.full.win32.x86_64_17.0.2.v20220201-1208\jre\bin\javaw.exe
0x00007ffe9b390000 - 0x00007ffe9b585000 	C:\Windows\SYSTEM32\ntdll.dll
0x00007ffe9aa60000 - 0x00007ffe9ab1d000 	C:\Windows\System32\KERNEL32.DLL
0x00007ffe99110000 - 0x00007ffe993dd000 	C:\Windows\System32\KERNELBASE.dll
0x00007ffe98b30000 - 0x00007ffe98c30000 	C:\Windows\System32\ucrtbase.dll
0x00007ffe91f60000 - 0x00007ffe91f78000 	C:\Users\Azzaya\.p2\pool\plugins\org.eclipse.justj.openjdk.hotspot.jre.full.win32.x86_64_17.0.2.v20220201-1208\jre\bin\jli.dll
0x00007ffe91f40000 - 0x00007ffe91f59000 	C:\Users\Azzaya\.p2\pool\plugins\org.eclipse.justj.openjdk.hotspot.jre.full.win32.x86_64_17.0.2.v20220201-1208\jre\bin\VCRUNTIME140.dll
0x00007ffe9b1b0000 - 0x00007ffe9b350000 	C:\Windows\System32\USER32.dll
0x00007ffe88ef0000 - 0x00007ffe8918a000 	C:\Windows\WinSxS\amd64_microsoft.windows.common-controls_6595b64144ccf1df_6.0.19041.1110_none_60b5254171f9507e\COMCTL32.dll
0x00007ffe98d20000 - 0x00007ffe98d42000 	C:\Windows\System32\win32u.dll
0x00007ffe9a8a0000 - 0x00007ffe9a8ca000 	C:\Windows\System32\GDI32.dll
0x00007ffe9ab20000 - 0x00007ffe9abbe000 	C:\Windows\System32\msvcrt.dll
0x00007ffe98f50000 - 0x00007ffe9905b000 	C:\Windows\System32\gdi32full.dll
0x00007ffe98c80000 - 0x00007ffe98d1d000 	C:\Windows\System32\msvcp_win.dll
0x00007ffe9a760000 - 0x00007ffe9a790000 	C:\Windows\System32\IMM32.DLL
0x00007ffe7de20000 - 0x00007ffe7de2c000 	C:\Users\Azzaya\.p2\pool\plugins\org.eclipse.justj.openjdk.hotspot.jre.full.win32.x86_64_17.0.2.v20220201-1208\jre\bin\vcruntime140_1.dll
0x00007ffe31550000 - 0x00007ffe315e1000 	C:\Users\Azzaya\.p2\pool\plugins\org.eclipse.justj.openjdk.hotspot.jre.full.win32.x86_64_17.0.2.v20220201-1208\jre\bin\msvcp140.dll
0x00007ffe31b00000 - 0x00007ffe32747000 	C:\Users\Azzaya\.p2\pool\plugins\org.eclipse.justj.openjdk.hotspot.jre.full.win32.x86_64_17.0.2.v20220201-1208\jre\bin\server\jvm.dll
0x00007ffe9a790000 - 0x00007ffe9a83e000 	C:\Windows\System32\ADVAPI32.dll
0x00007ffe9ace0000 - 0x00007ffe9ad7c000 	C:\Windows\System32\sechost.dll
0x00007ffe9a930000 - 0x00007ffe9aa55000 	C:\Windows\System32\RPCRT4.dll
0x00007ffe9a750000 - 0x00007ffe9a758000 	C:\Windows\System32\PSAPI.DLL
0x00007ffe8e8d0000 - 0x00007ffe8e8f7000 	C:\Windows\SYSTEM32\WINMM.dll
0x00007ffe913d0000 - 0x00007ffe913da000 	C:\Windows\SYSTEM32\VERSION.dll
0x00007ffe87100000 - 0x00007ffe87109000 	C:\Windows\SYSTEM32\WSOCK32.dll
0x00007ffe9ad80000 - 0x00007ffe9adeb000 	C:\Windows\System32\WS2_32.dll
0x00007ffe969a0000 - 0x00007ffe969b2000 	C:\Windows\SYSTEM32\kernel.appcore.dll
0x00007ffe870f0000 - 0x00007ffe870fa000 	C:\Users\Azzaya\.p2\pool\plugins\org.eclipse.justj.openjdk.hotspot.jre.full.win32.x86_64_17.0.2.v20220201-1208\jre\bin\jimage.dll
0x00007ffe83a20000 - 0x00007ffe83c04000 	C:\Windows\SYSTEM32\DBGHELP.DLL
0x00007ffe82b50000 - 0x00007ffe82b7c000 	C:\Windows\SYSTEM32\dbgcore.DLL
0x00007ffe98aa0000 - 0x00007ffe98b22000 	C:\Windows\System32\bcryptPrimitives.dll
0x00007ffe82bb0000 - 0x00007ffe82bd5000 	C:\Users\Azzaya\.p2\pool\plugins\org.eclipse.justj.openjdk.hotspot.jre.full.win32.x86_64_17.0.2.v20220201-1208\jre\bin\java.dll
0x00007ffe857a0000 - 0x00007ffe857b8000 	C:\Users\Azzaya\.p2\pool\plugins\org.eclipse.justj.openjdk.hotspot.jre.full.win32.x86_64_17.0.2.v20220201-1208\jre\bin\zip.dll
0x00007ffe99ed0000 - 0x00007ffe9a614000 	C:\Windows\System32\SHELL32.dll
0x00007ffe96ba0000 - 0x00007ffe97334000 	C:\Windows\SYSTEM32\windows.storage.dll
0x00007ffe9ae50000 - 0x00007ffe9b1a4000 	C:\Windows\System32\combase.dll
0x00007ffe98490000 - 0x00007ffe984bc000 	C:\Windows\SYSTEM32\Wldp.dll
0x00007ffe9a620000 - 0x00007ffe9a6cd000 	C:\Windows\System32\SHCORE.dll
0x00007ffe9a8d0000 - 0x00007ffe9a925000 	C:\Windows\System32\shlwapi.dll
0x00007ffe989e0000 - 0x00007ffe989ff000 	C:\Windows\SYSTEM32\profapi.dll
0x00007ffe82b90000 - 0x00007ffe82ba9000 	C:\Users\Azzaya\.p2\pool\plugins\org.eclipse.justj.openjdk.hotspot.jre.full.win32.x86_64_17.0.2.v20220201-1208\jre\bin\net.dll
0x00007ffe8bdb0000 - 0x00007ffe8beba000 	C:\Windows\SYSTEM32\WINHTTP.dll
0x00007ffe981f0000 - 0x00007ffe9825a000 	C:\Windows\system32\mswsock.dll
0x00007ffe7c3c0000 - 0x00007ffe7c3d5000 	C:\Users\Azzaya\.p2\pool\plugins\org.eclipse.justj.openjdk.hotspot.jre.full.win32.x86_64_17.0.2.v20220201-1208\jre\bin\nio.dll
0x00007ffe12df0000 - 0x00007ffe12f7e000 	C:\Users\Azzaya\.p2\pool\plugins\org.eclipse.justj.openjdk.hotspot.jre.full.win32.x86_64_17.0.2.v20220201-1208\jre\bin\awt.dll
0x00007ffe995c0000 - 0x00007ffe9968d000 	C:\Windows\System32\OLEAUT32.dll
0x00007ffe962e0000 - 0x00007ffe96370000 	C:\Windows\SYSTEM32\apphelp.dll
0x00007ffe964c0000 - 0x00007ffe9655e000 	C:\Windows\system32\uxtheme.dll
0x00007ffe9abc0000 - 0x00007ffe9acd5000 	C:\Windows\System32\MSCTF.dll
0x00007ffe993e0000 - 0x00007ffe9950a000 	C:\Windows\System32\ole32.dll
0x00007ffe966b0000 - 0x00007ffe966df000 	C:\Windows\system32\DWMAPI.DLL
0x00007ffe4a5e0000 - 0x00007ffe4a706000 	C:\Windows\system32\opengl32.dll
0x00007ffe76000000 - 0x00007ffe7602c000 	C:\Windows\SYSTEM32\GLU32.dll
0x00007ffe875a0000 - 0x00007ffe8776f000 	C:\Windows\system32\d3d9.dll
0x00007ffe98df0000 - 0x00007ffe98f46000 	C:\Windows\System32\crypt32.dll
0x00007ffe905b0000 - 0x00007ffe905e1000 	C:\Windows\SYSTEM32\cryptnet.dll
0x00007ffe98400000 - 0x00007ffe9840c000 	C:\Windows\SYSTEM32\cryptbase.dll
0x00007ffe98d50000 - 0x00007ffe98db8000 	C:\Windows\System32\WINTRUST.DLL
0x00007ffe98690000 - 0x00007ffe986a2000 	C:\Windows\SYSTEM32\MSASN1.dll
0x00007ffe99780000 - 0x00007ffe9979d000 	C:\Windows\System32\imagehlp.dll
0x00007ffe983e0000 - 0x00007ffe983f8000 	C:\Windows\SYSTEM32\CRYPTSP.dll
0x00007ffe97b10000 - 0x00007ffe97b44000 	C:\Windows\system32\rsaenh.dll
0x00007ffe98dc0000 - 0x00007ffe98de7000 	C:\Windows\System32\bcrypt.dll
0x00007ffe76e70000 - 0x00007ffe76f72000 	C:\Windows\System32\DriverStore\FileRepository\nvacegpu.inf_amd64_29c11dbe2f3cfa4e\nvldumdx.dll
0x00007ffe44390000 - 0x00007ffe45b32000 	C:\Windows\System32\DriverStore\FileRepository\nvacegpu.inf_amd64_29c11dbe2f3cfa4e\nvd3dumx.dll
0x00007ffe98550000 - 0x00007ffe9859b000 	C:\Windows\SYSTEM32\powrprof.dll
0x00007ffe98530000 - 0x00007ffe98542000 	C:\Windows\SYSTEM32\UMPDC.dll
0x00007ffe63fe0000 - 0x00007ffe64297000 	C:\Windows\system32\nvspcap64.dll
0x00007ffe977a0000 - 0x00007ffe977d3000 	C:\Windows\SYSTEM32\ntmarta.dll
0x00007ffe97350000 - 0x00007ffe97373000 	C:\Windows\SYSTEM32\gpapi.dll
0x00007ffe8ecd0000 - 0x00007ffe8ed0b000 	C:\Windows\SYSTEM32\dxcore.dll
0x00007ffe98c30000 - 0x00007ffe98c7e000 	C:\Windows\System32\cfgmgr32.dll
0x00007ffe8e990000 - 0x00007ffe8eb6b000 	C:\Windows\System32\DriverStore\FileRepository\u0357176.inf_amd64_828ff99cacd4aa89\B356563\aticfx64.dll
0x00007ffe61ba0000 - 0x00007ffe61bd3000 	C:\Windows\System32\DriverStore\FileRepository\u0357176.inf_amd64_828ff99cacd4aa89\B356563\atiu9p64.dll
0x00007ffe060e0000 - 0x00007ffe06d76000 	C:\Windows\System32\DriverStore\FileRepository\u0357176.inf_amd64_828ff99cacd4aa89\B356563\atiumd64.dll
0x000000005e920000 - 0x000000005f79d000 	C:\Windows\System32\DriverStore\FileRepository\u0357176.inf_amd64_828ff99cacd4aa89\B356563\atiumd6a.dll
0x00007ffe8ce20000 - 0x00007ffe8ce4f000 	C:\Windows\SYSTEM32\amdihk64.dll
0x00007ffe34d80000 - 0x00007ffe34e09000 	C:\Users\Azzaya\.p2\pool\plugins\org.eclipse.justj.openjdk.hotspot.jre.full.win32.x86_64_17.0.2.v20220201-1208\jre\bin\freetype.dll
0x00007ffe12c50000 - 0x00007ffe12cf8000 	C:\Users\Azzaya\.p2\pool\plugins\org.eclipse.justj.openjdk.hotspot.jre.full.win32.x86_64_17.0.2.v20220201-1208\jre\bin\fontmanager.dll
0x00007ffe3fd20000 - 0x00007ffe3fd4d000 	C:\Users\Azzaya\.p2\pool\plugins\org.eclipse.justj.openjdk.hotspot.jre.full.win32.x86_64_17.0.2.v20220201-1208\jre\bin\javajpeg.dll
0x00007ffe97ec0000 - 0x00007ffe97f8b000 	C:\Windows\SYSTEM32\DNSAPI.dll
0x00007ffe97e80000 - 0x00007ffe97ebb000 	C:\Windows\SYSTEM32\IPHLPAPI.DLL
0x00007ffe997a0000 - 0x00007ffe997a8000 	C:\Windows\System32\NSI.dll
0x00007ffe91410000 - 0x00007ffe9141a000 	C:\Windows\System32\rasadhlp.dll
0x00007ffe86e90000 - 0x00007ffe86f10000 	C:\Windows\System32\fwpuclnt.dll
0x00007ffe8aed0000 - 0x00007ffe8afc9000 	C:\Windows\SYSTEM32\textinputframework.dll
0x00007ffe95c70000 - 0x00007ffe95fce000 	C:\Windows\System32\CoreUIComponents.dll
0x00007ffe960b0000 - 0x00007ffe961a2000 	C:\Windows\System32\CoreMessaging.dll
0x00007ffe94910000 - 0x00007ffe94a64000 	C:\Windows\SYSTEM32\wintypes.dll
0x00007ffe99510000 - 0x00007ffe995b9000 	C:\Windows\System32\clbcatq.dll
0x00007ffe91d70000 - 0x00007ffe91f24000 	C:\Windows\SYSTEM32\WindowsCodecs.dll
0x00007ffe89e40000 - 0x00007ffe89e7e000 	C:\Windows\system32\dataexchange.dll
0x00007ffe94a70000 - 0x00007ffe94cd4000 	C:\Windows\system32\d3d11.dll
0x00007ffe95700000 - 0x00007ffe958e5000 	C:\Windows\system32\dcomp.dll
0x00007ffe973a0000 - 0x00007ffe97493000 	C:\Windows\system32\dxgi.dll
0x00007ffe92280000 - 0x00007ffe92481000 	C:\Windows\system32\twinapi.appcore.dll

dbghelp: loaded successfully - version: 4.0.5 - missing functions: none
symbol engine: initialized successfully - sym options: 0x614 - pdb path: .;C:\Users\Azzaya\.p2\pool\plugins\org.eclipse.justj.openjdk.hotspot.jre.full.win32.x86_64_17.0.2.v20220201-1208\jre\bin;C:\Windows\SYSTEM32;C:\Windows\WinSxS\amd64_microsoft.windows.common-controls_6595b64144ccf1df_6.0.19041.1110_none_60b5254171f9507e;C:\Users\Azzaya\.p2\pool\plugins\org.eclipse.justj.openjdk.hotspot.jre.full.win32.x86_64_17.0.2.v20220201-1208\jre\bin\server;C:\Windows\System32\DriverStore\FileRepository\nvacegpu.inf_amd64_29c11dbe2f3cfa4e;C:\Windows\System32\DriverStore\FileRepository\u0357176.inf_amd64_828ff99cacd4aa89\B356563

VM Arguments:
jvm_args: -Dfile.encoding=Cp1252 --module-path=C:\Users\Azzaya\Pictures\Screenshots\HotelLuton\libs\mysql-connector-java-8.0.28.jar;C:\Users\Azzaya\Pictures\Screenshots\HotelLuton\libs\jdatepicker-1.3.4.jar;C:\Users\Azzaya\Pictures\Screenshots\HotelLuton\libs\jcalendar-1.4.jar -XX:+ShowCodeDetailsInExceptionMessages 
java_command: Receptionist.receptionist_Dash
java_class_path (initial): C:\Users\Azzaya\Pictures\Screenshots\HotelLuton\bin
Launcher Type: SUN_STANDARD

[Global flags]
     intx CICompilerCount                          = 4                                         {product} {ergonomic}
     uint ConcGCThreads                            = 3                                         {product} {ergonomic}
     uint G1ConcRefinementThreads                  = 10                                        {product} {ergonomic}
   size_t G1HeapRegionSize                         = 1048576                                   {product} {ergonomic}
    uintx GCDrainStackTargetSize                   = 64                                        {product} {ergonomic}
   size_t InitialHeapSize                          = 123731968                                 {product} {ergonomic}
   size_t MarkStackSize                            = 4194304                                   {product} {ergonomic}
   size_t MaxHeapSize                              = 1979711488                                {product} {ergonomic}
   size_t MaxNewSize                               = 1186988032                                {product} {ergonomic}
   size_t MinHeapDeltaBytes                        = 1048576                                   {product} {ergonomic}
   size_t MinHeapSize                              = 8388608                                   {product} {ergonomic}
    uintx NonNMethodCodeHeapSize                   = 5839372                                {pd product} {ergonomic}
    uintx NonProfiledCodeHeapSize                  = 122909434                              {pd product} {ergonomic}
    uintx ProfiledCodeHeapSize                     = 122909434                              {pd product} {ergonomic}
    uintx ReservedCodeCacheSize                    = 251658240                              {pd product} {ergonomic}
     bool SegmentedCodeCache                       = true                                      {product} {ergonomic}
     bool ShowCodeDetailsInExceptionMessages       = true                                   {manageable} {command line}
   size_t SoftMaxHeapSize                          = 1979711488                             {manageable} {ergonomic}
     bool UseCompressedClassPointers               = true                           {product lp64_product} {ergonomic}
     bool UseCompressedOops                        = true                           {product lp64_product} {ergonomic}
     bool UseG1GC                                  = true                                      {product} {ergonomic}
     bool UseLargePagesIndividualAllocation        = false                                  {pd product} {ergonomic}

Logging:
Log output configuration:
 #0: stdout all=warning uptime,level,tags
 #1: stderr all=off uptime,level,tags

Environment Variables:
PATH=C:/Users/Azzaya/.p2/pool/plugins/org.eclipse.justj.openjdk.hotspot.jre.full.win32.x86_64_17.0.2.v20220201-1208/jre/bin/server;C:/Users/Azzaya/.p2/pool/plugins/org.eclipse.justj.openjdk.hotspot.jre.full.win32.x86_64_17.0.2.v20220201-1208/jre/bin;C:\Program Files (x86)\Common Files\Oracle\Java\javapath;C:\ProgramData\Oracle\Java\javapath;C:\Windows\system32;C:\Windows;C:\Windows\System32\Wbem;C:\Windows\System32\WindowsPowerShell\v1.0\;C:\Windows\System32\OpenSSH\;C:\Program Files (x86)\NVIDIA Corporation\PhysX\Common;C:\Program Files\NVIDIA Corporation\NVIDIA NvDLISR;C:\Users\Azzaya\AppData\Local\Microsoft\WindowsApps;;C:\Windows\System32;
USERNAME=Azzaya
OS=Windows_NT
PROCESSOR_IDENTIFIER=AMD64 Family 23 Model 96 Stepping 1, AuthenticAMD



---------------  S Y S T E M  ---------------

OS:
 Windows 10 , 64 bit Build 19041 (10.0.19041.1706)
OS uptime: 9 days 7:19 hours

CPU: total 12 (initial active 12) (12 cores per cpu, 2 threads per core) family 23 model 96 stepping 1 microcode 0x0, cx8, cmov, fxsr, ht, mmx, 3dnowpref, sse, sse2, sse3, ssse3, sse4a, sse4.1, sse4.2, popcnt, lzcnt, tsc, tscinvbit, avx, avx2, aes, clmul, bmi1, bmi2, adx, sha, fma, vzeroupper, clflush, clflushopt

Memory: 4k page, system-wide physical 7549M (188M free)
TotalPageFile size 31065M (AvailPageFile size 114M)
current process WorkingSet (physical memory assigned to process): 375M, peak: 375M
current process commit charge ("private bytes"): 593M, peak: 845M

vm_info: OpenJDK 64-Bit Server VM (17.0.2+8) for windows-amd64 JRE (17.0.2+8), built on Jan 20 2022 04:52:34 by "" with MS VC++ 16.7 (VS2019)

END.
