#
# There is insufficient memory for the Java Runtime Environment to continue.
# Native memory allocation (mmap) failed to map 123731968 bytes for G1 virtual space
# Possible reasons:
#   The system is out of physical RAM or swap space
#   The process is running with CompressedOops enabled, and the Java Heap may be blocking the growth of the native heap
# Possible solutions:
#   Reduce memory load on the system
#   Increase physical memory or swap space
#   Check if swap backing store is full
#   Decrease Java heap size (-Xmx/-Xms)
#   Decrease number of Java threads
#   Decrease Java thread stack sizes (-Xss)
#   Set larger code cache with -XX:ReservedCodeCacheSize=
#   JVM is running with Unscaled Compressed Oops mode in which the Java heap is
#     placed in the first 4GB address space. The Java Heap base address is the
#     maximum limit for the native heap growth. Please use -XX:HeapBaseMinAddress
#     to set the Java Heap base and to place the Java Heap above 4GB virtual address.
# This output file may be truncated or incomplete.
#
#  Out of Memory Error (os_windows.cpp:3532), pid=30764, tid=10032
#
# JRE version:  (17.0.2+8) (build )
# Java VM: OpenJDK 64-Bit Server VM (17.0.2+8, mixed mode, sharing, tiered, compressed oops, compressed class ptrs, g1 gc, windows-amd64)
# No core dump will be written. Minidumps are not enabled by default on client versions of Windows
#

---------------  S U M M A R Y ------------

Command Line: -Dfile.encoding=Cp1252 --module-path=C:\Users\Azzaya\Pictures\Screenshots\HotelLuton\libs\mysql-connector-java-8.0.28.jar;C:\Users\Azzaya\Pictures\Screenshots\HotelLuton\libs\jdatepicker-1.3.4.jar;C:\Users\Azzaya\Pictures\Screenshots\HotelLuton\libs\jcalendar-1.4.jar -XX:+ShowCodeDetailsInExceptionMessages ui.Profile

Host: AMD Ryzen 5 4600H with Radeon Graphics         , 12 cores, 7G,  Windows 10 , 64 bit Build 19041 (10.0.19041.1706)
Time: Tue May 24 00:29:50 2022 Syria Daylight Time elapsed time: 0.009158 seconds (0d 0h 0m 0s)

---------------  T H R E A D  ---------------

Current thread (0x0000024f7ee0d2a0):  JavaThread "Unknown thread" [_thread_in_vm, id=10032, stack(0x000000fecc300000,0x000000fecc400000)]

Stack: [0x000000fecc300000,0x000000fecc400000]
Native frames: (J=compiled Java code, j=interpreted, Vv=VM code, C=native code)
V  [jvm.dll+0x67564a]
V  [jvm.dll+0x82fc04]
V  [jvm.dll+0x8313ae]
V  [jvm.dll+0x831a13]
V  [jvm.dll+0x245235]
V  [jvm.dll+0x672539]
V  [jvm.dll+0x666e82]
V  [jvm.dll+0x30401b]
V  [jvm.dll+0x30b566]
V  [jvm.dll+0x35b1fe]
V  [jvm.dll+0x35b42f]
V  [jvm.dll+0x2daf58]
V  [jvm.dll+0x2dbec4]
V  [jvm.dll+0x801881]
V  [jvm.dll+0x368f81]
V  [jvm.dll+0x7e0cdc]
V  [jvm.dll+0x3eb8bf]
V  [jvm.dll+0x3ed441]
C  [jli.dll+0x5277]
C  [ucrtbase.dll+0x21bb2]
C  [KERNEL32.DLL+0x17034]
C  [ntdll.dll+0x52651]


---------------  P R O C E S S  ---------------

Threads class SMR info:
_java_thread_list=0x00007ffe639e5e98, length=0, elements={
}

Java Threads: ( => current thread )

Other Threads:
  0x0000024f7ee49a70 GCTaskThread "GC Thread#0" [stack: 0x000000fecc400000,0x000000fecc500000] [id=30004]
  0x0000024f7ee594c0 ConcurrentGCThread "G1 Main Marker" [stack: 0x000000fecc500000,0x000000fecc600000] [id=31324]
  0x0000024f7ee5b990 ConcurrentGCThread "G1 Conc#0" [stack: 0x000000fecc600000,0x000000fecc700000] [id=18544]

[error occurred during error reporting (printing all threads), id 0xc0000005, EXCEPTION_ACCESS_VIOLATION (0xc0000005) at pc=0x00007ffe631bb9d7]

VM state: not at safepoint (not fully initialized)

VM Mutex/Monitor currently owned by a thread:  ([mutex/lock_event])
[0x0000024f7ee08680] Heap_lock - owner thread: 0x0000024f7ee0d2a0

Heap address: 0x000000008a000000, size: 1888 MB, Compressed Oops mode: 32-bit

CDS archive(s) mapped at: [0x0000000000000000-0x0000000000000000-0x0000000000000000), size 0, SharedBaseAddress: 0x0000000800000000, ArchiveRelocationMode: 0.
Narrow klass base: 0x0000000000000000, Narrow klass shift: 0, Narrow klass range: 0x0

GC Precious Log:
<Empty>

Heap:
 garbage-first heap   total 0K, used 0K [0x000000008a000000, 0x0000000100000000)
  region size 1024K, 0 young (0K), 0 survivors (0K)

[error occurred during error reporting (printing heap information), id 0xc0000005, EXCEPTION_ACCESS_VIOLATION (0xc0000005) at pc=0x00007ffe6359e899]

GC Heap History (0 events):
No events

Deoptimization events (0 events):
No events

Classes unloaded (0 events):
No events

Classes redefined (0 events):
No events

Internal exceptions (0 events):
No events

VM Operations (0 events):
No events

Events (1 events):
Event: 0.005 Loaded shared library C:\Users\Azzaya\.p2\pool\plugins\org.eclipse.justj.openjdk.hotspot.jre.full.win32.x86_64_17.0.2.v20220201-1208\jre\bin\java.dll


Dynamic libraries:
0x00007ff696f40000 - 0x00007ff696f4e000 	C:\Users\Azzaya\.p2\pool\plugins\org.eclipse.justj.openjdk.hotspot.jre.full.win32.x86_64_17.0.2.v20220201-1208\jre\bin\javaw.exe
0x00007ffe9b390000 - 0x00007ffe9b585000 	C:\Windows\SYSTEM32\ntdll.dll
0x00007ffe9aa60000 - 0x00007ffe9ab1d000 	C:\Windows\System32\KERNEL32.DLL
0x00007ffe99110000 - 0x00007ffe993dd000 	C:\Windows\System32\KERNELBASE.dll
0x00007ffe98b30000 - 0x00007ffe98c30000 	C:\Windows\System32\ucrtbase.dll
0x00007ffe90760000 - 0x00007ffe90778000 	C:\Users\Azzaya\.p2\pool\plugins\org.eclipse.justj.openjdk.hotspot.jre.full.win32.x86_64_17.0.2.v20220201-1208\jre\bin\jli.dll
0x00007ffe90740000 - 0x00007ffe90759000 	C:\Users\Azzaya\.p2\pool\plugins\org.eclipse.justj.openjdk.hotspot.jre.full.win32.x86_64_17.0.2.v20220201-1208\jre\bin\VCRUNTIME140.dll
0x00007ffe9b1b0000 - 0x00007ffe9b350000 	C:\Windows\System32\USER32.dll
0x00007ffe88ef0000 - 0x00007ffe8918a000 	C:\Windows\WinSxS\amd64_microsoft.windows.common-controls_6595b64144ccf1df_6.0.19041.1110_none_60b5254171f9507e\COMCTL32.dll
0x00007ffe98d20000 - 0x00007ffe98d42000 	C:\Windows\System32\win32u.dll
0x00007ffe9ab20000 - 0x00007ffe9abbe000 	C:\Windows\System32\msvcrt.dll
0x00007ffe9a8a0000 - 0x00007ffe9a8ca000 	C:\Windows\System32\GDI32.dll
0x00007ffe98f50000 - 0x00007ffe9905b000 	C:\Windows\System32\gdi32full.dll
0x00007ffe98c80000 - 0x00007ffe98d1d000 	C:\Windows\System32\msvcp_win.dll
0x00007ffe9a760000 - 0x00007ffe9a790000 	C:\Windows\System32\IMM32.DLL
0x00007ffe93930000 - 0x00007ffe9393c000 	C:\Users\Azzaya\.p2\pool\plugins\org.eclipse.justj.openjdk.hotspot.jre.full.win32.x86_64_17.0.2.v20220201-1208\jre\bin\vcruntime140_1.dll
0x00007ffe8a020000 - 0x00007ffe8a0b1000 	C:\Users\Azzaya\.p2\pool\plugins\org.eclipse.justj.openjdk.hotspot.jre.full.win32.x86_64_17.0.2.v20220201-1208\jre\bin\msvcp140.dll
0x00007ffe62ed0000 - 0x00007ffe63b17000 	C:\Users\Azzaya\.p2\pool\plugins\org.eclipse.justj.openjdk.hotspot.jre.full.win32.x86_64_17.0.2.v20220201-1208\jre\bin\server\jvm.dll
0x00007ffe9a790000 - 0x00007ffe9a83e000 	C:\Windows\System32\ADVAPI32.dll
0x00007ffe9ace0000 - 0x00007ffe9ad7c000 	C:\Windows\System32\sechost.dll
0x00007ffe9a930000 - 0x00007ffe9aa55000 	C:\Windows\System32\RPCRT4.dll
0x00007ffe9a750000 - 0x00007ffe9a758000 	C:\Windows\System32\PSAPI.DLL
0x00007ffe8e8d0000 - 0x00007ffe8e8f7000 	C:\Windows\SYSTEM32\WINMM.dll
0x00007ffe93210000 - 0x00007ffe93219000 	C:\Windows\SYSTEM32\WSOCK32.dll
0x00007ffe9ad80000 - 0x00007ffe9adeb000 	C:\Windows\System32\WS2_32.dll
0x00007ffe913d0000 - 0x00007ffe913da000 	C:\Windows\SYSTEM32\VERSION.dll
0x00007ffe969a0000 - 0x00007ffe969b2000 	C:\Windows\SYSTEM32\kernel.appcore.dll
0x00007ffe945c0000 - 0x00007ffe945ca000 	C:\Users\Azzaya\.p2\pool\plugins\org.eclipse.justj.openjdk.hotspot.jre.full.win32.x86_64_17.0.2.v20220201-1208\jre\bin\jimage.dll
0x00007ffe83a20000 - 0x00007ffe83c04000 	C:\Windows\SYSTEM32\DBGHELP.DLL
0x00007ffe82b50000 - 0x00007ffe82b7c000 	C:\Windows\SYSTEM32\dbgcore.DLL
0x00007ffe98aa0000 - 0x00007ffe98b22000 	C:\Windows\System32\bcryptPrimitives.dll
0x00007ffe92fa0000 - 0x00007ffe92fc5000 	C:\Users\Azzaya\.p2\pool\plugins\org.eclipse.justj.openjdk.hotspot.jre.full.win32.x86_64_17.0.2.v20220201-1208\jre\bin\java.dll

dbghelp: loaded successfully - version: 4.0.5 - missing functions: none
symbol engine: initialized successfully - sym options: 0x614 - pdb path: .;C:\Users\Azzaya\.p2\pool\plugins\org.eclipse.justj.openjdk.hotspot.jre.full.win32.x86_64_17.0.2.v20220201-1208\jre\bin;C:\Windows\SYSTEM32;C:\Windows\WinSxS\amd64_microsoft.windows.common-controls_6595b64144ccf1df_6.0.19041.1110_none_60b5254171f9507e;C:\Users\Azzaya\.p2\pool\plugins\org.eclipse.justj.openjdk.hotspot.jre.full.win32.x86_64_17.0.2.v20220201-1208\jre\bin\server

VM Arguments:
jvm_args: -Dfile.encoding=Cp1252 --module-path=C:\Users\Azzaya\Pictures\Screenshots\HotelLuton\libs\mysql-connector-java-8.0.28.jar;C:\Users\Azzaya\Pictures\Screenshots\HotelLuton\libs\jdatepicker-1.3.4.jar;C:\Users\Azzaya\Pictures\Screenshots\HotelLuton\libs\jcalendar-1.4.jar -XX:+ShowCodeDetailsInExceptionMessages 
java_command: ui.Profile
java_class_path (initial): C:\Users\Azzaya\Pictures\Screenshots\HotelLuton\bin
Launcher Type: SUN_STANDARD

[Global flags]
     intx CICompilerCount                          = 4                                         {product} {ergonomic}
     uint ConcGCThreads                            = 3                                         {product} {ergonomic}
     uint G1ConcRefinementThreads                  = 10                                        {product} {ergonomic}
   size_t G1HeapRegionSize                         = 1048576                                   {product} {ergonomic}
    uintx GCDrainStackTargetSize                   = 64                                        {product} {ergonomic}
   size_t InitialHeapSize                          = 123731968                                 {product} {ergonomic}
   size_t MarkStackSize                            = 4194304                                   {product} {ergonomic}
   size_t MaxHeapSize                              = 1979711488                                {product} {ergonomic}
   size_t MinHeapDeltaBytes                        = 1048576                                   {product} {ergonomic}
   size_t MinHeapSize                              = 8388608                                   {product} {ergonomic}
    uintx NonNMethodCodeHeapSize                   = 5839372                                {pd product} {ergonomic}
    uintx NonProfiledCodeHeapSize                  = 122909434                              {pd product} {ergonomic}
    uintx ProfiledCodeHeapSize                     = 122909434                              {pd product} {ergonomic}
    uintx ReservedCodeCacheSize                    = 251658240                              {pd product} {ergonomic}
     bool SegmentedCodeCache                       = true                                      {product} {ergonomic}
     bool ShowCodeDetailsInExceptionMessages       = true                                   {manageable} {command line}
   size_t SoftMaxHeapSize                          = 1979711488                             {manageable} {ergonomic}
     bool UseCompressedClassPointers               = true                           {product lp64_product} {ergonomic}
     bool UseCompressedOops                        = true                           {product lp64_product} {ergonomic}
     bool UseG1GC                                  = true                                      {product} {ergonomic}
     bool UseLargePagesIndividualAllocation        = false                                  {pd product} {ergonomic}

Logging:
Log output configuration:
 #0: stdout all=warning uptime,level,tags
 #1: stderr all=off uptime,level,tags

Environment Variables:
PATH=C:/Users/Azzaya/.p2/pool/plugins/org.eclipse.justj.openjdk.hotspot.jre.full.win32.x86_64_17.0.2.v20220201-1208/jre/bin/server;C:/Users/Azzaya/.p2/pool/plugins/org.eclipse.justj.openjdk.hotspot.jre.full.win32.x86_64_17.0.2.v20220201-1208/jre/bin;C:\Program Files (x86)\Common Files\Oracle\Java\javapath;C:\ProgramData\Oracle\Java\javapath;C:\Windows\system32;C:\Windows;C:\Windows\System32\Wbem;C:\Windows\System32\WindowsPowerShell\v1.0\;C:\Windows\System32\OpenSSH\;C:\Program Files (x86)\NVIDIA Corporation\PhysX\Common;C:\Program Files\NVIDIA Corporation\NVIDIA NvDLISR;C:\Users\Azzaya\AppData\Local\Microsoft\WindowsApps;;C:\Windows\System32;
USERNAME=Azzaya
OS=Windows_NT
PROCESSOR_IDENTIFIER=AMD64 Family 23 Model 96 Stepping 1, AuthenticAMD



---------------  S Y S T E M  ---------------

OS:
 Windows 10 , 64 bit Build 19041 (10.0.19041.1706)
OS uptime: 7 days 8:17 hours

CPU: total 12 (initial active 12) (12 cores per cpu, 2 threads per core) family 23 model 96 stepping 1 microcode 0x0, cx8, cmov, fxsr, ht, mmx, 3dnowpref, sse, sse2, sse3, ssse3, sse4a, sse4.1, sse4.2, popcnt, lzcnt, tsc, tscinvbit, avx, avx2, aes, clmul, bmi1, bmi2, adx, sha, fma, vzeroupper, clflush, clflushopt

Memory: 4k page, system-wide physical 7549M (397M free)
TotalPageFile size 31101M (AvailPageFile size 97M)
current process WorkingSet (physical memory assigned to process): 10M, peak: 10M
current process commit charge ("private bytes"): 64M, peak: 181M

vm_info: OpenJDK 64-Bit Server VM (17.0.2+8) for windows-amd64 JRE (17.0.2+8), built on Jan 20 2022 04:52:34 by "" with MS VC++ 16.7 (VS2019)

END.
