#
# There is insufficient memory for the Java Runtime Environment to continue.
# Native memory allocation (mmap) failed to map 79691776 bytes for G1 virtual space
# Possible reasons:
#   The system is out of physical RAM or swap space
#   The process is running with CompressedOops enabled, and the Java Heap may be blocking the growth of the native heap
# Possible solutions:
#   Reduce memory load on the system
#   Increase physical memory or swap space
#   Check if swap backing store is full
#   Decrease Java heap size (-Xmx/-Xms)
#   Decrease number of Java threads
#   Decrease Java thread stack sizes (-Xss)
#   Set larger code cache with -XX:ReservedCodeCacheSize=
#   JVM is running with Unscaled Compressed Oops mode in which the Java heap is
#     placed in the first 4GB address space. The Java Heap base address is the
#     maximum limit for the native heap growth. Please use -XX:HeapBaseMinAddress
#     to set the Java Heap base and to place the Java Heap above 4GB virtual address.
# This output file may be truncated or incomplete.
#
#  Out of Memory Error (os_windows.cpp:3532), pid=33012, tid=26148
#
# JRE version: OpenJDK Runtime Environment Temurin-17.0.2+8 (17.0.2+8) (build 17.0.2+8)
# Java VM: OpenJDK 64-Bit Server VM Temurin-17.0.2+8 (17.0.2+8, mixed mode, tiered, compressed oops, compressed class ptrs, g1 gc, windows-amd64)
# No core dump will be written. Minidumps are not enabled by default on client versions of Windows
#

---------------  S U M M A R Y ------------

Command Line: -Dfile.encoding=Cp1252 --module-path=C:\Users\Azzaya\Pictures\Screenshots\HotelLuton\libs\mysql-connector-java-8.0.28.jar;C:\Users\Azzaya\Pictures\Screenshots\HotelLuton\libs\jdatepicker-1.3.4.jar;C:\Users\Azzaya\Pictures\Screenshots\HotelLuton\libs\jcalendar-1.4.jar -XX:+ShowCodeDetailsInExceptionMessages ui.LOGIN_DASH

Host: AMD Ryzen 5 4600H with Radeon Graphics         , 12 cores, 7G,  Windows 10 , 64 bit Build 19041 (10.0.19041.1706)
Time: Thu May 26 09:59:17 2022 Syria Daylight Time elapsed time: 77.092307 seconds (0d 0h 1m 17s)

---------------  T H R E A D  ---------------

Current thread (0x000001ecf59ef9f0):  VMThread "VM Thread" [stack: 0x0000006e21b00000,0x0000006e21c00000] [id=26148]

Stack: [0x0000006e21b00000,0x0000006e21c00000]
Native frames: (J=compiled Java code, j=interpreted, Vv=VM code, C=native code)
V  [jvm.dll+0x67564a]
V  [jvm.dll+0x82fc04]
V  [jvm.dll+0x8313ae]
V  [jvm.dll+0x831a13]
V  [jvm.dll+0x245235]
V  [jvm.dll+0x672539]
V  [jvm.dll+0x666e82]
V  [jvm.dll+0x30401b]
V  [jvm.dll+0x30b566]
V  [jvm.dll+0x35b1fe]
V  [jvm.dll+0x35b42f]
V  [jvm.dll+0x2daf58]
V  [jvm.dll+0x2ddfe6]
V  [jvm.dll+0x2e8698]
V  [jvm.dll+0x31c830]
V  [jvm.dll+0x835ebb]
V  [jvm.dll+0x836bf4]
V  [jvm.dll+0x83710c]
V  [jvm.dll+0x8374e4]
V  [jvm.dll+0x8375b0]
V  [jvm.dll+0x7dff2a]
V  [jvm.dll+0x6744d5]
C  [ucrtbase.dll+0x21bb2]
C  [KERNEL32.DLL+0x17034]
C  [ntdll.dll+0x52651]

VM_Operation (0x0000006e217ff410): G1Concurrent, mode: safepoint, requested by thread 0x000001ecdbbc99a0


---------------  P R O C E S S  ---------------

Threads class SMR info:
_java_thread_list=0x000001ecfef62c20, length=23, elements={
0x000001ecf59d2450, 0x000001ecf59d40d0, 0x000001ecf5a24920, 0x000001ecf5a251e0,
0x000001ecf5a3d800, 0x000001ecf5a3e950, 0x000001ecf6414450, 0x000001ecf6416e50,
0x000001ecf6418020, 0x000001ecf59711b0, 0x000001ecf67a33e0, 0x000001ecf7115a20,
0x000001ecf711c670, 0x000001ecf71191e0, 0x000001ecf77100a0, 0x000001ecf7410570,
0x000001ecf7412bf0, 0x000001ecf74118b0, 0x000001ecf7411d80, 0x000001ecff7b86d0,
0x000001ecff7b8ba0, 0x000001ecff7bf580, 0x000001ecff7b9540
}

Java Threads: ( => current thread )
  0x000001ecf59d2450 JavaThread "Reference Handler" daemon [_thread_blocked, id=30204, stack(0x0000006e21c00000,0x0000006e21d00000)]
  0x000001ecf59d40d0 JavaThread "Finalizer" daemon [_thread_blocked, id=7484, stack(0x0000006e21d00000,0x0000006e21e00000)]
  0x000001ecf5a24920 JavaThread "Signal Dispatcher" daemon [_thread_blocked, id=31900, stack(0x0000006e21e00000,0x0000006e21f00000)]
  0x000001ecf5a251e0 JavaThread "Attach Listener" daemon [_thread_blocked, id=31332, stack(0x0000006e21f00000,0x0000006e22000000)]
  0x000001ecf5a3d800 JavaThread "Service Thread" daemon [_thread_blocked, id=34644, stack(0x0000006e22000000,0x0000006e22100000)]
  0x000001ecf5a3e950 JavaThread "Monitor Deflation Thread" daemon [_thread_blocked, id=3372, stack(0x0000006e22100000,0x0000006e22200000)]
  0x000001ecf6414450 JavaThread "C2 CompilerThread0" daemon [_thread_blocked, id=5348, stack(0x0000006e22200000,0x0000006e22300000)]
  0x000001ecf6416e50 JavaThread "C1 CompilerThread0" daemon [_thread_blocked, id=34704, stack(0x0000006e22300000,0x0000006e22400000)]
  0x000001ecf6418020 JavaThread "Sweeper thread" daemon [_thread_blocked, id=26940, stack(0x0000006e22400000,0x0000006e22500000)]
  0x000001ecf59711b0 JavaThread "Common-Cleaner" daemon [_thread_blocked, id=26380, stack(0x0000006e22500000,0x0000006e22600000)]
  0x000001ecf67a33e0 JavaThread "Notification Thread" daemon [_thread_blocked, id=26604, stack(0x0000006e22600000,0x0000006e22700000)]
  0x000001ecf7115a20 JavaThread "Java2D Disposer" daemon [_thread_blocked, id=23104, stack(0x0000006e22800000,0x0000006e22900000)]
  0x000001ecf711c670 JavaThread "AWT-Shutdown" [_thread_blocked, id=17960, stack(0x0000006e22900000,0x0000006e22a00000)]
  0x000001ecf71191e0 JavaThread "AWT-Windows" daemon [_thread_blocked, id=1804, stack(0x0000006e22a00000,0x0000006e22b00000)]
  0x000001ecf77100a0 JavaThread "AWT-EventQueue-0" [_thread_blocked, id=21712, stack(0x0000006e23500000,0x0000006e23600000)]
  0x000001ecf7410570 JavaThread "DestroyJavaVM" [_thread_blocked, id=6220, stack(0x0000006e21500000,0x0000006e21600000)]
  0x000001ecf7412bf0 JavaThread "D3D Screen Updater" daemon [_thread_blocked, id=13904, stack(0x0000006e23800000,0x0000006e23900000)]
  0x000001ecf74118b0 JavaThread "TimerQueue" daemon [_thread_blocked, id=22040, stack(0x0000006e24100000,0x0000006e24200000)]
  0x000001ecf7411d80 JavaThread "mysql-cj-abandoned-connection-cleanup" daemon [_thread_blocked, id=15264, stack(0x0000006e23600000,0x0000006e23700000)]
  0x000001ecff7b86d0 JavaThread "Image Fetcher 0" daemon [_thread_blocked, id=16408, stack(0x0000006e21200000,0x0000006e21300000)]
  0x000001ecff7b8ba0 JavaThread "Image Fetcher 1" daemon [_thread_blocked, id=24012, stack(0x0000006e21300000,0x0000006e21400000)]
  0x000001ecff7bf580 JavaThread "Image Fetcher 2" daemon [_thread_blocked, id=20688, stack(0x0000006e21400000,0x0000006e21500000)]
  0x000001ecff7b9540 JavaThread "Image Fetcher 3" daemon [_thread_blocked, id=27996, stack(0x0000006e22d00000,0x0000006e22e00000)]

Other Threads:
=>0x000001ecf59ef9f0 VMThread "VM Thread" [stack: 0x0000006e21b00000,0x0000006e21c00000] [id=26148]
  0x000001ecdbb7c7b0 WatcherThread [stack: 0x0000006e22700000,0x0000006e22800000] [id=34012]
  0x000001ecdbbb8640 GCTaskThread "GC Thread#0" [stack: 0x0000006e21600000,0x0000006e21700000] [id=14900]
  0x000001ecfed8cb70 GCTaskThread "GC Thread#1" [stack: 0x0000006e23900000,0x0000006e23a00000] [id=19320]
  0x000001ecfed8ce20 GCTaskThread "GC Thread#2" [stack: 0x0000006e23a00000,0x0000006e23b00000] [id=33964]
  0x000001ecfedf3f50 GCTaskThread "GC Thread#3" [stack: 0x0000006e23b00000,0x0000006e23c00000] [id=23524]
  0x000001ecfedf44b0 GCTaskThread "GC Thread#4" [stack: 0x0000006e23c00000,0x0000006e23d00000] [id=31584]
  0x000001ecfedf39f0 GCTaskThread "GC Thread#5" [stack: 0x0000006e23d00000,0x0000006e23e00000] [id=20388]
  0x000001ecfedf4a10 GCTaskThread "GC Thread#6" [stack: 0x0000006e23e00000,0x0000006e23f00000] [id=25996]
  0x000001ecfedf4cc0 GCTaskThread "GC Thread#7" [stack: 0x0000006e23f00000,0x0000006e24000000] [id=10428]
  0x000001ecfedf4f70 GCTaskThread "GC Thread#8" [stack: 0x0000006e24000000,0x0000006e24100000] [id=28676]
  0x000001ecfedf3740 GCTaskThread "GC Thread#9" [stack: 0x0000006e24570000,0x0000006e24670000] [id=33480]
  0x000001ecdbbc99a0 ConcurrentGCThread "G1 Main Marker" [stack: 0x0000006e21700000,0x0000006e21800000] [id=17056]
  0x000001ecdbbca3b0 ConcurrentGCThread "G1 Conc#0" [stack: 0x0000006e21800000,0x0000006e21900000] [id=21112]
  0x000001ecff2555c0 ConcurrentGCThread "G1 Conc#1" [stack: 0x0000006e24670000,0x0000006e24770000] [id=26864]
  0x000001ecff255060 ConcurrentGCThread "G1 Conc#2" [stack: 0x0000006e24770000,0x0000006e24870000] [id=11040]
  0x000001ecdbc4c030 ConcurrentGCThread "G1 Refine#0" [stack: 0x0000006e21900000,0x0000006e21a00000] [id=17428]
  0x000001ecdbc4e960 ConcurrentGCThread "G1 Service" [stack: 0x0000006e21a00000,0x0000006e21b00000] [id=13756]

Threads with active compile tasks:
C2 CompilerThread0    77151 3769       4       java.lang.String::<init> (830 bytes)

VM state: at safepoint (normal execution)

VM Mutex/Monitor currently owned by a thread:  ([mutex/lock_event])
[0x000001ecdbb76e70] Threads_lock - owner thread: 0x000001ecf59ef9f0
[0x000001ecdbb76f90] Heap_lock - owner thread: 0x000001ecdbbc99a0

Heap address: 0x000000008a000000, size: 1888 MB, Compressed Oops mode: 32-bit

CDS archive(s) not mapped
Compressed class space mapped at: 0x0000000100000000-0x0000000140000000, reserved size: 1073741824
Narrow klass base: 0x0000000000000000, Narrow klass shift: 3, Narrow klass range: 0x140000000

GC Precious Log:
 CPUs: 12 total, 12 available
 Memory: 7549M
 Large Page Support: Disabled
 NUMA Support: Disabled
 Compressed Oops: Enabled (32-bit)
 Heap Region Size: 1M
 Heap Min Capacity: 8M
 Heap Initial Capacity: 118M
 Heap Max Capacity: 1888M
 Pre-touch: Disabled
 Parallel Workers: 10
 Concurrent Workers: 3
 Concurrent Refinement Workers: 10
 Periodic GC: Disabled

Heap:
 garbage-first heap   total 265216K, used 203382K [0x000000008a000000, 0x0000000100000000)
  region size 1024K, 4 young (4096K), 3 survivors (3072K)
 Metaspace       used 27448K, committed 27648K, reserved 1081344K
  class space    used 2830K, committed 2944K, reserved 1048576K

Heap Regions: E=young(eden), S=young(survivor), O=old, HS=humongous(starts), HC=humongous(continues), CS=collection set, F=free, OA=open archive, CA=closed archive, TAMS=top-at-mark-start (previous, next)
|   0|0x000000008a000000, 0x000000008a100000, 0x000000008a100000|100%|HS|  |TAMS 0x000000008a100000, 0x000000008a000000| Complete 
|   1|0x000000008a100000, 0x000000008a200000, 0x000000008a200000|100%|HC|  |TAMS 0x000000008a200000, 0x000000008a100000| Complete 
|   2|0x000000008a200000, 0x000000008a300000, 0x000000008a300000|100%|HC|  |TAMS 0x000000008a300000, 0x000000008a200000| Complete 
|   3|0x000000008a300000, 0x000000008a400000, 0x000000008a400000|100%|HC|  |TAMS 0x000000008a400000, 0x000000008a300000| Complete 
|   4|0x000000008a400000, 0x000000008a500000, 0x000000008a500000|100%|HC|  |TAMS 0x000000008a500000, 0x000000008a400000| Complete 
|   5|0x000000008a500000, 0x000000008a600000, 0x000000008a600000|100%|HC|  |TAMS 0x000000008a600000, 0x000000008a500000| Complete 
|   6|0x000000008a600000, 0x000000008a700000, 0x000000008a700000|100%|HC|  |TAMS 0x000000008a700000, 0x000000008a600000| Complete 
|   7|0x000000008a700000, 0x000000008a800000, 0x000000008a800000|100%| O|  |TAMS 0x000000008a800000, 0x000000008a700000| Untracked 
|   8|0x000000008a800000, 0x000000008a900000, 0x000000008a900000|100%| O|  |TAMS 0x000000008a900000, 0x000000008a800000| Untracked 
|   9|0x000000008a900000, 0x000000008aa00000, 0x000000008aa00000|100%| O|  |TAMS 0x000000008aa00000, 0x000000008a900000| Untracked 
|  10|0x000000008aa00000, 0x000000008ab00000, 0x000000008ab00000|100%| O|  |TAMS 0x000000008ab00000, 0x000000008aa00000| Untracked 
|  11|0x000000008ab00000, 0x000000008ac00000, 0x000000008ac00000|100%|HS|  |TAMS 0x000000008ac00000, 0x000000008ab00000| Complete 
|  12|0x000000008ac00000, 0x000000008ad00000, 0x000000008ad00000|100%|HC|  |TAMS 0x000000008ad00000, 0x000000008ac00000| Complete 
|  13|0x000000008ad00000, 0x000000008ae00000, 0x000000008ae00000|100%|HC|  |TAMS 0x000000008ae00000, 0x000000008ad00000| Complete 
|  14|0x000000008ae00000, 0x000000008af00000, 0x000000008af00000|100%|HC|  |TAMS 0x000000008af00000, 0x000000008ae00000| Complete 
|  15|0x000000008af00000, 0x000000008b000000, 0x000000008b000000|100%|HC|  |TAMS 0x000000008b000000, 0x000000008af00000| Complete 
|  16|0x000000008b000000, 0x000000008b100000, 0x000000008b100000|100%|HC|  |TAMS 0x000000008b100000, 0x000000008b000000| Complete 
|  17|0x000000008b100000, 0x000000008b200000, 0x000000008b200000|100%|HC|  |TAMS 0x000000008b200000, 0x000000008b100000| Complete 
|  18|0x000000008b200000, 0x000000008b300000, 0x000000008b300000|100%|HC|  |TAMS 0x000000008b300000, 0x000000008b200000| Complete 
|  19|0x000000008b300000, 0x000000008b400000, 0x000000008b400000|100%|HC|  |TAMS 0x000000008b400000, 0x000000008b300000| Complete 
|  20|0x000000008b400000, 0x000000008b500000, 0x000000008b500000|100%|HC|  |TAMS 0x000000008b500000, 0x000000008b400000| Complete 
|  21|0x000000008b500000, 0x000000008b600000, 0x000000008b600000|100%|HS|  |TAMS 0x000000008b600000, 0x000000008b500000| Complete 
|  22|0x000000008b600000, 0x000000008b700000, 0x000000008b700000|100%|HC|  |TAMS 0x000000008b700000, 0x000000008b600000| Complete 
|  23|0x000000008b700000, 0x000000008b800000, 0x000000008b800000|100%| O|  |TAMS 0x000000008b800000, 0x000000008b700000| Untracked 
|  24|0x000000008b800000, 0x000000008b900000, 0x000000008b900000|100%| O|  |TAMS 0x000000008b900000, 0x000000008b800000| Updating 
|  25|0x000000008b900000, 0x000000008ba00000, 0x000000008ba00000|100%|HS|  |TAMS 0x000000008ba00000, 0x000000008b900000| Complete 
|  26|0x000000008ba00000, 0x000000008bb00000, 0x000000008bb00000|100%| O|  |TAMS 0x000000008bb00000, 0x000000008ba00000| Updating 
|  27|0x000000008bb00000, 0x000000008bc00000, 0x000000008bc00000|100%| O|  |TAMS 0x000000008bc00000, 0x000000008bb00000| Updating 
|  28|0x000000008bc00000, 0x000000008bd00000, 0x000000008bd00000|100%|HS|  |TAMS 0x000000008bd00000, 0x000000008bc00000| Complete 
|  29|0x000000008bd00000, 0x000000008be00000, 0x000000008be00000|100%|HC|  |TAMS 0x000000008be00000, 0x000000008bd00000| Complete 
|  30|0x000000008be00000, 0x000000008bf00000, 0x000000008bf00000|100%|HC|  |TAMS 0x000000008bf00000, 0x000000008be00000| Complete 
|  31|0x000000008bf00000, 0x000000008c000000, 0x000000008c000000|100%|HC|  |TAMS 0x000000008c000000, 0x000000008bf00000| Complete 
|  32|0x000000008c000000, 0x000000008c100000, 0x000000008c100000|100%|HC|  |TAMS 0x000000008c100000, 0x000000008c000000| Complete 
|  33|0x000000008c100000, 0x000000008c200000, 0x000000008c200000|100%|HC|  |TAMS 0x000000008c200000, 0x000000008c100000| Complete 
|  34|0x000000008c200000, 0x000000008c300000, 0x000000008c300000|100%| O|  |TAMS 0x000000008c300000, 0x000000008c200000| Updating 
|  35|0x000000008c300000, 0x000000008c400000, 0x000000008c400000|100%| O|  |TAMS 0x000000008c400000, 0x000000008c300000| Untracked 
|  36|0x000000008c400000, 0x000000008c500000, 0x000000008c500000|100%|HS|  |TAMS 0x000000008c500000, 0x000000008c400000| Complete 
|  37|0x000000008c500000, 0x000000008c600000, 0x000000008c600000|100%|HS|  |TAMS 0x000000008c600000, 0x000000008c500000| Complete 
|  38|0x000000008c600000, 0x000000008c700000, 0x000000008c700000|100%|HC|  |TAMS 0x000000008c700000, 0x000000008c600000| Complete 
|  39|0x000000008c700000, 0x000000008c800000, 0x000000008c800000|100%|HC|  |TAMS 0x000000008c800000, 0x000000008c700000| Complete 
|  40|0x000000008c800000, 0x000000008c900000, 0x000000008c900000|100%|HC|  |TAMS 0x000000008c900000, 0x000000008c800000| Complete 
|  41|0x000000008c900000, 0x000000008ca00000, 0x000000008ca00000|100%|HC|  |TAMS 0x000000008ca00000, 0x000000008c900000| Complete 
|  42|0x000000008ca00000, 0x000000008cb00000, 0x000000008cb00000|100%|HC|  |TAMS 0x000000008cb00000, 0x000000008ca00000| Complete 
|  43|0x000000008cb00000, 0x000000008cb1d400, 0x000000008cc00000| 11%| O|  |TAMS 0x000000008cb1d400, 0x000000008cb00000| Updating 
|  44|0x000000008cc00000, 0x000000008cd00000, 0x000000008cd00000|100%|HS|  |TAMS 0x000000008cd00000, 0x000000008cc00000| Complete 
|  45|0x000000008cd00000, 0x000000008ce00000, 0x000000008ce00000|100%|HC|  |TAMS 0x000000008ce00000, 0x000000008cd00000| Complete 
|  46|0x000000008ce00000, 0x000000008cf00000, 0x000000008cf00000|100%|HC|  |TAMS 0x000000008cf00000, 0x000000008ce00000| Complete 
|  47|0x000000008cf00000, 0x000000008d000000, 0x000000008d000000|100%|HS|  |TAMS 0x000000008d000000, 0x000000008cf00000| Complete 
|  48|0x000000008d000000, 0x000000008d100000, 0x000000008d100000|100%|HS|  |TAMS 0x000000008d100000, 0x000000008d000000| Complete 
|  49|0x000000008d100000, 0x000000008d200000, 0x000000008d200000|100%|HC|  |TAMS 0x000000008d200000, 0x000000008d100000| Complete 
|  50|0x000000008d200000, 0x000000008d300000, 0x000000008d300000|100%|HC|  |TAMS 0x000000008d300000, 0x000000008d200000| Complete 
|  51|0x000000008d300000, 0x000000008d400000, 0x000000008d400000|100%|HC|  |TAMS 0x000000008d400000, 0x000000008d300000| Complete 
|  52|0x000000008d400000, 0x000000008d500000, 0x000000008d500000|100%|HC|  |TAMS 0x000000008d500000, 0x000000008d400000| Complete 
|  53|0x000000008d500000, 0x000000008d600000, 0x000000008d600000|100%|HS|  |TAMS 0x000000008d600000, 0x000000008d500000| Complete 
|  54|0x000000008d600000, 0x000000008d700000, 0x000000008d700000|100%|HC|  |TAMS 0x000000008d700000, 0x000000008d600000| Complete 
|  55|0x000000008d700000, 0x000000008d800000, 0x000000008d800000|100%|HC|  |TAMS 0x000000008d800000, 0x000000008d700000| Complete 
|  56|0x000000008d800000, 0x000000008d900000, 0x000000008d900000|100%|HC|  |TAMS 0x000000008d900000, 0x000000008d800000| Complete 
|  57|0x000000008d900000, 0x000000008da00000, 0x000000008da00000|100%|HC|  |TAMS 0x000000008da00000, 0x000000008d900000| Complete 
|  58|0x000000008da00000, 0x000000008db00000, 0x000000008db00000|100%|HS|  |TAMS 0x000000008db00000, 0x000000008da00000| Complete 
|  59|0x000000008db00000, 0x000000008db00000, 0x000000008dc00000|  0%| F|  |TAMS 0x000000008db00000, 0x000000008db00000| Untracked 
|  60|0x000000008dc00000, 0x000000008dc00000, 0x000000008dd00000|  0%| F|  |TAMS 0x000000008dc00000, 0x000000008dc00000| Untracked 
|  61|0x000000008dd00000, 0x000000008dd00000, 0x000000008de00000|  0%| F|  |TAMS 0x000000008dd00000, 0x000000008dd00000| Untracked 
|  62|0x000000008de00000, 0x000000008de00000, 0x000000008df00000|  0%| F|  |TAMS 0x000000008de00000, 0x000000008de00000| Untracked 
|  63|0x000000008df00000, 0x000000008df00000, 0x000000008e000000|  0%| F|  |TAMS 0x000000008df00000, 0x000000008df00000| Untracked 
|  64|0x000000008e000000, 0x000000008e000000, 0x000000008e100000|  0%| F|  |TAMS 0x000000008e000000, 0x000000008e000000| Untracked 
|  65|0x000000008e100000, 0x000000008e100000, 0x000000008e200000|  0%| F|  |TAMS 0x000000008e100000, 0x000000008e100000| Untracked 
|  66|0x000000008e200000, 0x000000008e200000, 0x000000008e300000|  0%| F|  |TAMS 0x000000008e200000, 0x000000008e200000| Untracked 
|  67|0x000000008e300000, 0x000000008e300000, 0x000000008e400000|  0%| F|  |TAMS 0x000000008e300000, 0x000000008e300000| Untracked 
|  68|0x000000008e400000, 0x000000008e400000, 0x000000008e500000|  0%| F|  |TAMS 0x000000008e400000, 0x000000008e400000| Untracked 
|  69|0x000000008e500000, 0x000000008e500000, 0x000000008e600000|  0%| F|  |TAMS 0x000000008e500000, 0x000000008e500000| Untracked 
|  70|0x000000008e600000, 0x000000008e600000, 0x000000008e700000|  0%| F|  |TAMS 0x000000008e600000, 0x000000008e600000| Untracked 
|  71|0x000000008e700000, 0x000000008e700000, 0x000000008e800000|  0%| F|  |TAMS 0x000000008e700000, 0x000000008e700000| Untracked 
|  72|0x000000008e800000, 0x000000008e800000, 0x000000008e900000|  0%| F|  |TAMS 0x000000008e800000, 0x000000008e800000| Untracked 
|  73|0x000000008e900000, 0x000000008e900000, 0x000000008ea00000|  0%| F|  |TAMS 0x000000008e900000, 0x000000008e900000| Untracked 
|  74|0x000000008ea00000, 0x000000008ea00000, 0x000000008eb00000|  0%| F|  |TAMS 0x000000008ea00000, 0x000000008ea00000| Untracked 
|  75|0x000000008eb00000, 0x000000008eb00000, 0x000000008ec00000|  0%| F|  |TAMS 0x000000008eb00000, 0x000000008eb00000| Untracked 
|  76|0x000000008ec00000, 0x000000008ec00000, 0x000000008ed00000|  0%| F|  |TAMS 0x000000008ec00000, 0x000000008ec00000| Untracked 
|  77|0x000000008ed00000, 0x000000008ed00000, 0x000000008ee00000|  0%| F|  |TAMS 0x000000008ed00000, 0x000000008ed00000| Untracked 
|  78|0x000000008ee00000, 0x000000008ee00000, 0x000000008ef00000|  0%| F|  |TAMS 0x000000008ee00000, 0x000000008ee00000| Untracked 
|  79|0x000000008ef00000, 0x000000008ef00000, 0x000000008f000000|  0%| F|  |TAMS 0x000000008ef00000, 0x000000008ef00000| Untracked 
|  80|0x000000008f000000, 0x000000008f000000, 0x000000008f100000|  0%| F|  |TAMS 0x000000008f000000, 0x000000008f000000| Untracked 
|  81|0x000000008f100000, 0x000000008f100000, 0x000000008f200000|  0%| F|  |TAMS 0x000000008f100000, 0x000000008f100000| Untracked 
|  82|0x000000008f200000, 0x000000008f200000, 0x000000008f300000|  0%| F|  |TAMS 0x000000008f200000, 0x000000008f200000| Untracked 
|  83|0x000000008f300000, 0x000000008f300000, 0x000000008f400000|  0%| F|  |TAMS 0x000000008f300000, 0x000000008f300000| Untracked 
|  84|0x000000008f400000, 0x000000008f400000, 0x000000008f500000|  0%| F|  |TAMS 0x000000008f400000, 0x000000008f400000| Untracked 
|  85|0x000000008f500000, 0x000000008f500000, 0x000000008f600000|  0%| F|  |TAMS 0x000000008f500000, 0x000000008f500000| Untracked 
|  86|0x000000008f600000, 0x000000008f600000, 0x000000008f700000|  0%| F|  |TAMS 0x000000008f600000, 0x000000008f600000| Untracked 
|  87|0x000000008f700000, 0x000000008f700000, 0x000000008f800000|  0%| F|  |TAMS 0x000000008f700000, 0x000000008f700000| Untracked 
|  88|0x000000008f800000, 0x000000008f800000, 0x000000008f900000|  0%| F|  |TAMS 0x000000008f800000, 0x000000008f800000| Untracked 
|  89|0x000000008f900000, 0x000000008f900000, 0x000000008fa00000|  0%| F|  |TAMS 0x000000008f900000, 0x000000008f900000| Untracked 
|  90|0x000000008fa00000, 0x000000008fa00000, 0x000000008fb00000|  0%| F|  |TAMS 0x000000008fa00000, 0x000000008fa00000| Untracked 
|  91|0x000000008fb00000, 0x000000008fb00000, 0x000000008fc00000|  0%| F|  |TAMS 0x000000008fb00000, 0x000000008fb00000| Untracked 
|  92|0x000000008fc00000, 0x000000008fc00000, 0x000000008fd00000|  0%| F|  |TAMS 0x000000008fc00000, 0x000000008fc00000| Untracked 
|  93|0x000000008fd00000, 0x000000008fd00000, 0x000000008fe00000|  0%| F|  |TAMS 0x000000008fd00000, 0x000000008fd00000| Untracked 
|  94|0x000000008fe00000, 0x000000008fe00000, 0x000000008ff00000|  0%| F|  |TAMS 0x000000008fe00000, 0x000000008fe00000| Untracked 
|  95|0x000000008ff00000, 0x000000008ff00000, 0x0000000090000000|  0%| F|  |TAMS 0x000000008ff00000, 0x000000008ff00000| Untracked 
|  96|0x0000000090000000, 0x0000000090000000, 0x0000000090100000|  0%| F|  |TAMS 0x0000000090000000, 0x0000000090000000| Untracked 
|  97|0x0000000090100000, 0x0000000090100000, 0x0000000090200000|  0%| F|  |TAMS 0x0000000090100000, 0x0000000090100000| Untracked 
|  98|0x0000000090200000, 0x0000000090200000, 0x0000000090300000|  0%| F|  |TAMS 0x0000000090200000, 0x0000000090200000| Untracked 
|  99|0x0000000090300000, 0x0000000090300000, 0x0000000090400000|  0%| F|  |TAMS 0x0000000090300000, 0x0000000090300000| Untracked 
| 100|0x0000000090400000, 0x0000000090400000, 0x0000000090500000|  0%| F|  |TAMS 0x0000000090400000, 0x0000000090400000| Untracked 
| 101|0x0000000090500000, 0x0000000090500000, 0x0000000090600000|  0%| F|  |TAMS 0x0000000090500000, 0x0000000090500000| Untracked 
| 102|0x0000000090600000, 0x0000000090600000, 0x0000000090700000|  0%| F|  |TAMS 0x0000000090600000, 0x0000000090600000| Untracked 
| 103|0x0000000090700000, 0x0000000090700000, 0x0000000090800000|  0%| F|  |TAMS 0x0000000090700000, 0x0000000090700000| Untracked 
| 104|0x0000000090800000, 0x0000000090800000, 0x0000000090900000|  0%| F|  |TAMS 0x0000000090800000, 0x0000000090800000| Untracked 
| 105|0x0000000090900000, 0x0000000090900000, 0x0000000090a00000|  0%| F|  |TAMS 0x0000000090900000, 0x0000000090900000| Untracked 
| 106|0x0000000090a00000, 0x0000000090a00000, 0x0000000090b00000|  0%| F|  |TAMS 0x0000000090a00000, 0x0000000090a00000| Untracked 
| 107|0x0000000090b00000, 0x0000000090b00000, 0x0000000090c00000|  0%| F|  |TAMS 0x0000000090b00000, 0x0000000090b00000| Untracked 
| 108|0x0000000090c00000, 0x0000000090c00000, 0x0000000090d00000|  0%| F|  |TAMS 0x0000000090c00000, 0x0000000090c00000| Untracked 
| 109|0x0000000090d00000, 0x0000000090d00000, 0x0000000090e00000|  0%| F|  |TAMS 0x0000000090d00000, 0x0000000090d00000| Untracked 
| 110|0x0000000090e00000, 0x0000000090e00000, 0x0000000090f00000|  0%| F|  |TAMS 0x0000000090e00000, 0x0000000090e00000| Untracked 
| 111|0x0000000090f00000, 0x0000000090f00000, 0x0000000091000000|  0%| F|  |TAMS 0x0000000090f00000, 0x0000000090f00000| Untracked 
| 112|0x0000000091000000, 0x0000000091000000, 0x0000000091100000|  0%| F|  |TAMS 0x0000000091000000, 0x0000000091000000| Untracked 
| 113|0x0000000091100000, 0x0000000091100000, 0x0000000091200000|  0%| F|  |TAMS 0x0000000091100000, 0x0000000091100000| Untracked 
| 114|0x0000000091200000, 0x0000000091200000, 0x0000000091300000|  0%| F|  |TAMS 0x0000000091200000, 0x0000000091200000| Untracked 
| 115|0x0000000091300000, 0x0000000091300000, 0x0000000091400000|  0%| F|  |TAMS 0x0000000091300000, 0x0000000091300000| Untracked 
| 116|0x0000000091400000, 0x0000000091400000, 0x0000000091500000|  0%| F|  |TAMS 0x0000000091400000, 0x0000000091400000| Untracked 
| 117|0x0000000091500000, 0x000000009150b178, 0x0000000091600000|  4%| E|  |TAMS 0x0000000091500000, 0x0000000091500000| Complete 
| 118|0x0000000091600000, 0x0000000091680740, 0x0000000091700000| 50%| S|CS|TAMS 0x0000000091600000, 0x0000000091600000| Complete 
| 119|0x0000000091700000, 0x0000000091800000, 0x0000000091800000|100%| S|CS|TAMS 0x0000000091700000, 0x0000000091700000| Complete 
| 120|0x0000000091800000, 0x0000000091900000, 0x0000000091900000|100%| S|CS|TAMS 0x0000000091800000, 0x0000000091800000| Complete 
| 121|0x0000000091900000, 0x0000000091a00000, 0x0000000091a00000|100%|HS|  |TAMS 0x0000000091900000, 0x0000000091900000| Complete 
| 122|0x0000000091a00000, 0x0000000091b00000, 0x0000000091b00000|100%|HC|  |TAMS 0x0000000091a00000, 0x0000000091a00000| Complete 
| 123|0x0000000091b00000, 0x0000000091c00000, 0x0000000091c00000|100%|HC|  |TAMS 0x0000000091b00000, 0x0000000091b00000| Complete 
| 124|0x0000000091c00000, 0x0000000091d00000, 0x0000000091d00000|100%|HC|  |TAMS 0x0000000091c00000, 0x0000000091c00000| Complete 
| 125|0x0000000091d00000, 0x0000000091e00000, 0x0000000091e00000|100%|HC|  |TAMS 0x0000000091d00000, 0x0000000091d00000| Complete 
| 126|0x0000000091e00000, 0x0000000091f00000, 0x0000000091f00000|100%|HC|  |TAMS 0x0000000091e00000, 0x0000000091e00000| Complete 
| 127|0x0000000091f00000, 0x0000000092000000, 0x0000000092000000|100%|HC|  |TAMS 0x0000000091f00000, 0x0000000091f00000| Complete 
| 128|0x0000000092000000, 0x0000000092100000, 0x0000000092100000|100%|HC|  |TAMS 0x0000000092000000, 0x0000000092000000| Complete 
| 129|0x0000000092100000, 0x0000000092200000, 0x0000000092200000|100%|HC|  |TAMS 0x0000000092100000, 0x0000000092100000| Complete 
| 130|0x0000000092200000, 0x0000000092300000, 0x0000000092300000|100%|HC|  |TAMS 0x0000000092200000, 0x0000000092200000| Complete 
| 131|0x0000000092300000, 0x0000000092400000, 0x0000000092400000|100%|HC|  |TAMS 0x0000000092300000, 0x0000000092300000| Complete 
| 132|0x0000000092400000, 0x0000000092500000, 0x0000000092500000|100%|HC|  |TAMS 0x0000000092400000, 0x0000000092400000| Complete 
| 133|0x0000000092500000, 0x0000000092600000, 0x0000000092600000|100%|HC|  |TAMS 0x0000000092500000, 0x0000000092500000| Complete 
| 134|0x0000000092600000, 0x0000000092700000, 0x0000000092700000|100%|HC|  |TAMS 0x0000000092600000, 0x0000000092600000| Complete 
| 135|0x0000000092700000, 0x0000000092800000, 0x0000000092800000|100%|HC|  |TAMS 0x0000000092700000, 0x0000000092700000| Complete 
| 136|0x0000000092800000, 0x0000000092900000, 0x0000000092900000|100%|HC|  |TAMS 0x0000000092800000, 0x0000000092800000| Complete 
| 137|0x0000000092900000, 0x0000000092a00000, 0x0000000092a00000|100%|HC|  |TAMS 0x0000000092900000, 0x0000000092900000| Complete 
| 138|0x0000000092a00000, 0x0000000092b00000, 0x0000000092b00000|100%|HC|  |TAMS 0x0000000092a00000, 0x0000000092a00000| Complete 
| 139|0x0000000092b00000, 0x0000000092c00000, 0x0000000092c00000|100%|HC|  |TAMS 0x0000000092b00000, 0x0000000092b00000| Complete 
| 140|0x0000000092c00000, 0x0000000092d00000, 0x0000000092d00000|100%|HC|  |TAMS 0x0000000092c00000, 0x0000000092c00000| Complete 
| 141|0x0000000092d00000, 0x0000000092e00000, 0x0000000092e00000|100%|HC|  |TAMS 0x0000000092d00000, 0x0000000092d00000| Complete 
| 142|0x0000000092e00000, 0x0000000092f00000, 0x0000000092f00000|100%|HC|  |TAMS 0x0000000092e00000, 0x0000000092e00000| Complete 
| 143|0x0000000092f00000, 0x0000000093000000, 0x0000000093000000|100%|HC|  |TAMS 0x0000000092f00000, 0x0000000092f00000| Complete 
| 144|0x0000000093000000, 0x0000000093100000, 0x0000000093100000|100%|HC|  |TAMS 0x0000000093000000, 0x0000000093000000| Complete 
| 145|0x0000000093100000, 0x0000000093200000, 0x0000000093200000|100%|HC|  |TAMS 0x0000000093100000, 0x0000000093100000| Complete 
| 146|0x0000000093200000, 0x0000000093300000, 0x0000000093300000|100%|HC|  |TAMS 0x0000000093200000, 0x0000000093200000| Complete 
| 147|0x0000000093300000, 0x0000000093400000, 0x0000000093400000|100%|HC|  |TAMS 0x0000000093300000, 0x0000000093300000| Complete 
| 148|0x0000000093400000, 0x0000000093500000, 0x0000000093500000|100%|HC|  |TAMS 0x0000000093400000, 0x0000000093400000| Complete 
| 149|0x0000000093500000, 0x0000000093600000, 0x0000000093600000|100%|HC|  |TAMS 0x0000000093500000, 0x0000000093500000| Complete 
| 150|0x0000000093600000, 0x0000000093700000, 0x0000000093700000|100%|HC|  |TAMS 0x0000000093600000, 0x0000000093600000| Complete 
| 151|0x0000000093700000, 0x0000000093800000, 0x0000000093800000|100%|HC|  |TAMS 0x0000000093700000, 0x0000000093700000| Complete 
| 152|0x0000000093800000, 0x0000000093900000, 0x0000000093900000|100%|HC|  |TAMS 0x0000000093800000, 0x0000000093800000| Complete 
| 153|0x0000000093900000, 0x0000000093a00000, 0x0000000093a00000|100%|HC|  |TAMS 0x0000000093900000, 0x0000000093900000| Complete 
| 154|0x0000000093a00000, 0x0000000093b00000, 0x0000000093b00000|100%|HC|  |TAMS 0x0000000093a00000, 0x0000000093a00000| Complete 
| 155|0x0000000093b00000, 0x0000000093c00000, 0x0000000093c00000|100%|HC|  |TAMS 0x0000000093b00000, 0x0000000093b00000| Complete 
| 156|0x0000000093c00000, 0x0000000093d00000, 0x0000000093d00000|100%|HC|  |TAMS 0x0000000093c00000, 0x0000000093c00000| Complete 
| 157|0x0000000093d00000, 0x0000000093e00000, 0x0000000093e00000|100%|HC|  |TAMS 0x0000000093d00000, 0x0000000093d00000| Complete 
| 158|0x0000000093e00000, 0x0000000093f00000, 0x0000000093f00000|100%|HC|  |TAMS 0x0000000093e00000, 0x0000000093e00000| Complete 
| 159|0x0000000093f00000, 0x0000000094000000, 0x0000000094000000|100%|HC|  |TAMS 0x0000000093f00000, 0x0000000093f00000| Complete 
| 160|0x0000000094000000, 0x0000000094100000, 0x0000000094100000|100%|HC|  |TAMS 0x0000000094000000, 0x0000000094000000| Complete 
| 161|0x0000000094100000, 0x0000000094200000, 0x0000000094200000|100%|HC|  |TAMS 0x0000000094100000, 0x0000000094100000| Complete 
| 162|0x0000000094200000, 0x0000000094300000, 0x0000000094300000|100%|HC|  |TAMS 0x0000000094200000, 0x0000000094200000| Complete 
| 163|0x0000000094300000, 0x0000000094400000, 0x0000000094400000|100%|HC|  |TAMS 0x0000000094300000, 0x0000000094300000| Complete 
| 164|0x0000000094400000, 0x0000000094500000, 0x0000000094500000|100%|HC|  |TAMS 0x0000000094400000, 0x0000000094400000| Complete 
| 165|0x0000000094500000, 0x0000000094600000, 0x0000000094600000|100%|HC|  |TAMS 0x0000000094500000, 0x0000000094500000| Complete 
| 166|0x0000000094600000, 0x0000000094700000, 0x0000000094700000|100%|HC|  |TAMS 0x0000000094600000, 0x0000000094600000| Complete 
| 167|0x0000000094700000, 0x0000000094800000, 0x0000000094800000|100%|HC|  |TAMS 0x0000000094700000, 0x0000000094700000| Complete 
| 168|0x0000000094800000, 0x0000000094900000, 0x0000000094900000|100%|HC|  |TAMS 0x0000000094800000, 0x0000000094800000| Complete 
| 169|0x0000000094900000, 0x0000000094a00000, 0x0000000094a00000|100%|HC|  |TAMS 0x0000000094900000, 0x0000000094900000| Complete 
| 170|0x0000000094a00000, 0x0000000094b00000, 0x0000000094b00000|100%|HC|  |TAMS 0x0000000094a00000, 0x0000000094a00000| Complete 
| 171|0x0000000094b00000, 0x0000000094c00000, 0x0000000094c00000|100%|HC|  |TAMS 0x0000000094b00000, 0x0000000094b00000| Complete 
| 172|0x0000000094c00000, 0x0000000094d00000, 0x0000000094d00000|100%|HC|  |TAMS 0x0000000094c00000, 0x0000000094c00000| Complete 
| 173|0x0000000094d00000, 0x0000000094e00000, 0x0000000094e00000|100%|HC|  |TAMS 0x0000000094d00000, 0x0000000094d00000| Complete 
| 174|0x0000000094e00000, 0x0000000094f00000, 0x0000000094f00000|100%|HC|  |TAMS 0x0000000094e00000, 0x0000000094e00000| Complete 
| 175|0x0000000094f00000, 0x0000000095000000, 0x0000000095000000|100%|HC|  |TAMS 0x0000000094f00000, 0x0000000094f00000| Complete 
| 176|0x0000000095000000, 0x0000000095100000, 0x0000000095100000|100%|HC|  |TAMS 0x0000000095000000, 0x0000000095000000| Complete 
| 177|0x0000000095100000, 0x0000000095200000, 0x0000000095200000|100%|HC|  |TAMS 0x0000000095100000, 0x0000000095100000| Complete 
| 178|0x0000000095200000, 0x0000000095300000, 0x0000000095300000|100%|HC|  |TAMS 0x0000000095200000, 0x0000000095200000| Complete 
| 179|0x0000000095300000, 0x0000000095400000, 0x0000000095400000|100%|HC|  |TAMS 0x0000000095300000, 0x0000000095300000| Complete 
| 180|0x0000000095400000, 0x0000000095500000, 0x0000000095500000|100%|HC|  |TAMS 0x0000000095400000, 0x0000000095400000| Complete 
| 181|0x0000000095500000, 0x0000000095600000, 0x0000000095600000|100%|HC|  |TAMS 0x0000000095500000, 0x0000000095500000| Complete 
| 182|0x0000000095600000, 0x0000000095700000, 0x0000000095700000|100%|HC|  |TAMS 0x0000000095600000, 0x0000000095600000| Complete 
| 183|0x0000000095700000, 0x0000000095800000, 0x0000000095800000|100%|HC|  |TAMS 0x0000000095700000, 0x0000000095700000| Complete 
| 184|0x0000000095800000, 0x0000000095900000, 0x0000000095900000|100%|HC|  |TAMS 0x0000000095800000, 0x0000000095800000| Complete 
| 185|0x0000000095900000, 0x0000000095a00000, 0x0000000095a00000|100%|HC|  |TAMS 0x0000000095900000, 0x0000000095900000| Complete 
| 186|0x0000000095a00000, 0x0000000095b00000, 0x0000000095b00000|100%|HC|  |TAMS 0x0000000095a00000, 0x0000000095a00000| Complete 
| 187|0x0000000095b00000, 0x0000000095c00000, 0x0000000095c00000|100%|HC|  |TAMS 0x0000000095b00000, 0x0000000095b00000| Complete 
| 188|0x0000000095c00000, 0x0000000095d00000, 0x0000000095d00000|100%|HC|  |TAMS 0x0000000095c00000, 0x0000000095c00000| Complete 
| 189|0x0000000095d00000, 0x0000000095e00000, 0x0000000095e00000|100%|HC|  |TAMS 0x0000000095d00000, 0x0000000095d00000| Complete 
| 190|0x0000000095e00000, 0x0000000095f00000, 0x0000000095f00000|100%|HC|  |TAMS 0x0000000095e00000, 0x0000000095e00000| Complete 
| 191|0x0000000095f00000, 0x0000000096000000, 0x0000000096000000|100%|HC|  |TAMS 0x0000000095f00000, 0x0000000095f00000| Complete 
| 192|0x0000000096000000, 0x0000000096100000, 0x0000000096100000|100%|HC|  |TAMS 0x0000000096000000, 0x0000000096000000| Complete 
| 193|0x0000000096100000, 0x0000000096200000, 0x0000000096200000|100%|HC|  |TAMS 0x0000000096100000, 0x0000000096100000| Complete 
| 194|0x0000000096200000, 0x0000000096300000, 0x0000000096300000|100%|HC|  |TAMS 0x0000000096200000, 0x0000000096200000| Complete 
| 195|0x0000000096300000, 0x0000000096400000, 0x0000000096400000|100%|HC|  |TAMS 0x0000000096300000, 0x0000000096300000| Complete 
| 196|0x0000000096400000, 0x0000000096500000, 0x0000000096500000|100%|HC|  |TAMS 0x0000000096400000, 0x0000000096400000| Complete 
| 197|0x0000000096500000, 0x0000000096600000, 0x0000000096600000|100%|HC|  |TAMS 0x0000000096500000, 0x0000000096500000| Complete 
| 198|0x0000000096600000, 0x0000000096700000, 0x0000000096700000|100%|HC|  |TAMS 0x0000000096600000, 0x0000000096600000| Complete 
| 199|0x0000000096700000, 0x0000000096800000, 0x0000000096800000|100%|HC|  |TAMS 0x0000000096700000, 0x0000000096700000| Complete 
| 200|0x0000000096800000, 0x0000000096900000, 0x0000000096900000|100%|HC|  |TAMS 0x0000000096800000, 0x0000000096800000| Complete 
| 201|0x0000000096900000, 0x0000000096a00000, 0x0000000096a00000|100%|HC|  |TAMS 0x0000000096900000, 0x0000000096900000| Complete 
| 202|0x0000000096a00000, 0x0000000096b00000, 0x0000000096b00000|100%|HC|  |TAMS 0x0000000096a00000, 0x0000000096a00000| Complete 
| 203|0x0000000096b00000, 0x0000000096c00000, 0x0000000096c00000|100%|HC|  |TAMS 0x0000000096b00000, 0x0000000096b00000| Complete 
| 204|0x0000000096c00000, 0x0000000096d00000, 0x0000000096d00000|100%|HC|  |TAMS 0x0000000096c00000, 0x0000000096c00000| Complete 
| 205|0x0000000096d00000, 0x0000000096e00000, 0x0000000096e00000|100%|HC|  |TAMS 0x0000000096d00000, 0x0000000096d00000| Complete 
| 206|0x0000000096e00000, 0x0000000096f00000, 0x0000000096f00000|100%|HC|  |TAMS 0x0000000096e00000, 0x0000000096e00000| Complete 
| 207|0x0000000096f00000, 0x0000000097000000, 0x0000000097000000|100%|HC|  |TAMS 0x0000000096f00000, 0x0000000096f00000| Complete 
| 208|0x0000000097000000, 0x0000000097100000, 0x0000000097100000|100%|HC|  |TAMS 0x0000000097000000, 0x0000000097000000| Complete 
| 209|0x0000000097100000, 0x0000000097200000, 0x0000000097200000|100%|HC|  |TAMS 0x0000000097100000, 0x0000000097100000| Complete 
| 210|0x0000000097200000, 0x0000000097300000, 0x0000000097300000|100%|HC|  |TAMS 0x0000000097200000, 0x0000000097200000| Complete 
| 211|0x0000000097300000, 0x0000000097400000, 0x0000000097400000|100%|HC|  |TAMS 0x0000000097300000, 0x0000000097300000| Complete 
| 212|0x0000000097400000, 0x0000000097500000, 0x0000000097500000|100%|HC|  |TAMS 0x0000000097400000, 0x0000000097400000| Complete 
| 213|0x0000000097500000, 0x0000000097600000, 0x0000000097600000|100%|HC|  |TAMS 0x0000000097500000, 0x0000000097500000| Complete 
| 214|0x0000000097600000, 0x0000000097700000, 0x0000000097700000|100%|HC|  |TAMS 0x0000000097600000, 0x0000000097600000| Complete 
| 215|0x0000000097700000, 0x0000000097800000, 0x0000000097800000|100%|HC|  |TAMS 0x0000000097700000, 0x0000000097700000| Complete 
| 216|0x0000000097800000, 0x0000000097900000, 0x0000000097900000|100%|HC|  |TAMS 0x0000000097800000, 0x0000000097800000| Complete 
| 217|0x0000000097900000, 0x0000000097a00000, 0x0000000097a00000|100%|HC|  |TAMS 0x0000000097900000, 0x0000000097900000| Complete 
| 218|0x0000000097a00000, 0x0000000097b00000, 0x0000000097b00000|100%|HC|  |TAMS 0x0000000097a00000, 0x0000000097a00000| Complete 
| 219|0x0000000097b00000, 0x0000000097c00000, 0x0000000097c00000|100%|HC|  |TAMS 0x0000000097b00000, 0x0000000097b00000| Complete 
| 220|0x0000000097c00000, 0x0000000097d00000, 0x0000000097d00000|100%|HC|  |TAMS 0x0000000097c00000, 0x0000000097c00000| Complete 
| 221|0x0000000097d00000, 0x0000000097e00000, 0x0000000097e00000|100%|HC|  |TAMS 0x0000000097d00000, 0x0000000097d00000| Complete 
| 222|0x0000000097e00000, 0x0000000097f00000, 0x0000000097f00000|100%|HC|  |TAMS 0x0000000097e00000, 0x0000000097e00000| Complete 
| 223|0x0000000097f00000, 0x0000000098000000, 0x0000000098000000|100%|HC|  |TAMS 0x0000000097f00000, 0x0000000097f00000| Complete 
| 224|0x0000000098000000, 0x0000000098100000, 0x0000000098100000|100%|HC|  |TAMS 0x0000000098000000, 0x0000000098000000| Complete 
| 225|0x0000000098100000, 0x0000000098200000, 0x0000000098200000|100%|HC|  |TAMS 0x0000000098100000, 0x0000000098100000| Complete 
| 226|0x0000000098200000, 0x0000000098300000, 0x0000000098300000|100%|HC|  |TAMS 0x0000000098200000, 0x0000000098200000| Complete 
| 227|0x0000000098300000, 0x0000000098400000, 0x0000000098400000|100%|HC|  |TAMS 0x0000000098300000, 0x0000000098300000| Complete 
| 228|0x0000000098400000, 0x0000000098500000, 0x0000000098500000|100%|HC|  |TAMS 0x0000000098400000, 0x0000000098400000| Complete 
| 229|0x0000000098500000, 0x0000000098600000, 0x0000000098600000|100%|HC|  |TAMS 0x0000000098500000, 0x0000000098500000| Complete 
| 230|0x0000000098600000, 0x0000000098700000, 0x0000000098700000|100%|HC|  |TAMS 0x0000000098600000, 0x0000000098600000| Complete 
| 231|0x0000000098700000, 0x0000000098800000, 0x0000000098800000|100%|HC|  |TAMS 0x0000000098700000, 0x0000000098700000| Complete 
| 232|0x0000000098800000, 0x0000000098900000, 0x0000000098900000|100%|HC|  |TAMS 0x0000000098800000, 0x0000000098800000| Complete 
| 233|0x0000000098900000, 0x0000000098a00000, 0x0000000098a00000|100%|HC|  |TAMS 0x0000000098900000, 0x0000000098900000| Complete 
| 234|0x0000000098a00000, 0x0000000098b00000, 0x0000000098b00000|100%|HC|  |TAMS 0x0000000098a00000, 0x0000000098a00000| Complete 
| 235|0x0000000098b00000, 0x0000000098c00000, 0x0000000098c00000|100%|HC|  |TAMS 0x0000000098b00000, 0x0000000098b00000| Complete 
| 236|0x0000000098c00000, 0x0000000098d00000, 0x0000000098d00000|100%|HC|  |TAMS 0x0000000098c00000, 0x0000000098c00000| Complete 
| 237|0x0000000098d00000, 0x0000000098e00000, 0x0000000098e00000|100%|HC|  |TAMS 0x0000000098d00000, 0x0000000098d00000| Complete 
| 238|0x0000000098e00000, 0x0000000098f00000, 0x0000000098f00000|100%|HC|  |TAMS 0x0000000098e00000, 0x0000000098e00000| Complete 
| 239|0x0000000098f00000, 0x0000000099000000, 0x0000000099000000|100%|HC|  |TAMS 0x0000000098f00000, 0x0000000098f00000| Complete 
| 240|0x0000000099000000, 0x0000000099100000, 0x0000000099100000|100%|HC|  |TAMS 0x0000000099000000, 0x0000000099000000| Complete 
| 241|0x0000000099100000, 0x0000000099200000, 0x0000000099200000|100%|HC|  |TAMS 0x0000000099100000, 0x0000000099100000| Complete 
| 242|0x0000000099200000, 0x0000000099300000, 0x0000000099300000|100%|HC|  |TAMS 0x0000000099200000, 0x0000000099200000| Complete 
| 243|0x0000000099300000, 0x0000000099400000, 0x0000000099400000|100%|HC|  |TAMS 0x0000000099300000, 0x0000000099300000| Complete 
| 244|0x0000000099400000, 0x0000000099500000, 0x0000000099500000|100%|HC|  |TAMS 0x0000000099400000, 0x0000000099400000| Complete 
| 245|0x0000000099500000, 0x0000000099600000, 0x0000000099600000|100%|HC|  |TAMS 0x0000000099500000, 0x0000000099500000| Complete 
| 246|0x0000000099600000, 0x0000000099700000, 0x0000000099700000|100%|HC|  |TAMS 0x0000000099600000, 0x0000000099600000| Complete 
| 247|0x0000000099700000, 0x0000000099800000, 0x0000000099800000|100%|HC|  |TAMS 0x0000000099700000, 0x0000000099700000| Complete 
| 248|0x0000000099800000, 0x0000000099900000, 0x0000000099900000|100%|HC|  |TAMS 0x0000000099800000, 0x0000000099800000| Complete 
| 249|0x0000000099900000, 0x0000000099a00000, 0x0000000099a00000|100%|HC|  |TAMS 0x0000000099900000, 0x0000000099900000| Complete 
| 250|0x0000000099a00000, 0x0000000099b00000, 0x0000000099b00000|100%|HC|  |TAMS 0x0000000099a00000, 0x0000000099a00000| Complete 
| 251|0x0000000099b00000, 0x0000000099c00000, 0x0000000099c00000|100%|HC|  |TAMS 0x0000000099b00000, 0x0000000099b00000| Complete 
| 252|0x0000000099c00000, 0x0000000099d00000, 0x0000000099d00000|100%|HC|  |TAMS 0x0000000099c00000, 0x0000000099c00000| Complete 
| 253|0x0000000099d00000, 0x0000000099e00000, 0x0000000099e00000|100%|HC|  |TAMS 0x0000000099d00000, 0x0000000099d00000| Complete 
| 254|0x0000000099e00000, 0x0000000099f00000, 0x0000000099f00000|100%|HC|  |TAMS 0x0000000099e00000, 0x0000000099e00000| Complete 
| 255|0x0000000099f00000, 0x000000009a000000, 0x000000009a000000|100%|HC|  |TAMS 0x0000000099f00000, 0x0000000099f00000| Complete 
| 256|0x000000009a000000, 0x000000009a100000, 0x000000009a100000|100%|HC|  |TAMS 0x000000009a000000, 0x000000009a000000| Complete 
| 257|0x000000009a100000, 0x000000009a200000, 0x000000009a200000|100%|HC|  |TAMS 0x000000009a100000, 0x000000009a100000| Complete 
| 258|0x000000009a200000, 0x000000009a300000, 0x000000009a300000|100%|HC|  |TAMS 0x000000009a200000, 0x000000009a200000| Complete 

Card table byte_map: [0x000001eceeb40000,0x000001eceeef0000] _byte_map_base: 0x000001ecee6f0000

Marking Bits (Prev, Next): (CMBitMap*) 0x000001ecdbbb9ca0, (CMBitMap*) 0x000001ecdbbb9c60
 Prev Bits: [0x000001ecf1020000, 0x000001ecf2da0000)
 Next Bits: [0x000001ecef2a0000, 0x000001ecf1020000)

Polling page: 0x000001ecd9b90000

Metaspace:

Usage:
  Non-class:     24.04 MB used.
      Class:      2.76 MB used.
       Both:     26.80 MB used.

Virtual space:
  Non-class space:       32.00 MB reserved,      24.12 MB ( 75%) committed,  4 nodes.
      Class space:        1.00 GB reserved,       2.88 MB ( <1%) committed,  1 nodes.
             Both:        1.03 GB reserved,      27.00 MB (  3%) committed. 

Chunk freelists:
   Non-Class:  2.95 MB
       Class:  1.13 MB
        Both:  4.09 MB

MaxMetaspaceSize: unlimited
CompressedClassSpaceSize: 1.00 GB
Initial GC threshold: 21.00 MB
Current GC threshold: 45.00 MB
CDS: off
MetaspaceReclaimPolicy: balanced
 - commit_granule_bytes: 65536.
 - commit_granule_words: 8192.
 - virtual_space_node_default_size: 1048576.
 - enlarge_chunks_in_place: 1.
 - new_chunks_are_fully_committed: 0.
 - uncommit_free_chunks: 1.
 - use_allocation_guard: 0.
 - handle_deallocations: 1.


Internal statistics:

num_allocs_failed_limit: 3.
num_arena_births: 176.
num_arena_deaths: 0.
num_vsnodes_births: 5.
num_vsnodes_deaths: 0.
num_space_committed: 432.
num_space_uncommitted: 0.
num_chunks_returned_to_freelist: 3.
num_chunks_taken_from_freelist: 419.
num_chunk_merges: 0.
num_chunk_splits: 240.
num_chunks_enlarged: 139.
num_purges: 0.
num_inconsistent_stats: 0.

CodeHeap 'non-profiled nmethods': size=120000Kb used=1309Kb max_used=1309Kb free=118690Kb
 bounds [0x000001ece6d10000, 0x000001ece6f80000, 0x000001ecee240000]
CodeHeap 'profiled nmethods': size=120000Kb used=7559Kb max_used=7559Kb free=112440Kb
 bounds [0x000001ecdf7e0000, 0x000001ecdff50000, 0x000001ece6d10000]
CodeHeap 'non-nmethods': size=5760Kb used=1395Kb max_used=1431Kb free=4364Kb
 bounds [0x000001ecdf240000, 0x000001ecdf4b0000, 0x000001ecdf7e0000]
 total_blobs=4522 nmethods=3770 adapters=661
 compilation: enabled
              stopped_count=0, restarted_count=0
 full_count=0

Compilation events (20 events):
Event: 76.917 Thread 0x000001ecf6414450 3766       4       java.util.stream.AbstractPipeline::isParallel (8 bytes)
Event: 76.917 Thread 0x000001ecf6416e50 nmethod 3764 0x000001ecdff32010 code [0x000001ecdff321c0, 0x000001ecdff323e8]
Event: 76.918 Thread 0x000001ecf6414450 nmethod 3766 0x000001ece6e56e90 code [0x000001ece6e57000, 0x000001ece6e57098]
Event: 76.919 Thread 0x000001ecf6416e50 3767       3       com.mysql.cj.protocol.a.NativePacketPayload::ensureCapacity (93 bytes)
Event: 76.919 Thread 0x000001ecf6416e50 nmethod 3767 0x000001ecdff32490 code [0x000001ecdff32680, 0x000001ecdff32a28]
Event: 76.919 Thread 0x000001ecf6416e50 3768       3       com.mysql.cj.protocol.a.NativePacketPayload::adjustPayloadLength (20 bytes)
Event: 76.919 Thread 0x000001ecf6416e50 nmethod 3768 0x000001ecdff32b10 code [0x000001ecdff32ca0, 0x000001ecdff32df8]
Event: 76.920 Thread 0x000001ecf6414450 3769       4       java.lang.String::<init> (830 bytes)
Event: 76.920 Thread 0x000001ecf6416e50 3770       3       com.mysql.cj.util.LazyString::createAndCacheString (60 bytes)
Event: 76.921 Thread 0x000001ecf6416e50 nmethod 3770 0x000001ecdff32e90 code [0x000001ecdff33040, 0x000001ecdff332b8]
Event: 76.921 Thread 0x000001ecf6416e50 3771       1       sun.nio.cs.SingleByte$Decoder::isASCIICompatible (5 bytes)
Event: 76.921 Thread 0x000001ecf6416e50 nmethod 3771 0x000001ece6e57190 code [0x000001ece6e57320, 0x000001ece6e573f8]
Event: 76.922 Thread 0x000001ecf6416e50 3773       3       com.mysql.cj.util.StringInspector::indexOfNextChar (1428 bytes)
Event: 76.943 Thread 0x000001ecf6416e50 nmethod 3773 0x000001ecdff33390 code [0x000001ecdff34120, 0x000001ecdff3d888]
Event: 76.943 Thread 0x000001ecf6416e50 3774       3       com.mysql.cj.util.StringInspector::indexOfNextNonWsChar (66 bytes)
Event: 76.944 Thread 0x000001ecf6416e50 nmethod 3774 0x000001ecdff40710 code [0x000001ecdff40900, 0x000001ecdff40d38]
Event: 76.944 Thread 0x000001ecf6416e50 3775       3       com.mysql.cj.util.StringInspector::incrementPosition (77 bytes)
Event: 76.945 Thread 0x000001ecf6416e50 nmethod 3775 0x000001ecdff40f10 code [0x000001ecdff41120, 0x000001ecdff418c8]
Event: 76.945 Thread 0x000001ecf6416e50 3776       3       com.mysql.cj.util.StringInspector::incrementPosition (9 bytes)
Event: 76.945 Thread 0x000001ecf6416e50 nmethod 3776 0x000001ecdff41b10 code [0x000001ecdff41cc0, 0x000001ecdff41e08]

GC Heap History (20 events):
Event: 19.044 GC heap before
{Heap before GC invocations=6 (full 0):
 garbage-first heap   total 48128K, used 30995K [0x000000008a000000, 0x0000000100000000)
  region size 1024K, 7 young (7168K), 1 survivors (1024K)
 Metaspace       used 24242K, committed 24384K, reserved 1073152K
  class space    used 2496K, committed 2560K, reserved 1048576K
}
Event: 19.046 GC heap after
{Heap after GC invocations=7 (full 0):
 garbage-first heap   total 48128K, used 30038K [0x000000008a000000, 0x0000000100000000)
  region size 1024K, 2 young (2048K), 2 survivors (2048K)
 Metaspace       used 24242K, committed 24384K, reserved 1073152K
  class space    used 2496K, committed 2560K, reserved 1048576K
}
Event: 19.404 GC heap before
{Heap before GC invocations=8 (full 0):
 garbage-first heap   total 63488K, used 41302K [0x000000008a000000, 0x0000000100000000)
  region size 1024K, 8 young (8192K), 2 survivors (2048K)
 Metaspace       used 24302K, committed 24448K, reserved 1073152K
  class space    used 2501K, committed 2560K, reserved 1048576K
}
Event: 19.408 GC heap after
{Heap after GC invocations=9 (full 0):
 garbage-first heap   total 63488K, used 36572K [0x000000008a000000, 0x0000000100000000)
  region size 1024K, 1 young (1024K), 1 survivors (1024K)
 Metaspace       used 24302K, committed 24448K, reserved 1073152K
  class space    used 2501K, committed 2560K, reserved 1048576K
}
Event: 26.313 GC heap before
{Heap before GC invocations=9 (full 0):
 garbage-first heap   total 63488K, used 37596K [0x000000008a000000, 0x0000000100000000)
  region size 1024K, 3 young (3072K), 1 survivors (1024K)
 Metaspace       used 25110K, committed 25408K, reserved 1073152K
  class space    used 2567K, committed 2688K, reserved 1048576K
}
Event: 26.314 GC heap after
{Heap after GC invocations=10 (full 0):
 garbage-first heap   total 63488K, used 37061K [0x000000008a000000, 0x0000000100000000)
  region size 1024K, 1 young (1024K), 1 survivors (1024K)
 Metaspace       used 25110K, committed 25408K, reserved 1073152K
  class space    used 2567K, committed 2688K, reserved 1048576K
}
Event: 27.415 GC heap before
{Heap before GC invocations=11 (full 0):
 garbage-first heap   total 66560K, used 43205K [0x000000008a000000, 0x0000000100000000)
  region size 1024K, 7 young (7168K), 1 survivors (1024K)
 Metaspace       used 26555K, committed 26816K, reserved 1073152K
  class space    used 2784K, committed 2944K, reserved 1048576K
}
Event: 27.418 GC heap after
{Heap after GC invocations=12 (full 0):
 garbage-first heap   total 66560K, used 38700K [0x000000008a000000, 0x0000000100000000)
  region size 1024K, 2 young (2048K), 2 survivors (2048K)
 Metaspace       used 26555K, committed 26816K, reserved 1073152K
  class space    used 2784K, committed 2944K, reserved 1048576K
}
Event: 35.520 GC heap before
{Heap before GC invocations=13 (full 0):
 garbage-first heap   total 78848K, used 50988K [0x000000008a000000, 0x0000000100000000)
  region size 1024K, 10 young (10240K), 2 survivors (2048K)
 Metaspace       used 26787K, committed 27072K, reserved 1073152K
  class space    used 2791K, committed 2944K, reserved 1048576K
}
Event: 35.523 GC heap after
{Heap after GC invocations=14 (full 0):
 garbage-first heap   total 95232K, used 44899K [0x000000008a000000, 0x0000000100000000)
  region size 1024K, 1 young (1024K), 1 survivors (1024K)
 Metaspace       used 26787K, committed 27072K, reserved 1073152K
  class space    used 2791K, committed 2944K, reserved 1048576K
}
Event: 74.823 GC heap before
{Heap before GC invocations=15 (full 0):
 garbage-first heap   total 95232K, used 56163K [0x000000008a000000, 0x0000000100000000)
  region size 1024K, 10 young (10240K), 1 survivors (1024K)
 Metaspace       used 27251K, committed 27456K, reserved 1073152K
  class space    used 2810K, committed 2944K, reserved 1048576K
}
Event: 74.826 GC heap after
{Heap after GC invocations=16 (full 0):
 garbage-first heap   total 95232K, used 48253K [0x000000008a000000, 0x0000000100000000)
  region size 1024K, 2 young (2048K), 2 survivors (2048K)
 Metaspace       used 27251K, committed 27456K, reserved 1073152K
  class space    used 2810K, committed 2944K, reserved 1048576K
}
Event: 75.014 GC heap before
{Heap before GC invocations=17 (full 0):
 garbage-first heap   total 95232K, used 51325K [0x000000008a000000, 0x0000000100000000)
  region size 1024K, 6 young (6144K), 2 survivors (2048K)
 Metaspace       used 27302K, committed 27520K, reserved 1073152K
  class space    used 2815K, committed 2944K, reserved 1048576K
}
Event: 75.017 GC heap after
{Heap after GC invocations=18 (full 0):
 garbage-first heap   total 95232K, used 50217K [0x000000008a000000, 0x0000000100000000)
  region size 1024K, 2 young (2048K), 2 survivors (2048K)
 Metaspace       used 27302K, committed 27520K, reserved 1073152K
  class space    used 2815K, committed 2944K, reserved 1048576K
}
Event: 75.169 GC heap before
{Heap before GC invocations=19 (full 0):
 garbage-first heap   total 96256K, used 59433K [0x000000008a000000, 0x0000000100000000)
  region size 1024K, 8 young (8192K), 2 survivors (2048K)
 Metaspace       used 27351K, committed 27648K, reserved 1081344K
  class space    used 2820K, committed 2944K, reserved 1048576K
}
Event: 75.171 GC heap after
{Heap after GC invocations=20 (full 0):
 garbage-first heap   total 96256K, used 55162K [0x000000008a000000, 0x0000000100000000)
  region size 1024K, 2 young (2048K), 2 survivors (2048K)
 Metaspace       used 27351K, committed 27648K, reserved 1081344K
  class space    used 2820K, committed 2944K, reserved 1048576K
}
Event: 76.200 GC heap before
{Heap before GC invocations=21 (full 0):
 garbage-first heap   total 104448K, used 65402K [0x000000008a000000, 0x0000000100000000)
  region size 1024K, 9 young (9216K), 2 survivors (2048K)
 Metaspace       used 27385K, committed 27648K, reserved 1081344K
  class space    used 2822K, committed 2944K, reserved 1048576K
}
Event: 76.203 GC heap after
{Heap after GC invocations=22 (full 0):
 garbage-first heap   total 125952K, used 60646K [0x000000008a000000, 0x0000000100000000)
  region size 1024K, 3 young (3072K), 3 survivors (3072K)
 Metaspace       used 27385K, committed 27648K, reserved 1081344K
  class space    used 2822K, committed 2944K, reserved 1048576K
}
Event: 76.934 GC heap before
{Heap before GC invocations=23 (full 0):
 garbage-first heap   total 125952K, used 62694K [0x000000008a000000, 0x0000000100000000)
  region size 1024K, 5 young (5120K), 3 survivors (3072K)
 Metaspace       used 27444K, committed 27648K, reserved 1081344K
  class space    used 2830K, committed 2944K, reserved 1048576K
}
Event: 76.937 GC heap after
{Heap after GC invocations=24 (full 0):
 garbage-first heap   total 125952K, used 62070K [0x000000008a000000, 0x0000000100000000)
  region size 1024K, 3 young (3072K), 3 survivors (3072K)
 Metaspace       used 27444K, committed 27648K, reserved 1081344K
  class space    used 2830K, committed 2944K, reserved 1048576K
}

Deoptimization events (20 events):
Event: 27.065 Thread 0x000001ecf77100a0 Uncommon trap: trap_request=0xffffff45 fr.pc=0x000001ece6d9e3e8 relative=0x00000000000004a8
Event: 27.065 Thread 0x000001ecf77100a0 Uncommon trap: reason=unstable_if action=reinterpret pc=0x000001ece6d9e3e8 method=java.lang.AbstractStringBuilder.putStringAt(ILjava/lang/String;II)V @ 8 c2
Event: 27.065 Thread 0x000001ecf77100a0 DEOPT PACKING pc=0x000001ece6d9e3e8 sp=0x0000006e235fdc40
Event: 27.065 Thread 0x000001ecf77100a0 DEOPT UNPACKING pc=0x000001ecdf2923a3 sp=0x0000006e235fdb30 mode 2
Event: 30.007 Thread 0x000001ecf77100a0 Uncommon trap: trap_request=0xffffff45 fr.pc=0x000001ece6df1ee0 relative=0x00000000000014c0
Event: 30.007 Thread 0x000001ecf77100a0 Uncommon trap: reason=unstable_if action=reinterpret pc=0x000001ece6df1ee0 method=java.beans.ChangeListenerMap.get(Ljava/lang/String;)[Ljava/util/EventListener; @ 4 c2
Event: 30.007 Thread 0x000001ecf77100a0 DEOPT PACKING pc=0x000001ece6df1ee0 sp=0x0000006e235fe300
Event: 30.007 Thread 0x000001ecf77100a0 DEOPT UNPACKING pc=0x000001ecdf2923a3 sp=0x0000006e235fe168 mode 2
Event: 64.673 Thread 0x000001ecff7bf0b0 Uncommon trap: trap_request=0xffffffde fr.pc=0x000001ece6dcfe60 relative=0x00000000000029c0
Event: 64.673 Thread 0x000001ecff7bf0b0 Uncommon trap: reason=class_check action=maybe_recompile pc=0x000001ece6dcfe60 method=sun.awt.image.PNGImageDecoder.produceImage()V @ 23 c2
Event: 64.673 Thread 0x000001ecff7bf0b0 DEOPT PACKING pc=0x000001ece6dcfe60 sp=0x0000006e212ff130
Event: 64.673 Thread 0x000001ecff7bf0b0 DEOPT UNPACKING pc=0x000001ecdf2923a3 sp=0x0000006e212ff090 mode 2
Event: 66.172 Thread 0x000001ecf77100a0 Uncommon trap: trap_request=0xffffff45 fr.pc=0x000001ece6def5e0 relative=0x0000000000001a20
Event: 66.172 Thread 0x000001ecf77100a0 Uncommon trap: reason=unstable_if action=reinterpret pc=0x000001ece6def5e0 method=sun.awt.SunToolkit.isInstanceOf(Ljava/lang/Class;Ljava/lang/String;)Z @ 14 c2
Event: 66.172 Thread 0x000001ecf77100a0 DEOPT PACKING pc=0x000001ece6def5e0 sp=0x0000006e235fdf40
Event: 66.172 Thread 0x000001ecf77100a0 DEOPT UNPACKING pc=0x000001ecdf2923a3 sp=0x0000006e235fdf10 mode 2
Event: 74.860 Thread 0x000001ecff7b8ba0 Uncommon trap: trap_request=0xffffff45 fr.pc=0x000001ece6df307c relative=0x000000000000029c
Event: 74.860 Thread 0x000001ecff7b8ba0 Uncommon trap: reason=unstable_if action=reinterpret pc=0x000001ece6df307c method=java.awt.ImageMediaEntry.imageUpdate(Ljava/awt/Image;IIIII)Z @ 4 c2
Event: 74.860 Thread 0x000001ecff7b8ba0 DEOPT PACKING pc=0x000001ece6df307c sp=0x0000006e213ff0b0
Event: 74.860 Thread 0x000001ecff7b8ba0 DEOPT UNPACKING pc=0x000001ecdf2923a3 sp=0x0000006e213fed08 mode 2

Classes unloaded (0 events):
No events

Classes redefined (0 events):
No events

Internal exceptions (20 events):
Event: 0.729 Thread 0x000001ecdbb7b9f0 Exception <a 'java/io/FileNotFoundException'{0x0000000091167640}> (0x0000000091167640) 
thrown [e:\jenkins\tmp\workspace\build\src\src\hotspot\share\prims\jni.cpp, line 516]
Event: 0.735 Thread 0x000001ecdbb7b9f0 Exception <a 'java/io/FileNotFoundException'{0x00000000911949b0}> (0x00000000911949b0) 
thrown [e:\jenkins\tmp\workspace\build\src\src\hotspot\share\prims\jni.cpp, line 516]
Event: 0.784 Thread 0x000001ecdbb7b9f0 Exception <a 'java/lang/NoSuchMethodError'{0x00000000911cfa10}: 'java.lang.Object java.lang.invoke.DirectMethodHandle$Holder.invokeStaticInit(java.lang.Object)'> (0x00000000911cfa10) 
thrown [e:\jenkins\tmp\workspace\build\src\src\hotspot\share\interpreter\linkResolver.cpp, line 766]
Event: 1.191 Thread 0x000001ecdbb7b9f0 Exception <a 'java/lang/NoSuchMethodError'{0x00000000910b5720}: 'java.lang.Object java.lang.invoke.DirectMethodHandle$Holder.newInvokeSpecial(java.lang.Object, java.lang.Object, java.lang.Object, java.lang.Object, java.lang.Object)'> (0x00000000910b5720) 
thrown [e:\jenkins\tmp\workspace\build\src\src\hotspot\share\interpreter\linkResolver.cpp, line 766]
Event: 1.192 Thread 0x000001ecdbb7b9f0 Exception <a 'java/lang/NoSuchMethodError'{0x00000000910c1640}: 'java.lang.Object java.lang.invoke.DirectMethodHandle$Holder.invokeStatic(java.lang.Object, int, java.lang.Object, java.lang.Object, java.lang.Object, java.lang.Object)'> (0x00000000910c1640) 
thrown [e:\jenkins\tmp\workspace\build\src\src\hotspot\share\interpreter\linkResolver.cpp, line 766]
Event: 1.197 Thread 0x000001ecdbb7b9f0 Exception <a 'java/lang/NoSuchMethodError'{0x00000000910e6e00}: 'java.lang.Object java.lang.invoke.DirectMethodHandle$Holder.invokeStatic(java.lang.Object, int, java.lang.Object)'> (0x00000000910e6e00) 
thrown [e:\jenkins\tmp\workspace\build\src\src\hotspot\share\interpreter\linkResolver.cpp, line 766]
Event: 1.221 Thread 0x000001ecdbb7b9f0 Exception <a 'java/lang/ClassNotFoundException'{0x0000000090f9e7d0}: com/sun/swing/internal/plaf/metal/resources/spi/metalProvider> (0x0000000090f9e7d0) 
thrown [e:\jenkins\tmp\workspace\build\src\src\hotspot\share\classfile\systemDictionary.cpp, line 256]
Event: 1.222 Thread 0x000001ecdbb7b9f0 Exception <a 'java/lang/ClassNotFoundException'{0x0000000090fa2678}: com/sun/swing/internal/plaf/basic/resources/spi/basicProvider> (0x0000000090fa2678) 
thrown [e:\jenkins\tmp\workspace\build\src\src\hotspot\share\classfile\systemDictionary.cpp, line 256]
Event: 1.227 Thread 0x000001ecdbb7b9f0 Implicit null exception at 0x000001ece6d38658 to 0x000001ece6d386ea
Event: 1.232 Thread 0x000001ecdbb7b9f0 Implicit null exception at 0x000001ece6d39d0f to 0x000001ece6d39d85
Event: 1.362 Thread 0x000001ecf671e500 Exception <a 'java/lang/NoSuchMethodError'{0x0000000090c0edf8}: 'java.lang.Object java.lang.invoke.DirectMethodHandle$Holder.newInvokeSpecial(java.lang.Object, java.lang.Object, java.lang.Object, int, int, int, int, int)'> (0x0000000090c0edf8) 
thrown [e:\jenkins\tmp\workspace\build\src\src\hotspot\share\interpreter\linkResolver.cpp, line 766]
Event: 1.430 Thread 0x000001ecf71191e0 Exception <a 'java/lang/NoSuchMethodError'{0x000000009100fb78}: 'void java.lang.invoke.DirectMethodHandle$Holder.invokeVirtual(java.lang.Object, java.lang.Object)'> (0x000000009100fb78) 
thrown [e:\jenkins\tmp\workspace\build\src\src\hotspot\share\interpreter\linkResolver.cpp, line 766]
Event: 1.446 Thread 0x000001ecdbb7b9f0 Exception <a 'java/lang/NoSuchMethodError'{0x0000000090e2af40}: 'void java.lang.invoke.DirectMethodHandle$Holder.invokeStaticInit(java.lang.Object)'> (0x0000000090e2af40) 
thrown [e:\jenkins\tmp\workspace\build\src\src\hotspot\share\interpreter\linkResolver.cpp, line 766]
Event: 17.407 Thread 0x000001ecf77100a0 Implicit null exception at 0x000001ece6d65afc to 0x000001ece6d65b6c
Event: 17.502 Thread 0x000001ecf77100a0 Exception <a 'java/lang/NoSuchMethodError'{0x0000000090fa1730}: 'void java.lang.invoke.DirectMethodHandle$Holder.invokeStatic(java.lang.Object, java.lang.Object, java.lang.Object)'> (0x0000000090fa1730) 
thrown [e:\jenkins\tmp\workspace\build\src\src\hotspot\share\interpreter\linkResolver.cpp, line 766]
Event: 17.504 Thread 0x000001ecf77100a0 Exception <a 'java/lang/NoSuchMethodError'{0x0000000090fab828}: 'java.lang.Object java.lang.invoke.DirectMethodHandle$Holder.invokeVirtual(java.lang.Object, java.lang.Object, java.lang.Object)'> (0x0000000090fab828) 
thrown [e:\jenkins\tmp\workspace\build\src\src\hotspot\share\interpreter\linkResolver.cpp, line 766]
Event: 17.677 Thread 0x000001ecf77100a0 Exception <a 'java/lang/NoSuchMethodError'{0x0000000090b8a4c0}: 'void java.lang.invoke.DirectMethodHandle$Holder.invokeStatic(java.lang.Object, java.lang.Object)'> (0x0000000090b8a4c0) 
thrown [e:\jenkins\tmp\workspace\build\src\src\hotspot\share\interpreter\linkResolver.cpp, line 766]
Event: 18.033 Thread 0x000001ecf77100a0 Exception <a 'java/lang/NoSuchMethodError'{0x000000008cb13dd8}: 'int java.lang.invoke.DirectMethodHandle$Holder.invokeStatic(java.lang.Object)'> (0x000000008cb13dd8) 
thrown [e:\jenkins\tmp\workspace\build\src\src\hotspot\share\interpreter\linkResolver.cpp, line 766]
Event: 18.884 Thread 0x000001ecf7411d80 Exception <a 'java/lang/NoSuchMethodError'{0x00000000915e3d80}: 'void java.lang.invoke.DirectMethodHandle$Holder.invokeStaticInit(java.lang.Object, java.lang.Object)'> (0x00000000915e3d80) 
thrown [e:\jenkins\tmp\workspace\build\src\src\hotspot\share\interpreter\linkResolver.cpp, line 766]
Event: 30.006 Thread 0x000001ecf77100a0 Implicit null exception at 0x000001ece6df0e0f to 0x000001ece6df1ebc

VM Operations (20 events):
Event: 75.017 Executing VM operation: G1TryInitiateConcMark done
Event: 75.028 Executing VM operation: G1Concurrent
Event: 75.031 Executing VM operation: G1Concurrent done
Event: 75.036 Executing VM operation: G1Concurrent
Event: 75.036 Executing VM operation: G1Concurrent done
Event: 75.169 Executing VM operation: G1TryInitiateConcMark
Event: 75.171 Executing VM operation: G1TryInitiateConcMark done
Event: 75.182 Executing VM operation: G1Concurrent
Event: 75.184 Executing VM operation: G1Concurrent done
Event: 75.188 Executing VM operation: G1Concurrent
Event: 75.188 Executing VM operation: G1Concurrent done
Event: 76.200 Executing VM operation: G1TryInitiateConcMark
Event: 76.203 Executing VM operation: G1TryInitiateConcMark done
Event: 76.215 Executing VM operation: G1Concurrent
Event: 76.218 Executing VM operation: G1Concurrent done
Event: 76.222 Executing VM operation: G1Concurrent
Event: 76.222 Executing VM operation: G1Concurrent done
Event: 76.934 Executing VM operation: G1TryInitiateConcMark
Event: 76.937 Executing VM operation: G1TryInitiateConcMark done
Event: 76.947 Executing VM operation: G1Concurrent

Events (20 events):
Event: 74.780 loading class javax/swing/RowSorter
Event: 74.780 loading class javax/swing/RowSorter done
Event: 74.780 loading class javax/swing/table/TableRowSorter
Event: 74.781 loading class javax/swing/DefaultRowSorter
Event: 74.782 loading class javax/swing/DefaultRowSorter done
Event: 74.783 loading class javax/swing/table/TableRowSorter done
Event: 74.815 Thread 0x000001ecff7b86d0 Thread added: 0x000001ecff7b86d0
Event: 74.858 Thread 0x000001ecff7b8ba0 Thread added: 0x000001ecff7b8ba0
Event: 74.861 Thread 0x000001ecff7bf580 Thread added: 0x000001ecff7bf580
Event: 74.880 Thread 0x000001ecff7b9540 Thread added: 0x000001ecff7b9540
Event: 74.893 Thread 0x000001ecff635f60 Thread added: 0x000001ecff635f60
Event: 75.161 loading class javax/swing/table/TableRowSorter$ComparableComparator
Event: 75.162 loading class javax/swing/table/TableRowSorter$ComparableComparator done
Event: 75.162 loading class javax/swing/table/TableRowSorter$TableRowSorterModelWrapper
Event: 75.162 loading class javax/swing/DefaultRowSorter$ModelWrapper
Event: 75.162 loading class javax/swing/DefaultRowSorter$ModelWrapper done
Event: 75.162 loading class javax/swing/table/TableRowSorter$TableRowSorterModelWrapper done
Event: 75.162 loading class javax/swing/JTable$SortManager
Event: 75.163 loading class javax/swing/JTable$SortManager done
Event: 75.345 Thread 0x000001ecff635f60 Thread exited: 0x000001ecff635f60


Dynamic libraries:
0x00007ff6da5e0000 - 0x00007ff6da5ee000 	C:\Users\Azzaya\.p2\pool\plugins\org.eclipse.justj.openjdk.hotspot.jre.full.win32.x86_64_17.0.2.v20220201-1208\jre\bin\javaw.exe
0x00007ffe9b390000 - 0x00007ffe9b585000 	C:\Windows\SYSTEM32\ntdll.dll
0x00007ffe9aa60000 - 0x00007ffe9ab1d000 	C:\Windows\System32\KERNEL32.DLL
0x00007ffe99110000 - 0x00007ffe993dd000 	C:\Windows\System32\KERNELBASE.dll
0x00007ffe98b30000 - 0x00007ffe98c30000 	C:\Windows\System32\ucrtbase.dll
0x00007ffe89fa0000 - 0x00007ffe89fb8000 	C:\Users\Azzaya\.p2\pool\plugins\org.eclipse.justj.openjdk.hotspot.jre.full.win32.x86_64_17.0.2.v20220201-1208\jre\bin\jli.dll
0x00007ffe8a920000 - 0x00007ffe8a939000 	C:\Users\Azzaya\.p2\pool\plugins\org.eclipse.justj.openjdk.hotspot.jre.full.win32.x86_64_17.0.2.v20220201-1208\jre\bin\VCRUNTIME140.dll
0x00007ffe9b1b0000 - 0x00007ffe9b350000 	C:\Windows\System32\USER32.dll
0x00007ffe88ef0000 - 0x00007ffe8918a000 	C:\Windows\WinSxS\amd64_microsoft.windows.common-controls_6595b64144ccf1df_6.0.19041.1110_none_60b5254171f9507e\COMCTL32.dll
0x00007ffe98d20000 - 0x00007ffe98d42000 	C:\Windows\System32\win32u.dll
0x00007ffe9ab20000 - 0x00007ffe9abbe000 	C:\Windows\System32\msvcrt.dll
0x00007ffe9a8a0000 - 0x00007ffe9a8ca000 	C:\Windows\System32\GDI32.dll
0x00007ffe98f50000 - 0x00007ffe9905b000 	C:\Windows\System32\gdi32full.dll
0x00007ffe98c80000 - 0x00007ffe98d1d000 	C:\Windows\System32\msvcp_win.dll
0x00007ffe9a760000 - 0x00007ffe9a790000 	C:\Windows\System32\IMM32.DLL
0x00007ffe8b700000 - 0x00007ffe8b70c000 	C:\Users\Azzaya\.p2\pool\plugins\org.eclipse.justj.openjdk.hotspot.jre.full.win32.x86_64_17.0.2.v20220201-1208\jre\bin\vcruntime140_1.dll
0x00007ffe7a270000 - 0x00007ffe7a301000 	C:\Users\Azzaya\.p2\pool\plugins\org.eclipse.justj.openjdk.hotspot.jre.full.win32.x86_64_17.0.2.v20220201-1208\jre\bin\msvcp140.dll
0x00007ffe334a0000 - 0x00007ffe340e7000 	C:\Users\Azzaya\.p2\pool\plugins\org.eclipse.justj.openjdk.hotspot.jre.full.win32.x86_64_17.0.2.v20220201-1208\jre\bin\server\jvm.dll
0x00007ffe9a790000 - 0x00007ffe9a83e000 	C:\Windows\System32\ADVAPI32.dll
0x00007ffe9ace0000 - 0x00007ffe9ad7c000 	C:\Windows\System32\sechost.dll
0x00007ffe9a930000 - 0x00007ffe9aa55000 	C:\Windows\System32\RPCRT4.dll
0x00007ffe9a750000 - 0x00007ffe9a758000 	C:\Windows\System32\PSAPI.DLL
0x00007ffe93190000 - 0x00007ffe93199000 	C:\Windows\SYSTEM32\WSOCK32.dll
0x00007ffe913d0000 - 0x00007ffe913da000 	C:\Windows\SYSTEM32\VERSION.dll
0x00007ffe8e8d0000 - 0x00007ffe8e8f7000 	C:\Windows\SYSTEM32\WINMM.dll
0x00007ffe9ad80000 - 0x00007ffe9adeb000 	C:\Windows\System32\WS2_32.dll
0x00007ffe969a0000 - 0x00007ffe969b2000 	C:\Windows\SYSTEM32\kernel.appcore.dll
0x00007ffe92830000 - 0x00007ffe9283a000 	C:\Users\Azzaya\.p2\pool\plugins\org.eclipse.justj.openjdk.hotspot.jre.full.win32.x86_64_17.0.2.v20220201-1208\jre\bin\jimage.dll
0x00007ffe83a20000 - 0x00007ffe83c04000 	C:\Windows\SYSTEM32\DBGHELP.DLL
0x00007ffe82b50000 - 0x00007ffe82b7c000 	C:\Windows\SYSTEM32\dbgcore.DLL
0x00007ffe98aa0000 - 0x00007ffe98b22000 	C:\Windows\System32\bcryptPrimitives.dll
0x00007ffe7ed50000 - 0x00007ffe7ed75000 	C:\Users\Azzaya\.p2\pool\plugins\org.eclipse.justj.openjdk.hotspot.jre.full.win32.x86_64_17.0.2.v20220201-1208\jre\bin\java.dll
0x00007ffe8ac00000 - 0x00007ffe8ac18000 	C:\Users\Azzaya\.p2\pool\plugins\org.eclipse.justj.openjdk.hotspot.jre.full.win32.x86_64_17.0.2.v20220201-1208\jre\bin\zip.dll
0x00007ffe99ed0000 - 0x00007ffe9a614000 	C:\Windows\System32\SHELL32.dll
0x00007ffe96ba0000 - 0x00007ffe97334000 	C:\Windows\SYSTEM32\windows.storage.dll
0x00007ffe9ae50000 - 0x00007ffe9b1a4000 	C:\Windows\System32\combase.dll
0x00007ffe98490000 - 0x00007ffe984bc000 	C:\Windows\SYSTEM32\Wldp.dll
0x00007ffe9a620000 - 0x00007ffe9a6cd000 	C:\Windows\System32\SHCORE.dll
0x00007ffe9a8d0000 - 0x00007ffe9a925000 	C:\Windows\System32\shlwapi.dll
0x00007ffe989e0000 - 0x00007ffe989ff000 	C:\Windows\SYSTEM32\profapi.dll
0x00007ffe76e80000 - 0x00007ffe76e99000 	C:\Users\Azzaya\.p2\pool\plugins\org.eclipse.justj.openjdk.hotspot.jre.full.win32.x86_64_17.0.2.v20220201-1208\jre\bin\net.dll
0x00007ffe8bdb0000 - 0x00007ffe8beba000 	C:\Windows\SYSTEM32\WINHTTP.dll
0x00007ffe981f0000 - 0x00007ffe9825a000 	C:\Windows\system32\mswsock.dll
0x00007ffe74d50000 - 0x00007ffe74d65000 	C:\Users\Azzaya\.p2\pool\plugins\org.eclipse.justj.openjdk.hotspot.jre.full.win32.x86_64_17.0.2.v20220201-1208\jre\bin\nio.dll
0x00007ffe761a0000 - 0x00007ffe7632e000 	C:\Users\Azzaya\.p2\pool\plugins\org.eclipse.justj.openjdk.hotspot.jre.full.win32.x86_64_17.0.2.v20220201-1208\jre\bin\awt.dll
0x00007ffe995c0000 - 0x00007ffe9968d000 	C:\Windows\System32\OLEAUT32.dll
0x00007ffe962e0000 - 0x00007ffe96370000 	C:\Windows\SYSTEM32\apphelp.dll
0x00007ffe966b0000 - 0x00007ffe966df000 	C:\Windows\system32\DWMAPI.DLL
0x00007ffe964c0000 - 0x00007ffe9655e000 	C:\Windows\system32\uxtheme.dll
0x00007ffe490c0000 - 0x00007ffe491e6000 	C:\Windows\system32\opengl32.dll
0x00007ffe72f90000 - 0x00007ffe72fbc000 	C:\Windows\SYSTEM32\GLU32.dll
0x00007ffe9abc0000 - 0x00007ffe9acd5000 	C:\Windows\System32\MSCTF.dll
0x00007ffe993e0000 - 0x00007ffe9950a000 	C:\Windows\System32\ole32.dll
0x00007ffe8bf10000 - 0x00007ffe8c0df000 	C:\Windows\system32\d3d9.dll
0x00007ffe98df0000 - 0x00007ffe98f46000 	C:\Windows\System32\crypt32.dll
0x00007ffe905b0000 - 0x00007ffe905e1000 	C:\Windows\SYSTEM32\cryptnet.dll
0x00007ffe98400000 - 0x00007ffe9840c000 	C:\Windows\SYSTEM32\cryptbase.dll
0x00007ffe98d50000 - 0x00007ffe98db8000 	C:\Windows\System32\WINTRUST.DLL
0x00007ffe98690000 - 0x00007ffe986a2000 	C:\Windows\SYSTEM32\MSASN1.dll
0x00007ffe99780000 - 0x00007ffe9979d000 	C:\Windows\System32\imagehlp.dll
0x00007ffe983e0000 - 0x00007ffe983f8000 	C:\Windows\SYSTEM32\CRYPTSP.dll
0x00007ffe97b10000 - 0x00007ffe97b44000 	C:\Windows\system32\rsaenh.dll
0x00007ffe98dc0000 - 0x00007ffe98de7000 	C:\Windows\System32\bcrypt.dll
0x00007ffe772f0000 - 0x00007ffe773f2000 	C:\Windows\System32\DriverStore\FileRepository\nvacegpu.inf_amd64_29c11dbe2f3cfa4e\nvldumdx.dll
0x00007ffe44390000 - 0x00007ffe45b32000 	C:\Windows\System32\DriverStore\FileRepository\nvacegpu.inf_amd64_29c11dbe2f3cfa4e\nvd3dumx.dll
0x00007ffe98550000 - 0x00007ffe9859b000 	C:\Windows\SYSTEM32\powrprof.dll
0x00007ffe98530000 - 0x00007ffe98542000 	C:\Windows\SYSTEM32\UMPDC.dll
0x00007ffe67c50000 - 0x00007ffe67f07000 	C:\Windows\system32\nvspcap64.dll
0x00007ffe977a0000 - 0x00007ffe977d3000 	C:\Windows\SYSTEM32\ntmarta.dll
0x00007ffe97350000 - 0x00007ffe97373000 	C:\Windows\SYSTEM32\gpapi.dll
0x00007ffe8ecd0000 - 0x00007ffe8ed0b000 	C:\Windows\SYSTEM32\dxcore.dll
0x00007ffe98c30000 - 0x00007ffe98c7e000 	C:\Windows\System32\cfgmgr32.dll
0x00007ffe8e990000 - 0x00007ffe8eb6b000 	C:\Windows\System32\DriverStore\FileRepository\u0357176.inf_amd64_828ff99cacd4aa89\B356563\aticfx64.dll
0x00007ffe43430000 - 0x00007ffe43463000 	C:\Windows\System32\DriverStore\FileRepository\u0357176.inf_amd64_828ff99cacd4aa89\B356563\atiu9p64.dll
0x00007ffe366f0000 - 0x00007ffe37386000 	C:\Windows\System32\DriverStore\FileRepository\u0357176.inf_amd64_828ff99cacd4aa89\B356563\atiumd64.dll
0x000000005e920000 - 0x000000005f79d000 	C:\Windows\System32\DriverStore\FileRepository\u0357176.inf_amd64_828ff99cacd4aa89\B356563\atiumd6a.dll
0x00007ffe8ce20000 - 0x00007ffe8ce4f000 	C:\Windows\SYSTEM32\amdihk64.dll
0x00007ffe81520000 - 0x00007ffe8154d000 	C:\Users\Azzaya\.p2\pool\plugins\org.eclipse.justj.openjdk.hotspot.jre.full.win32.x86_64_17.0.2.v20220201-1208\jre\bin\javajpeg.dll
0x00007ffe76110000 - 0x00007ffe76199000 	C:\Users\Azzaya\.p2\pool\plugins\org.eclipse.justj.openjdk.hotspot.jre.full.win32.x86_64_17.0.2.v20220201-1208\jre\bin\freetype.dll
0x00007ffe73800000 - 0x00007ffe738a8000 	C:\Users\Azzaya\.p2\pool\plugins\org.eclipse.justj.openjdk.hotspot.jre.full.win32.x86_64_17.0.2.v20220201-1208\jre\bin\fontmanager.dll
0x00007ffe99510000 - 0x00007ffe995b9000 	C:\Windows\System32\clbcatq.dll
0x00007ffe91d70000 - 0x00007ffe91f24000 	C:\Windows\SYSTEM32\WindowsCodecs.dll
0x00007ffe86940000 - 0x00007ffe8697e000 	C:\Windows\system32\dataexchange.dll
0x00007ffe94a70000 - 0x00007ffe94cd4000 	C:\Windows\system32\d3d11.dll
0x00007ffe973a0000 - 0x00007ffe97493000 	C:\Windows\system32\dxgi.dll
0x00007ffe95700000 - 0x00007ffe958e5000 	C:\Windows\system32\dcomp.dll
0x00007ffe92280000 - 0x00007ffe92481000 	C:\Windows\system32\twinapi.appcore.dll
0x00007ffe8aed0000 - 0x00007ffe8afc9000 	C:\Windows\SYSTEM32\textinputframework.dll
0x00007ffe95c70000 - 0x00007ffe95fce000 	C:\Windows\System32\CoreUIComponents.dll
0x00007ffe960b0000 - 0x00007ffe961a2000 	C:\Windows\System32\CoreMessaging.dll
0x00007ffe94910000 - 0x00007ffe94a64000 	C:\Windows\SYSTEM32\wintypes.dll
0x00007ffe97ec0000 - 0x00007ffe97f8b000 	C:\Windows\SYSTEM32\DNSAPI.dll
0x00007ffe97e80000 - 0x00007ffe97ebb000 	C:\Windows\SYSTEM32\IPHLPAPI.DLL
0x00007ffe997a0000 - 0x00007ffe997a8000 	C:\Windows\System32\NSI.dll
0x00007ffe91410000 - 0x00007ffe9141a000 	C:\Windows\System32\rasadhlp.dll
0x00007ffe86e90000 - 0x00007ffe86f10000 	C:\Windows\System32\fwpuclnt.dll
0x00007ffe90bf0000 - 0x00007ffe90c00000 	C:\Users\Azzaya\.p2\pool\plugins\org.eclipse.justj.openjdk.hotspot.jre.full.win32.x86_64_17.0.2.v20220201-1208\jre\bin\verify.dll

dbghelp: loaded successfully - version: 4.0.5 - missing functions: none
symbol engine: initialized successfully - sym options: 0x614 - pdb path: .;C:\Users\Azzaya\.p2\pool\plugins\org.eclipse.justj.openjdk.hotspot.jre.full.win32.x86_64_17.0.2.v20220201-1208\jre\bin;C:\Windows\SYSTEM32;C:\Windows\WinSxS\amd64_microsoft.windows.common-controls_6595b64144ccf1df_6.0.19041.1110_none_60b5254171f9507e;C:\Users\Azzaya\.p2\pool\plugins\org.eclipse.justj.openjdk.hotspot.jre.full.win32.x86_64_17.0.2.v20220201-1208\jre\bin\server;C:\Windows\System32\DriverStore\FileRepository\nvacegpu.inf_amd64_29c11dbe2f3cfa4e;C:\Windows\System32\DriverStore\FileRepository\u0357176.inf_amd64_828ff99cacd4aa89\B356563

VM Arguments:
jvm_args: -Dfile.encoding=Cp1252 --module-path=C:\Users\Azzaya\Pictures\Screenshots\HotelLuton\libs\mysql-connector-java-8.0.28.jar;C:\Users\Azzaya\Pictures\Screenshots\HotelLuton\libs\jdatepicker-1.3.4.jar;C:\Users\Azzaya\Pictures\Screenshots\HotelLuton\libs\jcalendar-1.4.jar -XX:+ShowCodeDetailsInExceptionMessages 
java_command: ui.LOGIN_DASH
java_class_path (initial): C:\Users\Azzaya\Pictures\Screenshots\HotelLuton\bin
Launcher Type: SUN_STANDARD

[Global flags]
     intx CICompilerCount                          = 4                                         {product} {ergonomic}
     uint ConcGCThreads                            = 3                                         {product} {ergonomic}
     uint G1ConcRefinementThreads                  = 10                                        {product} {ergonomic}
   size_t G1HeapRegionSize                         = 1048576                                   {product} {ergonomic}
    uintx GCDrainStackTargetSize                   = 64                                        {product} {ergonomic}
   size_t InitialHeapSize                          = 123731968                                 {product} {ergonomic}
   size_t MarkStackSize                            = 4194304                                   {product} {ergonomic}
   size_t MaxHeapSize                              = 1979711488                                {product} {ergonomic}
   size_t MaxNewSize                               = 1186988032                                {product} {ergonomic}
   size_t MinHeapDeltaBytes                        = 1048576                                   {product} {ergonomic}
   size_t MinHeapSize                              = 8388608                                   {product} {ergonomic}
    uintx NonNMethodCodeHeapSize                   = 5839372                                {pd product} {ergonomic}
    uintx NonProfiledCodeHeapSize                  = 122909434                              {pd product} {ergonomic}
    uintx ProfiledCodeHeapSize                     = 122909434                              {pd product} {ergonomic}
    uintx ReservedCodeCacheSize                    = 251658240                              {pd product} {ergonomic}
     bool SegmentedCodeCache                       = true                                      {product} {ergonomic}
     bool ShowCodeDetailsInExceptionMessages       = true                                   {manageable} {command line}
   size_t SoftMaxHeapSize                          = 1979711488                             {manageable} {ergonomic}
     bool UseCompressedClassPointers               = true                           {product lp64_product} {ergonomic}
     bool UseCompressedOops                        = true                           {product lp64_product} {ergonomic}
     bool UseG1GC                                  = true                                      {product} {ergonomic}
     bool UseLargePagesIndividualAllocation        = false                                  {pd product} {ergonomic}

Logging:
Log output configuration:
 #0: stdout all=warning uptime,level,tags
 #1: stderr all=off uptime,level,tags

Environment Variables:
PATH=C:/Users/Azzaya/.p2/pool/plugins/org.eclipse.justj.openjdk.hotspot.jre.full.win32.x86_64_17.0.2.v20220201-1208/jre/bin/server;C:/Users/Azzaya/.p2/pool/plugins/org.eclipse.justj.openjdk.hotspot.jre.full.win32.x86_64_17.0.2.v20220201-1208/jre/bin;C:\Program Files (x86)\Common Files\Oracle\Java\javapath;C:\ProgramData\Oracle\Java\javapath;C:\Windows\system32;C:\Windows;C:\Windows\System32\Wbem;C:\Windows\System32\WindowsPowerShell\v1.0\;C:\Windows\System32\OpenSSH\;C:\Program Files (x86)\NVIDIA Corporation\PhysX\Common;C:\Program Files\NVIDIA Corporation\NVIDIA NvDLISR;C:\Users\Azzaya\AppData\Local\Microsoft\WindowsApps;;C:\Windows\System32;
USERNAME=Azzaya
OS=Windows_NT
PROCESSOR_IDENTIFIER=AMD64 Family 23 Model 96 Stepping 1, AuthenticAMD



---------------  S Y S T E M  ---------------

OS:
 Windows 10 , 64 bit Build 19041 (10.0.19041.1706)
OS uptime: 9 days 17:46 hours

CPU: total 12 (initial active 12) (12 cores per cpu, 2 threads per core) family 23 model 96 stepping 1 microcode 0x0, cx8, cmov, fxsr, ht, mmx, 3dnowpref, sse, sse2, sse3, ssse3, sse4a, sse4.1, sse4.2, popcnt, lzcnt, tsc, tscinvbit, avx, avx2, aes, clmul, bmi1, bmi2, adx, sha, fma, vzeroupper, clflush, clflushopt

Memory: 4k page, system-wide physical 7549M (772M free)
TotalPageFile size 31101M (AvailPageFile size 46M)
current process WorkingSet (physical memory assigned to process): 413M, peak: 413M
current process commit charge ("private bytes"): 582M, peak: 658M

vm_info: OpenJDK 64-Bit Server VM (17.0.2+8) for windows-amd64 JRE (17.0.2+8), built on Jan 20 2022 04:52:34 by "" with MS VC++ 16.7 (VS2019)

END.
