#
# There is insufficient memory for the Java Runtime Environment to continue.
# Native memory allocation (malloc) failed to allocate 247472 bytes for Chunk::new
# Possible reasons:
#   The system is out of physical RAM or swap space
#   The process is running with CompressedOops enabled, and the Java Heap may be blocking the growth of the native heap
# Possible solutions:
#   Reduce memory load on the system
#   Increase physical memory or swap space
#   Check if swap backing store is full
#   Decrease Java heap size (-Xmx/-Xms)
#   Decrease number of Java threads
#   Decrease Java thread stack sizes (-Xss)
#   Set larger code cache with -XX:ReservedCodeCacheSize=
#   JVM is running with Unscaled Compressed Oops mode in which the Java heap is
#     placed in the first 4GB address space. The Java Heap base address is the
#     maximum limit for the native heap growth. Please use -XX:HeapBaseMinAddress
#     to set the Java Heap base and to place the Java Heap above 4GB virtual address.
# This output file may be truncated or incomplete.
#
#  Out of Memory Error (arena.cpp:189), pid=20540, tid=11208
#
# JRE version: OpenJDK Runtime Environment Temurin-17.0.2+8 (17.0.2+8) (build 17.0.2+8)
# Java VM: OpenJDK 64-Bit Server VM Temurin-17.0.2+8 (17.0.2+8, mixed mode, tiered, compressed oops, compressed class ptrs, g1 gc, windows-amd64)
# No core dump will be written. Minidumps are not enabled by default on client versions of Windows
#

---------------  S U M M A R Y ------------

Command Line: -Dfile.encoding=Cp1252 --module-path=C:\Users\Azzaya\Pictures\Screenshots\HotelLuton\libs\mysql-connector-java-8.0.28.jar;C:\Users\Azzaya\Pictures\Screenshots\HotelLuton\libs\jdatepicker-1.3.4.jar;C:\Users\Azzaya\Pictures\Screenshots\HotelLuton\libs\jcalendar-1.4.jar -XX:+ShowCodeDetailsInExceptionMessages Receptionist.CheckIn

Host: AMD Ryzen 5 4600H with Radeon Graphics         , 12 cores, 7G,  Windows 10 , 64 bit Build 19041 (10.0.19041.1706)
Time: Mon May 23 21:48:14 2022 Syria Daylight Time elapsed time: 0.796407 seconds (0d 0h 0m 0s)

---------------  T H R E A D  ---------------

Current thread (0x00000288cbfc2030):  JavaThread "C2 CompilerThread0" daemon [_thread_in_native, id=11208, stack(0x000000c3c2000000,0x000000c3c2100000)]


Current CompileTask:
C2:    796  566       4       java.util.HashMap::resize (356 bytes)

Stack: [0x000000c3c2000000,0x000000c3c2100000]
Native frames: (J=compiled Java code, j=interpreted, Vv=VM code, C=native code)
V  [jvm.dll+0x67564a]
V  [jvm.dll+0x82fc04]
V  [jvm.dll+0x8313ae]
V  [jvm.dll+0x831a13]
V  [jvm.dll+0x245235]
V  [jvm.dll+0xabd7b]
V  [jvm.dll+0xac30c]
V  [jvm.dll+0x3631f7]
V  [jvm.dll+0x32d891]
V  [jvm.dll+0x32cd3a]
V  [jvm.dll+0x2180d1]
V  [jvm.dll+0x2174f1]
V  [jvm.dll+0x1a3a8d]
V  [jvm.dll+0x226ef8]
V  [jvm.dll+0x22503c]
V  [jvm.dll+0x7e596b]
V  [jvm.dll+0x7dff2a]
V  [jvm.dll+0x6744d5]
C  [ucrtbase.dll+0x21bb2]
C  [KERNEL32.DLL+0x17034]
C  [ntdll.dll+0x52651]


---------------  P R O C E S S  ---------------

Threads class SMR info:
_java_thread_list=0x00000288ccc8b310, length=15, elements={
0x00000288b005e930, 0x00000288cbf53cc0, 0x00000288cbf55bc0, 0x00000288cbfbb000,
0x00000288cbfbb8c0, 0x00000288cbfbc180, 0x00000288cbfbde50, 0x00000288cbfc2030,
0x00000288cbfc4a30, 0x00000288cc91a500, 0x00000288cc9e27d0, 0x00000288ccbefc40,
0x00000288cd932ee0, 0x00000288cd939730, 0x00000288cd935e70
}

Java Threads: ( => current thread )
  0x00000288b005e930 JavaThread "main" [_thread_in_vm, id=24016, stack(0x000000c3c1300000,0x000000c3c1400000)]
  0x00000288cbf53cc0 JavaThread "Reference Handler" daemon [_thread_blocked, id=23476, stack(0x000000c3c1a00000,0x000000c3c1b00000)]
  0x00000288cbf55bc0 JavaThread "Finalizer" daemon [_thread_blocked, id=30500, stack(0x000000c3c1b00000,0x000000c3c1c00000)]
  0x00000288cbfbb000 JavaThread "Signal Dispatcher" daemon [_thread_blocked, id=25856, stack(0x000000c3c1c00000,0x000000c3c1d00000)]
  0x00000288cbfbb8c0 JavaThread "Attach Listener" daemon [_thread_blocked, id=22980, stack(0x000000c3c1d00000,0x000000c3c1e00000)]
  0x00000288cbfbc180 JavaThread "Service Thread" daemon [_thread_blocked, id=30748, stack(0x000000c3c1e00000,0x000000c3c1f00000)]
  0x00000288cbfbde50 JavaThread "Monitor Deflation Thread" daemon [_thread_blocked, id=31188, stack(0x000000c3c1f00000,0x000000c3c2000000)]
=>0x00000288cbfc2030 JavaThread "C2 CompilerThread0" daemon [_thread_in_native, id=11208, stack(0x000000c3c2000000,0x000000c3c2100000)]
  0x00000288cbfc4a30 JavaThread "C1 CompilerThread0" daemon [_thread_in_native, id=3152, stack(0x000000c3c2100000,0x000000c3c2200000)]
  0x00000288cc91a500 JavaThread "Sweeper thread" daemon [_thread_blocked, id=18736, stack(0x000000c3c2200000,0x000000c3c2300000)]
  0x00000288cc9e27d0 JavaThread "Common-Cleaner" daemon [_thread_blocked, id=24312, stack(0x000000c3c2300000,0x000000c3c2400000)]
  0x00000288ccbefc40 JavaThread "Notification Thread" daemon [_thread_blocked, id=10756, stack(0x000000c3c2400000,0x000000c3c2500000)]
  0x00000288cd932ee0 JavaThread "Java2D Disposer" daemon [_thread_blocked, id=27500, stack(0x000000c3c2600000,0x000000c3c2700000)]
  0x00000288cd939730 JavaThread "AWT-Shutdown" [_thread_blocked, id=28656, stack(0x000000c3c2700000,0x000000c3c2800000)]
  0x00000288cd935e70 JavaThread "AWT-Windows" daemon [_thread_in_native, id=15304, stack(0x000000c3c2800000,0x000000c3c2900000)]

Other Threads:
  0x00000288cbf719f0 VMThread "VM Thread" [stack: 0x000000c3c1900000,0x000000c3c1a00000] [id=18640]
  0x00000288ccbf0110 WatcherThread [stack: 0x000000c3c2500000,0x000000c3c2600000] [id=7904]
  0x00000288b2148b90 GCTaskThread "GC Thread#0" [stack: 0x000000c3c1400000,0x000000c3c1500000] [id=21512]
  0x00000288b2158e70 ConcurrentGCThread "G1 Main Marker" [stack: 0x000000c3c1500000,0x000000c3c1600000] [id=23860]
  0x00000288b215a890 ConcurrentGCThread "G1 Conc#0" [stack: 0x000000c3c1600000,0x000000c3c1700000] [id=9160]
  0x00000288b21df5e0 ConcurrentGCThread "G1 Refine#0" [stack: 0x000000c3c1700000,0x000000c3c1800000] [id=18412]
  0x00000288b21e0000 ConcurrentGCThread "G1 Service" [stack: 0x000000c3c1800000,0x000000c3c1900000] [id=11896]

Threads with active compile tasks:
C2 CompilerThread0      847  566       4       java.util.HashMap::resize (356 bytes)

VM state: not at safepoint (normal execution)

VM Mutex/Monitor currently owned by a thread: None

Heap address: 0x000000008a000000, size: 1888 MB, Compressed Oops mode: 32-bit

CDS archive(s) not mapped
Compressed class space mapped at: 0x0000000100000000-0x0000000140000000, reserved size: 1073741824
Narrow klass base: 0x0000000000000000, Narrow klass shift: 3, Narrow klass range: 0x140000000

GC Precious Log:
 CPUs: 12 total, 12 available
 Memory: 7549M
 Large Page Support: Disabled
 NUMA Support: Disabled
 Compressed Oops: Enabled (32-bit)
 Heap Region Size: 1M
 Heap Min Capacity: 8M
 Heap Initial Capacity: 118M
 Heap Max Capacity: 1888M
 Pre-touch: Disabled
 Parallel Workers: 10
 Concurrent Workers: 3
 Concurrent Refinement Workers: 10
 Periodic GC: Disabled

Heap:
 garbage-first heap   total 120832K, used 6144K [0x000000008a000000, 0x0000000100000000)
  region size 1024K, 7 young (7168K), 0 survivors (0K)
 Metaspace       used 11429K, committed 11584K, reserved 1064960K
  class space    used 1120K, committed 1216K, reserved 1048576K

Heap Regions: E=young(eden), S=young(survivor), O=old, HS=humongous(starts), HC=humongous(continues), CS=collection set, F=free, OA=open archive, CA=closed archive, TAMS=top-at-mark-start (previous, next)
|   0|0x000000008a000000, 0x000000008a000000, 0x000000008a100000|  0%| F|  |TAMS 0x000000008a000000, 0x000000008a000000| Untracked 
|   1|0x000000008a100000, 0x000000008a100000, 0x000000008a200000|  0%| F|  |TAMS 0x000000008a100000, 0x000000008a100000| Untracked 
|   2|0x000000008a200000, 0x000000008a200000, 0x000000008a300000|  0%| F|  |TAMS 0x000000008a200000, 0x000000008a200000| Untracked 
|   3|0x000000008a300000, 0x000000008a300000, 0x000000008a400000|  0%| F|  |TAMS 0x000000008a300000, 0x000000008a300000| Untracked 
|   4|0x000000008a400000, 0x000000008a400000, 0x000000008a500000|  0%| F|  |TAMS 0x000000008a400000, 0x000000008a400000| Untracked 
|   5|0x000000008a500000, 0x000000008a500000, 0x000000008a600000|  0%| F|  |TAMS 0x000000008a500000, 0x000000008a500000| Untracked 
|   6|0x000000008a600000, 0x000000008a600000, 0x000000008a700000|  0%| F|  |TAMS 0x000000008a600000, 0x000000008a600000| Untracked 
|   7|0x000000008a700000, 0x000000008a700000, 0x000000008a800000|  0%| F|  |TAMS 0x000000008a700000, 0x000000008a700000| Untracked 
|   8|0x000000008a800000, 0x000000008a800000, 0x000000008a900000|  0%| F|  |TAMS 0x000000008a800000, 0x000000008a800000| Untracked 
|   9|0x000000008a900000, 0x000000008a900000, 0x000000008aa00000|  0%| F|  |TAMS 0x000000008a900000, 0x000000008a900000| Untracked 
|  10|0x000000008aa00000, 0x000000008aa00000, 0x000000008ab00000|  0%| F|  |TAMS 0x000000008aa00000, 0x000000008aa00000| Untracked 
|  11|0x000000008ab00000, 0x000000008ab00000, 0x000000008ac00000|  0%| F|  |TAMS 0x000000008ab00000, 0x000000008ab00000| Untracked 
|  12|0x000000008ac00000, 0x000000008ac00000, 0x000000008ad00000|  0%| F|  |TAMS 0x000000008ac00000, 0x000000008ac00000| Untracked 
|  13|0x000000008ad00000, 0x000000008ad00000, 0x000000008ae00000|  0%| F|  |TAMS 0x000000008ad00000, 0x000000008ad00000| Untracked 
|  14|0x000000008ae00000, 0x000000008ae00000, 0x000000008af00000|  0%| F|  |TAMS 0x000000008ae00000, 0x000000008ae00000| Untracked 
|  15|0x000000008af00000, 0x000000008af00000, 0x000000008b000000|  0%| F|  |TAMS 0x000000008af00000, 0x000000008af00000| Untracked 
|  16|0x000000008b000000, 0x000000008b000000, 0x000000008b100000|  0%| F|  |TAMS 0x000000008b000000, 0x000000008b000000| Untracked 
|  17|0x000000008b100000, 0x000000008b100000, 0x000000008b200000|  0%| F|  |TAMS 0x000000008b100000, 0x000000008b100000| Untracked 
|  18|0x000000008b200000, 0x000000008b200000, 0x000000008b300000|  0%| F|  |TAMS 0x000000008b200000, 0x000000008b200000| Untracked 
|  19|0x000000008b300000, 0x000000008b300000, 0x000000008b400000|  0%| F|  |TAMS 0x000000008b300000, 0x000000008b300000| Untracked 
|  20|0x000000008b400000, 0x000000008b400000, 0x000000008b500000|  0%| F|  |TAMS 0x000000008b400000, 0x000000008b400000| Untracked 
|  21|0x000000008b500000, 0x000000008b500000, 0x000000008b600000|  0%| F|  |TAMS 0x000000008b500000, 0x000000008b500000| Untracked 
|  22|0x000000008b600000, 0x000000008b600000, 0x000000008b700000|  0%| F|  |TAMS 0x000000008b600000, 0x000000008b600000| Untracked 
|  23|0x000000008b700000, 0x000000008b700000, 0x000000008b800000|  0%| F|  |TAMS 0x000000008b700000, 0x000000008b700000| Untracked 
|  24|0x000000008b800000, 0x000000008b800000, 0x000000008b900000|  0%| F|  |TAMS 0x000000008b800000, 0x000000008b800000| Untracked 
|  25|0x000000008b900000, 0x000000008b900000, 0x000000008ba00000|  0%| F|  |TAMS 0x000000008b900000, 0x000000008b900000| Untracked 
|  26|0x000000008ba00000, 0x000000008ba00000, 0x000000008bb00000|  0%| F|  |TAMS 0x000000008ba00000, 0x000000008ba00000| Untracked 
|  27|0x000000008bb00000, 0x000000008bb00000, 0x000000008bc00000|  0%| F|  |TAMS 0x000000008bb00000, 0x000000008bb00000| Untracked 
|  28|0x000000008bc00000, 0x000000008bc00000, 0x000000008bd00000|  0%| F|  |TAMS 0x000000008bc00000, 0x000000008bc00000| Untracked 
|  29|0x000000008bd00000, 0x000000008bd00000, 0x000000008be00000|  0%| F|  |TAMS 0x000000008bd00000, 0x000000008bd00000| Untracked 
|  30|0x000000008be00000, 0x000000008be00000, 0x000000008bf00000|  0%| F|  |TAMS 0x000000008be00000, 0x000000008be00000| Untracked 
|  31|0x000000008bf00000, 0x000000008bf00000, 0x000000008c000000|  0%| F|  |TAMS 0x000000008bf00000, 0x000000008bf00000| Untracked 
|  32|0x000000008c000000, 0x000000008c000000, 0x000000008c100000|  0%| F|  |TAMS 0x000000008c000000, 0x000000008c000000| Untracked 
|  33|0x000000008c100000, 0x000000008c100000, 0x000000008c200000|  0%| F|  |TAMS 0x000000008c100000, 0x000000008c100000| Untracked 
|  34|0x000000008c200000, 0x000000008c200000, 0x000000008c300000|  0%| F|  |TAMS 0x000000008c200000, 0x000000008c200000| Untracked 
|  35|0x000000008c300000, 0x000000008c300000, 0x000000008c400000|  0%| F|  |TAMS 0x000000008c300000, 0x000000008c300000| Untracked 
|  36|0x000000008c400000, 0x000000008c400000, 0x000000008c500000|  0%| F|  |TAMS 0x000000008c400000, 0x000000008c400000| Untracked 
|  37|0x000000008c500000, 0x000000008c500000, 0x000000008c600000|  0%| F|  |TAMS 0x000000008c500000, 0x000000008c500000| Untracked 
|  38|0x000000008c600000, 0x000000008c600000, 0x000000008c700000|  0%| F|  |TAMS 0x000000008c600000, 0x000000008c600000| Untracked 
|  39|0x000000008c700000, 0x000000008c700000, 0x000000008c800000|  0%| F|  |TAMS 0x000000008c700000, 0x000000008c700000| Untracked 
|  40|0x000000008c800000, 0x000000008c800000, 0x000000008c900000|  0%| F|  |TAMS 0x000000008c800000, 0x000000008c800000| Untracked 
|  41|0x000000008c900000, 0x000000008c900000, 0x000000008ca00000|  0%| F|  |TAMS 0x000000008c900000, 0x000000008c900000| Untracked 
|  42|0x000000008ca00000, 0x000000008ca00000, 0x000000008cb00000|  0%| F|  |TAMS 0x000000008ca00000, 0x000000008ca00000| Untracked 
|  43|0x000000008cb00000, 0x000000008cb00000, 0x000000008cc00000|  0%| F|  |TAMS 0x000000008cb00000, 0x000000008cb00000| Untracked 
|  44|0x000000008cc00000, 0x000000008cc00000, 0x000000008cd00000|  0%| F|  |TAMS 0x000000008cc00000, 0x000000008cc00000| Untracked 
|  45|0x000000008cd00000, 0x000000008cd00000, 0x000000008ce00000|  0%| F|  |TAMS 0x000000008cd00000, 0x000000008cd00000| Untracked 
|  46|0x000000008ce00000, 0x000000008ce00000, 0x000000008cf00000|  0%| F|  |TAMS 0x000000008ce00000, 0x000000008ce00000| Untracked 
|  47|0x000000008cf00000, 0x000000008cf00000, 0x000000008d000000|  0%| F|  |TAMS 0x000000008cf00000, 0x000000008cf00000| Untracked 
|  48|0x000000008d000000, 0x000000008d000000, 0x000000008d100000|  0%| F|  |TAMS 0x000000008d000000, 0x000000008d000000| Untracked 
|  49|0x000000008d100000, 0x000000008d100000, 0x000000008d200000|  0%| F|  |TAMS 0x000000008d100000, 0x000000008d100000| Untracked 
|  50|0x000000008d200000, 0x000000008d200000, 0x000000008d300000|  0%| F|  |TAMS 0x000000008d200000, 0x000000008d200000| Untracked 
|  51|0x000000008d300000, 0x000000008d300000, 0x000000008d400000|  0%| F|  |TAMS 0x000000008d300000, 0x000000008d300000| Untracked 
|  52|0x000000008d400000, 0x000000008d400000, 0x000000008d500000|  0%| F|  |TAMS 0x000000008d400000, 0x000000008d400000| Untracked 
|  53|0x000000008d500000, 0x000000008d500000, 0x000000008d600000|  0%| F|  |TAMS 0x000000008d500000, 0x000000008d500000| Untracked 
|  54|0x000000008d600000, 0x000000008d600000, 0x000000008d700000|  0%| F|  |TAMS 0x000000008d600000, 0x000000008d600000| Untracked 
|  55|0x000000008d700000, 0x000000008d700000, 0x000000008d800000|  0%| F|  |TAMS 0x000000008d700000, 0x000000008d700000| Untracked 
|  56|0x000000008d800000, 0x000000008d800000, 0x000000008d900000|  0%| F|  |TAMS 0x000000008d800000, 0x000000008d800000| Untracked 
|  57|0x000000008d900000, 0x000000008d900000, 0x000000008da00000|  0%| F|  |TAMS 0x000000008d900000, 0x000000008d900000| Untracked 
|  58|0x000000008da00000, 0x000000008da00000, 0x000000008db00000|  0%| F|  |TAMS 0x000000008da00000, 0x000000008da00000| Untracked 
|  59|0x000000008db00000, 0x000000008db00000, 0x000000008dc00000|  0%| F|  |TAMS 0x000000008db00000, 0x000000008db00000| Untracked 
|  60|0x000000008dc00000, 0x000000008dc00000, 0x000000008dd00000|  0%| F|  |TAMS 0x000000008dc00000, 0x000000008dc00000| Untracked 
|  61|0x000000008dd00000, 0x000000008dd00000, 0x000000008de00000|  0%| F|  |TAMS 0x000000008dd00000, 0x000000008dd00000| Untracked 
|  62|0x000000008de00000, 0x000000008de00000, 0x000000008df00000|  0%| F|  |TAMS 0x000000008de00000, 0x000000008de00000| Untracked 
|  63|0x000000008df00000, 0x000000008df00000, 0x000000008e000000|  0%| F|  |TAMS 0x000000008df00000, 0x000000008df00000| Untracked 
|  64|0x000000008e000000, 0x000000008e000000, 0x000000008e100000|  0%| F|  |TAMS 0x000000008e000000, 0x000000008e000000| Untracked 
|  65|0x000000008e100000, 0x000000008e100000, 0x000000008e200000|  0%| F|  |TAMS 0x000000008e100000, 0x000000008e100000| Untracked 
|  66|0x000000008e200000, 0x000000008e200000, 0x000000008e300000|  0%| F|  |TAMS 0x000000008e200000, 0x000000008e200000| Untracked 
|  67|0x000000008e300000, 0x000000008e300000, 0x000000008e400000|  0%| F|  |TAMS 0x000000008e300000, 0x000000008e300000| Untracked 
|  68|0x000000008e400000, 0x000000008e400000, 0x000000008e500000|  0%| F|  |TAMS 0x000000008e400000, 0x000000008e400000| Untracked 
|  69|0x000000008e500000, 0x000000008e500000, 0x000000008e600000|  0%| F|  |TAMS 0x000000008e500000, 0x000000008e500000| Untracked 
|  70|0x000000008e600000, 0x000000008e600000, 0x000000008e700000|  0%| F|  |TAMS 0x000000008e600000, 0x000000008e600000| Untracked 
|  71|0x000000008e700000, 0x000000008e700000, 0x000000008e800000|  0%| F|  |TAMS 0x000000008e700000, 0x000000008e700000| Untracked 
|  72|0x000000008e800000, 0x000000008e800000, 0x000000008e900000|  0%| F|  |TAMS 0x000000008e800000, 0x000000008e800000| Untracked 
|  73|0x000000008e900000, 0x000000008e900000, 0x000000008ea00000|  0%| F|  |TAMS 0x000000008e900000, 0x000000008e900000| Untracked 
|  74|0x000000008ea00000, 0x000000008ea00000, 0x000000008eb00000|  0%| F|  |TAMS 0x000000008ea00000, 0x000000008ea00000| Untracked 
|  75|0x000000008eb00000, 0x000000008eb00000, 0x000000008ec00000|  0%| F|  |TAMS 0x000000008eb00000, 0x000000008eb00000| Untracked 
|  76|0x000000008ec00000, 0x000000008ec00000, 0x000000008ed00000|  0%| F|  |TAMS 0x000000008ec00000, 0x000000008ec00000| Untracked 
|  77|0x000000008ed00000, 0x000000008ed00000, 0x000000008ee00000|  0%| F|  |TAMS 0x000000008ed00000, 0x000000008ed00000| Untracked 
|  78|0x000000008ee00000, 0x000000008ee00000, 0x000000008ef00000|  0%| F|  |TAMS 0x000000008ee00000, 0x000000008ee00000| Untracked 
|  79|0x000000008ef00000, 0x000000008ef00000, 0x000000008f000000|  0%| F|  |TAMS 0x000000008ef00000, 0x000000008ef00000| Untracked 
|  80|0x000000008f000000, 0x000000008f000000, 0x000000008f100000|  0%| F|  |TAMS 0x000000008f000000, 0x000000008f000000| Untracked 
|  81|0x000000008f100000, 0x000000008f100000, 0x000000008f200000|  0%| F|  |TAMS 0x000000008f100000, 0x000000008f100000| Untracked 
|  82|0x000000008f200000, 0x000000008f200000, 0x000000008f300000|  0%| F|  |TAMS 0x000000008f200000, 0x000000008f200000| Untracked 
|  83|0x000000008f300000, 0x000000008f300000, 0x000000008f400000|  0%| F|  |TAMS 0x000000008f300000, 0x000000008f300000| Untracked 
|  84|0x000000008f400000, 0x000000008f400000, 0x000000008f500000|  0%| F|  |TAMS 0x000000008f400000, 0x000000008f400000| Untracked 
|  85|0x000000008f500000, 0x000000008f500000, 0x000000008f600000|  0%| F|  |TAMS 0x000000008f500000, 0x000000008f500000| Untracked 
|  86|0x000000008f600000, 0x000000008f600000, 0x000000008f700000|  0%| F|  |TAMS 0x000000008f600000, 0x000000008f600000| Untracked 
|  87|0x000000008f700000, 0x000000008f700000, 0x000000008f800000|  0%| F|  |TAMS 0x000000008f700000, 0x000000008f700000| Untracked 
|  88|0x000000008f800000, 0x000000008f800000, 0x000000008f900000|  0%| F|  |TAMS 0x000000008f800000, 0x000000008f800000| Untracked 
|  89|0x000000008f900000, 0x000000008f900000, 0x000000008fa00000|  0%| F|  |TAMS 0x000000008f900000, 0x000000008f900000| Untracked 
|  90|0x000000008fa00000, 0x000000008fa00000, 0x000000008fb00000|  0%| F|  |TAMS 0x000000008fa00000, 0x000000008fa00000| Untracked 
|  91|0x000000008fb00000, 0x000000008fb00000, 0x000000008fc00000|  0%| F|  |TAMS 0x000000008fb00000, 0x000000008fb00000| Untracked 
|  92|0x000000008fc00000, 0x000000008fc00000, 0x000000008fd00000|  0%| F|  |TAMS 0x000000008fc00000, 0x000000008fc00000| Untracked 
|  93|0x000000008fd00000, 0x000000008fd00000, 0x000000008fe00000|  0%| F|  |TAMS 0x000000008fd00000, 0x000000008fd00000| Untracked 
|  94|0x000000008fe00000, 0x000000008fe00000, 0x000000008ff00000|  0%| F|  |TAMS 0x000000008fe00000, 0x000000008fe00000| Untracked 
|  95|0x000000008ff00000, 0x000000008ff00000, 0x0000000090000000|  0%| F|  |TAMS 0x000000008ff00000, 0x000000008ff00000| Untracked 
|  96|0x0000000090000000, 0x0000000090000000, 0x0000000090100000|  0%| F|  |TAMS 0x0000000090000000, 0x0000000090000000| Untracked 
|  97|0x0000000090100000, 0x0000000090100000, 0x0000000090200000|  0%| F|  |TAMS 0x0000000090100000, 0x0000000090100000| Untracked 
|  98|0x0000000090200000, 0x0000000090200000, 0x0000000090300000|  0%| F|  |TAMS 0x0000000090200000, 0x0000000090200000| Untracked 
|  99|0x0000000090300000, 0x0000000090300000, 0x0000000090400000|  0%| F|  |TAMS 0x0000000090300000, 0x0000000090300000| Untracked 
| 100|0x0000000090400000, 0x0000000090400000, 0x0000000090500000|  0%| F|  |TAMS 0x0000000090400000, 0x0000000090400000| Untracked 
| 101|0x0000000090500000, 0x0000000090500000, 0x0000000090600000|  0%| F|  |TAMS 0x0000000090500000, 0x0000000090500000| Untracked 
| 102|0x0000000090600000, 0x0000000090600000, 0x0000000090700000|  0%| F|  |TAMS 0x0000000090600000, 0x0000000090600000| Untracked 
| 103|0x0000000090700000, 0x0000000090700000, 0x0000000090800000|  0%| F|  |TAMS 0x0000000090700000, 0x0000000090700000| Untracked 
| 104|0x0000000090800000, 0x0000000090800000, 0x0000000090900000|  0%| F|  |TAMS 0x0000000090800000, 0x0000000090800000| Untracked 
| 105|0x0000000090900000, 0x0000000090900000, 0x0000000090a00000|  0%| F|  |TAMS 0x0000000090900000, 0x0000000090900000| Untracked 
| 106|0x0000000090a00000, 0x0000000090a00000, 0x0000000090b00000|  0%| F|  |TAMS 0x0000000090a00000, 0x0000000090a00000| Untracked 
| 107|0x0000000090b00000, 0x0000000090b00000, 0x0000000090c00000|  0%| F|  |TAMS 0x0000000090b00000, 0x0000000090b00000| Untracked 
| 108|0x0000000090c00000, 0x0000000090c00000, 0x0000000090d00000|  0%| F|  |TAMS 0x0000000090c00000, 0x0000000090c00000| Untracked 
| 109|0x0000000090d00000, 0x0000000090d00000, 0x0000000090e00000|  0%| F|  |TAMS 0x0000000090d00000, 0x0000000090d00000| Untracked 
| 110|0x0000000090e00000, 0x0000000090e00000, 0x0000000090f00000|  0%| F|  |TAMS 0x0000000090e00000, 0x0000000090e00000| Untracked 
| 111|0x0000000090f00000, 0x0000000090f76638, 0x0000000091000000| 46%| E|  |TAMS 0x0000000090f00000, 0x0000000090f00000| Complete 
| 112|0x0000000091000000, 0x0000000091100000, 0x0000000091100000|100%| E|CS|TAMS 0x0000000091000000, 0x0000000091000000| Complete 
| 113|0x0000000091100000, 0x0000000091200000, 0x0000000091200000|100%| E|CS|TAMS 0x0000000091100000, 0x0000000091100000| Complete 
| 114|0x0000000091200000, 0x0000000091300000, 0x0000000091300000|100%| E|CS|TAMS 0x0000000091200000, 0x0000000091200000| Complete 
| 115|0x0000000091300000, 0x0000000091400000, 0x0000000091400000|100%| E|CS|TAMS 0x0000000091300000, 0x0000000091300000| Complete 
| 116|0x0000000091400000, 0x0000000091500000, 0x0000000091500000|100%| E|CS|TAMS 0x0000000091400000, 0x0000000091400000| Complete 
| 117|0x0000000091500000, 0x0000000091600000, 0x0000000091600000|100%| E|CS|TAMS 0x0000000091500000, 0x0000000091500000| Complete 

Card table byte_map: [0x00000288c50d0000,0x00000288c5480000] _byte_map_base: 0x00000288c4c80000

Marking Bits (Prev, Next): (CMBitMap*) 0x00000288b21491a0, (CMBitMap*) 0x00000288b21491e0
 Prev Bits: [0x00000288c5830000, 0x00000288c75b0000)
 Next Bits: [0x00000288c75b0000, 0x00000288c9330000)

Polling page: 0x00000288b0090000

Metaspace:

Usage:
  Non-class:     10.20 MB used.
      Class:      1.13 MB used.
       Both:     11.32 MB used.

Virtual space:
  Non-class space:       16.00 MB reserved,      10.25 MB ( 64%) committed,  2 nodes.
      Class space:        1.00 GB reserved,       1.25 MB ( <1%) committed,  1 nodes.
             Both:        1.02 GB reserved,      11.50 MB (  1%) committed. 

Chunk freelists:
   Non-Class:  1.00 MB
       Class:  2.74 MB
        Both:  3.75 MB

MaxMetaspaceSize: unlimited
CompressedClassSpaceSize: 1.00 GB
Initial GC threshold: 21.00 MB
Current GC threshold: 21.00 MB
CDS: off
MetaspaceReclaimPolicy: balanced
 - commit_granule_bytes: 65536.
 - commit_granule_words: 8192.
 - virtual_space_node_default_size: 1048576.
 - enlarge_chunks_in_place: 1.
 - new_chunks_are_fully_committed: 0.
 - uncommit_free_chunks: 1.
 - use_allocation_guard: 0.
 - handle_deallocations: 1.


Internal statistics:

num_allocs_failed_limit: 0.
num_arena_births: 94.
num_arena_deaths: 0.
num_vsnodes_births: 3.
num_vsnodes_deaths: 0.
num_space_committed: 184.
num_space_uncommitted: 0.
num_chunks_returned_to_freelist: 0.
num_chunks_taken_from_freelist: 150.
num_chunk_merges: 0.
num_chunk_splits: 77.
num_chunks_enlarged: 26.
num_purges: 0.
num_inconsistent_stats: 0.

CodeHeap 'non-profiled nmethods': size=120000Kb used=190Kb max_used=190Kb free=119809Kb
 bounds [0x00000288bd2a0000, 0x00000288bd510000, 0x00000288c47d0000]
CodeHeap 'profiled nmethods': size=120000Kb used=963Kb max_used=963Kb free=119036Kb
 bounds [0x00000288b5d70000, 0x00000288b5fe0000, 0x00000288bd2a0000]
CodeHeap 'non-nmethods': size=5760Kb used=1186Kb max_used=1189Kb free=4573Kb
 bounds [0x00000288b57d0000, 0x00000288b5a40000, 0x00000288b5d70000]
 total_blobs=1152 nmethods=664 adapters=401
 compilation: enabled
              stopped_count=0, restarted_count=0
 full_count=0

Compilation events (20 events):
Event: 0.784 Thread 0x00000288cbfc4a30  564       3       java.lang.StringLatin1::compareTo (14 bytes)
Event: 0.784 Thread 0x00000288cbfc4a30 nmethod 564 0x00000288b5e35790 code [0x00000288b5e35940, 0x00000288b5e35a68]
Event: 0.785 Thread 0x00000288cbfc2030  566       4       java.util.HashMap::resize (356 bytes)
Event: 0.785 Thread 0x00000288cbfc4a30  565       1       java.util.concurrent.atomic.AtomicInteger::get (5 bytes)
Event: 0.785 Thread 0x00000288cbfc4a30 nmethod 565 0x00000288bd2ca210 code [0x00000288bd2ca3a0, 0x00000288bd2ca478]
Event: 0.785 Thread 0x00000288cbfc4a30  567       3       java.util.IdentityHashMap$IdentityHashMapIterator::hasNext (50 bytes)
Event: 0.785 Thread 0x00000288cbfc4a30 nmethod 567 0x00000288b5e35b90 code [0x00000288b5e35d40, 0x00000288b5e35f98]
Event: 0.785 Thread 0x00000288cbfc4a30  568       3       java.lang.Integer::numberOfLeadingZeros (79 bytes)
Event: 0.785 Thread 0x00000288cbfc4a30 nmethod 568 0x00000288b5e36090 code [0x00000288b5e36240, 0x00000288b5e36518]
Event: 0.785 Thread 0x00000288cbfc4a30  569       3       java.lang.Float::isNaN (12 bytes)
Event: 0.786 Thread 0x00000288cbfc4a30 nmethod 569 0x00000288b5e36590 code [0x00000288b5e36720, 0x00000288b5e36898]
Event: 0.788 Thread 0x00000288cbfc4a30  570       1       java.util.ArrayList::size (5 bytes)
Event: 0.788 Thread 0x00000288cbfc4a30 nmethod 570 0x00000288bd2ca510 code [0x00000288bd2ca6a0, 0x00000288bd2ca778]
Event: 0.789 Thread 0x00000288cbfc4a30  571       3       sun.awt.AppContext::getAppContext (51 bytes)
Event: 0.789 Thread 0x00000288cbfc4a30 nmethod 571 0x00000288b5e36910 code [0x00000288b5e36b40, 0x00000288b5e37268]
Event: 0.793 Thread 0x00000288cbfc4a30  572       3       java.lang.invoke.MethodHandles$Lookup::<init> (84 bytes)
Event: 0.793 Thread 0x00000288cbfc4a30 nmethod 572 0x00000288b5e37490 code [0x00000288b5e37640, 0x00000288b5e37878]
Event: 0.794 Thread 0x00000288cbfc4a30  573       3       java.lang.invoke.MethodHandleNatives::refKindIsField (32 bytes)
Event: 0.794 Thread 0x00000288cbfc4a30 nmethod 573 0x00000288b5e37910 code [0x00000288b5e37aa0, 0x00000288b5e37bf8]
Event: 0.794 Thread 0x00000288cbfc4a30  574       3       java.lang.invoke.MemberName::getType (19 bytes)

GC Heap History (0 events):
No events

Deoptimization events (8 events):
Event: 0.309 Thread 0x00000288b005e930 Uncommon trap: trap_request=0xffffff45 fr.pc=0x00000288bd2af944 relative=0x0000000000000424
Event: 0.309 Thread 0x00000288b005e930 Uncommon trap: reason=unstable_if action=reinterpret pc=0x00000288bd2af944 method=java.lang.StringLatin1.replace([BCC)Ljava/lang/String; @ 19 c2
Event: 0.309 Thread 0x00000288b005e930 DEOPT PACKING pc=0x00000288bd2af944 sp=0x000000c3c13fe220
Event: 0.309 Thread 0x00000288b005e930 DEOPT UNPACKING pc=0x00000288b58223a3 sp=0x000000c3c13fe190 mode 2
Event: 0.333 Thread 0x00000288b005e930 Uncommon trap: trap_request=0xffffff45 fr.pc=0x00000288bd2a97f4 relative=0x0000000000000074
Event: 0.333 Thread 0x00000288b005e930 Uncommon trap: reason=unstable_if action=reinterpret pc=0x00000288bd2a97f4 method=java.lang.String.isLatin1()Z @ 10 c2
Event: 0.333 Thread 0x00000288b005e930 DEOPT PACKING pc=0x00000288bd2a97f4 sp=0x000000c3c13fec80
Event: 0.333 Thread 0x00000288b005e930 DEOPT UNPACKING pc=0x00000288b58223a3 sp=0x000000c3c13febc0 mode 2

Classes unloaded (0 events):
No events

Classes redefined (0 events):
No events

Internal exceptions (9 events):
Event: 0.302 Thread 0x00000288b005e930 Exception <a 'java/lang/NoSuchMethodError'{0x0000000091367a48}: 'void java.lang.invoke.DirectMethodHandle$Holder.invokeSpecial(java.lang.Object, java.lang.Object, java.lang.Object)'> (0x0000000091367a48) 
thrown [e:\jenkins\tmp\workspace\build\src\src\hotspot\share\interpreter\linkResolver.cpp, line 766]
Event: 0.312 Thread 0x00000288b005e930 Exception <a 'java/lang/NoSuchMethodError'{0x00000000913a7598}: 'void java.lang.invoke.DirectMethodHandle$Holder.invokeSpecial(java.lang.Object, java.lang.Object, java.lang.Object, java.lang.Object, java.lang.Object)'> (0x00000000913a7598) 
thrown [e:\jenkins\tmp\workspace\build\src\src\hotspot\share\interpreter\linkResolver.cpp, line 766]
Event: 0.316 Thread 0x00000288b005e930 Exception <a 'java/lang/NoSuchMethodError'{0x00000000913b7e88}: 'java.lang.Object java.lang.invoke.DirectMethodHandle$Holder.invokeInterface(java.lang.Object, java.lang.Object)'> (0x00000000913b7e88) 
thrown [e:\jenkins\tmp\workspace\build\src\src\hotspot\share\interpreter\linkResolver.cpp, line 766]
Event: 0.316 Thread 0x00000288b005e930 Exception <a 'java/lang/IncompatibleClassChangeError'{0x00000000913bb3d8}: Found class java.lang.Object, but interface was expected> (0x00000000913bb3d8) 
thrown [e:\jenkins\tmp\workspace\build\src\src\hotspot\share\interpreter\linkResolver.cpp, line 833]
Event: 0.317 Thread 0x00000288b005e930 Exception <a 'java/lang/NoSuchMethodError'{0x00000000913be1a0}: 'void java.lang.invoke.DirectMethodHandle$Holder.invokeStatic(java.lang.Object, java.lang.Object, java.lang.Object, java.lang.Object)'> (0x00000000913be1a0) 
thrown [e:\jenkins\tmp\workspace\build\src\src\hotspot\share\interpreter\linkResolver.cpp, line 766]
Event: 0.376 Thread 0x00000288b005e930 Exception <a 'java/lang/ClassNotFoundException'{0x00000000912a39b8}: sun/awt/resources/spi/awtProvider> (0x00000000912a39b8) 
thrown [e:\jenkins\tmp\workspace\build\src\src\hotspot\share\classfile\systemDictionary.cpp, line 256]
Event: 0.403 Thread 0x00000288b005e930 Exception <a 'java/io/FileNotFoundException'{0x000000009110af80}> (0x000000009110af80) 
thrown [e:\jenkins\tmp\workspace\build\src\src\hotspot\share\prims\jni.cpp, line 516]
Event: 0.413 Thread 0x00000288b005e930 Exception <a 'java/io/FileNotFoundException'{0x0000000091137ed0}> (0x0000000091137ed0) 
thrown [e:\jenkins\tmp\workspace\build\src\src\hotspot\share\prims\jni.cpp, line 516]
Event: 0.479 Thread 0x00000288b005e930 Exception <a 'java/lang/NoSuchMethodError'{0x0000000091181c00}: 'java.lang.Object java.lang.invoke.DirectMethodHandle$Holder.invokeStaticInit(java.lang.Object)'> (0x0000000091181c00) 
thrown [e:\jenkins\tmp\workspace\build\src\src\hotspot\share\interpreter\linkResolver.cpp, line 766]

VM Operations (4 events):
Event: 0.259 Executing VM operation: HandshakeAllThreads
Event: 0.259 Executing VM operation: HandshakeAllThreads done
Event: 0.314 Executing VM operation: HandshakeAllThreads
Event: 0.314 Executing VM operation: HandshakeAllThreads done

Events (20 events):
Event: 0.791 loading class sun/swing/DefaultLookup
Event: 0.791 loading class sun/swing/DefaultLookup done
Event: 0.791 loading class javax/swing/plaf/metal/OceanTheme
Event: 0.791 loading class javax/swing/plaf/metal/DefaultMetalTheme
Event: 0.792 loading class javax/swing/plaf/metal/MetalTheme
Event: 0.792 loading class javax/swing/plaf/metal/MetalTheme done
Event: 0.792 loading class javax/swing/plaf/metal/DefaultMetalTheme done
Event: 0.792 loading class javax/swing/plaf/metal/OceanTheme done
Event: 0.792 loading class javax/swing/plaf/ColorUIResource
Event: 0.792 loading class javax/swing/plaf/UIResource
Event: 0.792 loading class javax/swing/plaf/UIResource done
Event: 0.792 loading class javax/swing/plaf/ColorUIResource done
Event: 0.792 loading class sun/swing/PrintColorUIResource
Event: 0.792 loading class sun/swing/PrintColorUIResource done
Event: 0.792 loading class javax/swing/plaf/metal/DefaultMetalTheme$FontDelegate
Event: 0.792 loading class javax/swing/plaf/metal/DefaultMetalTheme$FontDelegate done
Event: 0.792 loading class javax/swing/plaf/FontUIResource
Event: 0.792 loading class javax/swing/plaf/FontUIResource done
Event: 0.793 loading class javax/swing/UIDefaults$LazyValue
Event: 0.793 loading class javax/swing/UIDefaults$LazyValue done


Dynamic libraries:
0x00007ff696f40000 - 0x00007ff696f4e000 	C:\Users\Azzaya\.p2\pool\plugins\org.eclipse.justj.openjdk.hotspot.jre.full.win32.x86_64_17.0.2.v20220201-1208\jre\bin\javaw.exe
0x00007ffe9b390000 - 0x00007ffe9b585000 	C:\Windows\SYSTEM32\ntdll.dll
0x00007ffe9aa60000 - 0x00007ffe9ab1d000 	C:\Windows\System32\KERNEL32.DLL
0x00007ffe99110000 - 0x00007ffe993dd000 	C:\Windows\System32\KERNELBASE.dll
0x00007ffe98b30000 - 0x00007ffe98c30000 	C:\Windows\System32\ucrtbase.dll
0x00007ffe8c080000 - 0x00007ffe8c098000 	C:\Users\Azzaya\.p2\pool\plugins\org.eclipse.justj.openjdk.hotspot.jre.full.win32.x86_64_17.0.2.v20220201-1208\jre\bin\jli.dll
0x00007ffe8bf80000 - 0x00007ffe8bf99000 	C:\Users\Azzaya\.p2\pool\plugins\org.eclipse.justj.openjdk.hotspot.jre.full.win32.x86_64_17.0.2.v20220201-1208\jre\bin\VCRUNTIME140.dll
0x00007ffe9b1b0000 - 0x00007ffe9b350000 	C:\Windows\System32\USER32.dll
0x00007ffe98d20000 - 0x00007ffe98d42000 	C:\Windows\System32\win32u.dll
0x00007ffe88ef0000 - 0x00007ffe8918a000 	C:\Windows\WinSxS\amd64_microsoft.windows.common-controls_6595b64144ccf1df_6.0.19041.1110_none_60b5254171f9507e\COMCTL32.dll
0x00007ffe9a8a0000 - 0x00007ffe9a8ca000 	C:\Windows\System32\GDI32.dll
0x00007ffe9ab20000 - 0x00007ffe9abbe000 	C:\Windows\System32\msvcrt.dll
0x00007ffe98f50000 - 0x00007ffe9905b000 	C:\Windows\System32\gdi32full.dll
0x00007ffe98c80000 - 0x00007ffe98d1d000 	C:\Windows\System32\msvcp_win.dll
0x00007ffe9a760000 - 0x00007ffe9a790000 	C:\Windows\System32\IMM32.DLL
0x00007ffe91f40000 - 0x00007ffe91f4c000 	C:\Users\Azzaya\.p2\pool\plugins\org.eclipse.justj.openjdk.hotspot.jre.full.win32.x86_64_17.0.2.v20220201-1208\jre\bin\vcruntime140_1.dll
0x00007ffe48fb0000 - 0x00007ffe49041000 	C:\Users\Azzaya\.p2\pool\plugins\org.eclipse.justj.openjdk.hotspot.jre.full.win32.x86_64_17.0.2.v20220201-1208\jre\bin\msvcp140.dll
0x00007ffe33b20000 - 0x00007ffe34767000 	C:\Users\Azzaya\.p2\pool\plugins\org.eclipse.justj.openjdk.hotspot.jre.full.win32.x86_64_17.0.2.v20220201-1208\jre\bin\server\jvm.dll
0x00007ffe9a790000 - 0x00007ffe9a83e000 	C:\Windows\System32\ADVAPI32.dll
0x00007ffe9ace0000 - 0x00007ffe9ad7c000 	C:\Windows\System32\sechost.dll
0x00007ffe9a930000 - 0x00007ffe9aa55000 	C:\Windows\System32\RPCRT4.dll
0x00007ffe9a750000 - 0x00007ffe9a758000 	C:\Windows\System32\PSAPI.DLL
0x00007ffe93210000 - 0x00007ffe93219000 	C:\Windows\SYSTEM32\WSOCK32.dll
0x00007ffe913d0000 - 0x00007ffe913da000 	C:\Windows\SYSTEM32\VERSION.dll
0x00007ffe8e8d0000 - 0x00007ffe8e8f7000 	C:\Windows\SYSTEM32\WINMM.dll
0x00007ffe9ad80000 - 0x00007ffe9adeb000 	C:\Windows\System32\WS2_32.dll
0x00007ffe969a0000 - 0x00007ffe969b2000 	C:\Windows\SYSTEM32\kernel.appcore.dll
0x00007ffe92810000 - 0x00007ffe9281a000 	C:\Users\Azzaya\.p2\pool\plugins\org.eclipse.justj.openjdk.hotspot.jre.full.win32.x86_64_17.0.2.v20220201-1208\jre\bin\jimage.dll
0x00007ffe83a20000 - 0x00007ffe83c04000 	C:\Windows\SYSTEM32\DBGHELP.DLL
0x00007ffe82b50000 - 0x00007ffe82b7c000 	C:\Windows\SYSTEM32\dbgcore.DLL
0x00007ffe98aa0000 - 0x00007ffe98b22000 	C:\Windows\System32\bcryptPrimitives.dll
0x00007ffe91fa0000 - 0x00007ffe91fc5000 	C:\Users\Azzaya\.p2\pool\plugins\org.eclipse.justj.openjdk.hotspot.jre.full.win32.x86_64_17.0.2.v20220201-1208\jre\bin\java.dll
0x00007ffe927f0000 - 0x00007ffe92808000 	C:\Users\Azzaya\.p2\pool\plugins\org.eclipse.justj.openjdk.hotspot.jre.full.win32.x86_64_17.0.2.v20220201-1208\jre\bin\zip.dll
0x00007ffe99ed0000 - 0x00007ffe9a614000 	C:\Windows\System32\SHELL32.dll
0x00007ffe96ba0000 - 0x00007ffe97334000 	C:\Windows\SYSTEM32\windows.storage.dll
0x00007ffe9ae50000 - 0x00007ffe9b1a4000 	C:\Windows\System32\combase.dll
0x00007ffe98490000 - 0x00007ffe984bc000 	C:\Windows\SYSTEM32\Wldp.dll
0x00007ffe9a620000 - 0x00007ffe9a6cd000 	C:\Windows\System32\SHCORE.dll
0x00007ffe9a8d0000 - 0x00007ffe9a925000 	C:\Windows\System32\shlwapi.dll
0x00007ffe989e0000 - 0x00007ffe989ff000 	C:\Windows\SYSTEM32\profapi.dll
0x00007ffe91f80000 - 0x00007ffe91f99000 	C:\Users\Azzaya\.p2\pool\plugins\org.eclipse.justj.openjdk.hotspot.jre.full.win32.x86_64_17.0.2.v20220201-1208\jre\bin\net.dll
0x00007ffe8bdb0000 - 0x00007ffe8beba000 	C:\Windows\SYSTEM32\WINHTTP.dll
0x00007ffe981f0000 - 0x00007ffe9825a000 	C:\Windows\system32\mswsock.dll
0x00007ffe91f60000 - 0x00007ffe91f75000 	C:\Users\Azzaya\.p2\pool\plugins\org.eclipse.justj.openjdk.hotspot.jre.full.win32.x86_64_17.0.2.v20220201-1208\jre\bin\nio.dll
0x00007ffe31690000 - 0x00007ffe3181e000 	C:\Users\Azzaya\.p2\pool\plugins\org.eclipse.justj.openjdk.hotspot.jre.full.win32.x86_64_17.0.2.v20220201-1208\jre\bin\awt.dll
0x00007ffe995c0000 - 0x00007ffe9968d000 	C:\Windows\System32\OLEAUT32.dll
0x00007ffe962e0000 - 0x00007ffe96370000 	C:\Windows\SYSTEM32\apphelp.dll
0x00007ffe966b0000 - 0x00007ffe966df000 	C:\Windows\system32\DWMAPI.DLL
0x00007ffe964c0000 - 0x00007ffe9655e000 	C:\Windows\system32\uxtheme.dll
0x00007ffe54c40000 - 0x00007ffe54d66000 	C:\Windows\system32\opengl32.dll
0x00007ffe72f90000 - 0x00007ffe72fbc000 	C:\Windows\SYSTEM32\GLU32.dll
0x00007ffe9abc0000 - 0x00007ffe9acd5000 	C:\Windows\System32\MSCTF.dll
0x00007ffe993e0000 - 0x00007ffe9950a000 	C:\Windows\System32\ole32.dll
0x00007ffe8c7b0000 - 0x00007ffe8c97f000 	C:\Windows\system32\d3d9.dll
0x00007ffe98df0000 - 0x00007ffe98f46000 	C:\Windows\System32\crypt32.dll
0x00007ffe905b0000 - 0x00007ffe905e1000 	C:\Windows\SYSTEM32\cryptnet.dll
0x00007ffe98400000 - 0x00007ffe9840c000 	C:\Windows\SYSTEM32\cryptbase.dll
0x00007ffe98d50000 - 0x00007ffe98db8000 	C:\Windows\System32\WINTRUST.DLL
0x00007ffe98690000 - 0x00007ffe986a2000 	C:\Windows\SYSTEM32\MSASN1.dll
0x00007ffe99780000 - 0x00007ffe9979d000 	C:\Windows\System32\imagehlp.dll
0x00007ffe983e0000 - 0x00007ffe983f8000 	C:\Windows\SYSTEM32\CRYPTSP.dll
0x00007ffe97b10000 - 0x00007ffe97b44000 	C:\Windows\system32\rsaenh.dll
0x00007ffe98dc0000 - 0x00007ffe98de7000 	C:\Windows\System32\bcrypt.dll
0x00007ffe76110000 - 0x00007ffe76212000 	C:\Windows\System32\DriverStore\FileRepository\nvacegpu.inf_amd64_29c11dbe2f3cfa4e\nvldumdx.dll
0x00007ffe44390000 - 0x00007ffe45b32000 	C:\Windows\System32\DriverStore\FileRepository\nvacegpu.inf_amd64_29c11dbe2f3cfa4e\nvd3dumx.dll
0x00007ffe98550000 - 0x00007ffe9859b000 	C:\Windows\SYSTEM32\powrprof.dll
0x00007ffe98530000 - 0x00007ffe98542000 	C:\Windows\SYSTEM32\UMPDC.dll
0x00007ffe72240000 - 0x00007ffe724f7000 	C:\Windows\system32\nvspcap64.dll
0x00007ffe977a0000 - 0x00007ffe977d3000 	C:\Windows\SYSTEM32\ntmarta.dll
0x00007ffe97350000 - 0x00007ffe97373000 	C:\Windows\SYSTEM32\gpapi.dll
0x00007ffe8ecd0000 - 0x00007ffe8ed0b000 	C:\Windows\SYSTEM32\dxcore.dll
0x00007ffe98c30000 - 0x00007ffe98c7e000 	C:\Windows\System32\cfgmgr32.dll
0x00007ffe8e990000 - 0x00007ffe8eb6b000 	C:\Windows\System32\DriverStore\FileRepository\u0357176.inf_amd64_828ff99cacd4aa89\B356563\aticfx64.dll
0x00007ffe61d20000 - 0x00007ffe61d53000 	C:\Windows\System32\DriverStore\FileRepository\u0357176.inf_amd64_828ff99cacd4aa89\B356563\atiu9p64.dll
0x00007ffe13470000 - 0x00007ffe14106000 	C:\Windows\System32\DriverStore\FileRepository\u0357176.inf_amd64_828ff99cacd4aa89\B356563\atiumd64.dll
0x000000005e920000 - 0x000000005f79d000 	C:\Windows\System32\DriverStore\FileRepository\u0357176.inf_amd64_828ff99cacd4aa89\B356563\atiumd6a.dll
0x00007ffe8ce20000 - 0x00007ffe8ce4f000 	C:\Windows\SYSTEM32\amdihk64.dll

dbghelp: loaded successfully - version: 4.0.5 - missing functions: none
symbol engine: initialized successfully - sym options: 0x614 - pdb path: .;C:\Users\Azzaya\.p2\pool\plugins\org.eclipse.justj.openjdk.hotspot.jre.full.win32.x86_64_17.0.2.v20220201-1208\jre\bin;C:\Windows\SYSTEM32;C:\Windows\WinSxS\amd64_microsoft.windows.common-controls_6595b64144ccf1df_6.0.19041.1110_none_60b5254171f9507e;C:\Users\Azzaya\.p2\pool\plugins\org.eclipse.justj.openjdk.hotspot.jre.full.win32.x86_64_17.0.2.v20220201-1208\jre\bin\server;C:\Windows\System32\DriverStore\FileRepository\nvacegpu.inf_amd64_29c11dbe2f3cfa4e;C:\Windows\System32\DriverStore\FileRepository\u0357176.inf_amd64_828ff99cacd4aa89\B356563

VM Arguments:
jvm_args: -Dfile.encoding=Cp1252 --module-path=C:\Users\Azzaya\Pictures\Screenshots\HotelLuton\libs\mysql-connector-java-8.0.28.jar;C:\Users\Azzaya\Pictures\Screenshots\HotelLuton\libs\jdatepicker-1.3.4.jar;C:\Users\Azzaya\Pictures\Screenshots\HotelLuton\libs\jcalendar-1.4.jar -XX:+ShowCodeDetailsInExceptionMessages 
java_command: Receptionist.CheckIn
java_class_path (initial): C:\Users\Azzaya\Pictures\Screenshots\HotelLuton\bin
Launcher Type: SUN_STANDARD

[Global flags]
     intx CICompilerCount                          = 4                                         {product} {ergonomic}
     uint ConcGCThreads                            = 3                                         {product} {ergonomic}
     uint G1ConcRefinementThreads                  = 10                                        {product} {ergonomic}
   size_t G1HeapRegionSize                         = 1048576                                   {product} {ergonomic}
    uintx GCDrainStackTargetSize                   = 64                                        {product} {ergonomic}
   size_t InitialHeapSize                          = 123731968                                 {product} {ergonomic}
   size_t MarkStackSize                            = 4194304                                   {product} {ergonomic}
   size_t MaxHeapSize                              = 1979711488                                {product} {ergonomic}
   size_t MaxNewSize                               = 1186988032                                {product} {ergonomic}
   size_t MinHeapDeltaBytes                        = 1048576                                   {product} {ergonomic}
   size_t MinHeapSize                              = 8388608                                   {product} {ergonomic}
    uintx NonNMethodCodeHeapSize                   = 5839372                                {pd product} {ergonomic}
    uintx NonProfiledCodeHeapSize                  = 122909434                              {pd product} {ergonomic}
    uintx ProfiledCodeHeapSize                     = 122909434                              {pd product} {ergonomic}
    uintx ReservedCodeCacheSize                    = 251658240                              {pd product} {ergonomic}
     bool SegmentedCodeCache                       = true                                      {product} {ergonomic}
     bool ShowCodeDetailsInExceptionMessages       = true                                   {manageable} {command line}
   size_t SoftMaxHeapSize                          = 1979711488                             {manageable} {ergonomic}
     bool UseCompressedClassPointers               = true                           {product lp64_product} {ergonomic}
     bool UseCompressedOops                        = true                           {product lp64_product} {ergonomic}
     bool UseG1GC                                  = true                                      {product} {ergonomic}
     bool UseLargePagesIndividualAllocation        = false                                  {pd product} {ergonomic}

Logging:
Log output configuration:
 #0: stdout all=warning uptime,level,tags
 #1: stderr all=off uptime,level,tags

Environment Variables:
PATH=C:/Users/Azzaya/.p2/pool/plugins/org.eclipse.justj.openjdk.hotspot.jre.full.win32.x86_64_17.0.2.v20220201-1208/jre/bin/server;C:/Users/Azzaya/.p2/pool/plugins/org.eclipse.justj.openjdk.hotspot.jre.full.win32.x86_64_17.0.2.v20220201-1208/jre/bin;C:\Program Files (x86)\Common Files\Oracle\Java\javapath;C:\ProgramData\Oracle\Java\javapath;C:\Windows\system32;C:\Windows;C:\Windows\System32\Wbem;C:\Windows\System32\WindowsPowerShell\v1.0\;C:\Windows\System32\OpenSSH\;C:\Program Files (x86)\NVIDIA Corporation\PhysX\Common;C:\Program Files\NVIDIA Corporation\NVIDIA NvDLISR;C:\Users\Azzaya\AppData\Local\Microsoft\WindowsApps;;C:\Windows\System32;
USERNAME=Azzaya
OS=Windows_NT
PROCESSOR_IDENTIFIER=AMD64 Family 23 Model 96 Stepping 1, AuthenticAMD



---------------  S Y S T E M  ---------------

OS:
 Windows 10 , 64 bit Build 19041 (10.0.19041.1706)
OS uptime: 7 days 5:35 hours

CPU: total 12 (initial active 12) (12 cores per cpu, 2 threads per core) family 23 model 96 stepping 1 microcode 0x0, cx8, cmov, fxsr, ht, mmx, 3dnowpref, sse, sse2, sse3, ssse3, sse4a, sse4.1, sse4.2, popcnt, lzcnt, tsc, tscinvbit, avx, avx2, aes, clmul, bmi1, bmi2, adx, sha, fma, vzeroupper, clflush, clflushopt

Memory: 4k page, system-wide physical 7549M (313M free)
TotalPageFile size 31101M (AvailPageFile size 4M)
current process WorkingSet (physical memory assigned to process): 74M, peak: 74M
current process commit charge ("private bytes"): 233M, peak: 233M

vm_info: OpenJDK 64-Bit Server VM (17.0.2+8) for windows-amd64 JRE (17.0.2+8), built on Jan 20 2022 04:52:34 by "" with MS VC++ 16.7 (VS2019)

END.
